{
  "stats": {
    "suites": 4,
    "tests": 90,
    "passes": 39,
    "pending": 0,
    "failures": 51,
    "testsRegistered": 90,
    "passPercent": 43.333333333333336,
    "pendingPercent": 0,
    "other": 0,
    "hasOther": false,
    "skipped": 0,
    "hasSkipped": false,
    "start": "2025-06-13T12:49:07.487Z",
    "end": "2025-06-13T13:05:00.849Z",
    "duration": 953362
  },
  "results": [
    {
      "uuid": "d02a2c27-7646-4742-ae22-d67d5c69a83c",
      "title": "",
      "fullFile": "cypress/e2e/loginPage.cy.js",
      "file": "cypress/e2e/loginPage.cy.js",
      "beforeHooks": [],
      "afterHooks": [],
      "tests": [],
      "suites": [
        {
          "uuid": "1096c56b-7861-4846-827b-a6c781343abd",
          "title": "Login Page",
          "fullFile": "",
          "file": "",
          "beforeHooks": [],
          "afterHooks": [],
          "tests": [
            {
              "title": "01.Başarılı bir şekilde login yapmak",
              "fullTitle": "Login Page 01.Başarılı bir şekilde login yapmak",
              "timedOut": null,
              "duration": 5331,
              "state": "passed",
              "speed": "medium",
              "pass": true,
              "fail": false,
              "pending": false,
              "context": null,
              "code": "_Methods.default.visit();\nCypress.on('uncaught:exception', (err, runnable) => {\n  return false;\n});\n_Methods.default.clickButton(_loginLocators.default.loginUsername);\n_Methods.default.fillInput(_loginLocators.default.loginUsername, 'musavir.trch@outlook.com');\n_Methods.default.fillInput(_loginLocators.default.loginPassword, 'test123');\n_Methods.default.clickButton(_loginLocators.default.loginButton);\n_Methods.default.checkTextIsVisible('Müşavir Test', true);",
              "err": {},
              "uuid": "6f9c9ab5-752b-4d85-adea-fdfd832a8ade",
              "parentUUID": "1096c56b-7861-4846-827b-a6c781343abd",
              "isHook": false,
              "skipped": false
            },
            {
              "title": "02.Yanlış password ile sisteme giriş yapmak",
              "fullTitle": "Login Page 02.Yanlış password ile sisteme giriş yapmak",
              "timedOut": null,
              "duration": 2798,
              "state": "passed",
              "speed": "fast",
              "pass": true,
              "fail": false,
              "pending": false,
              "context": null,
              "code": "_Methods.default.visit();\nCypress.on('uncaught:exception', (err, runnable) => {\n  return false;\n});\n_Methods.default.clickButton(_loginLocators.default.loginUsername);\n_Methods.default.fillInput(_loginLocators.default.loginUsername, 'musavir.bir@testmusavir.com');\n_Methods.default.fillInput(_loginLocators.default.loginPassword, 'L');\n_Methods.default.clickButton(_loginLocators.default.loginButton);\n_Methods.default.checkTextIsVisible('Geçersiz e-posta veya şifre.', true);",
              "err": {},
              "uuid": "a1c9d912-db1d-48dd-9656-b7ff35d822e1",
              "parentUUID": "1096c56b-7861-4846-827b-a6c781343abd",
              "isHook": false,
              "skipped": false
            },
            {
              "title": "03.Null kullanıcı adı ve şifre ile giriş yapmak",
              "fullTitle": "Login Page 03.Null kullanıcı adı ve şifre ile giriş yapmak",
              "timedOut": null,
              "duration": 1306,
              "state": "passed",
              "speed": "fast",
              "pass": true,
              "fail": false,
              "pending": false,
              "context": null,
              "code": "_Methods.default.visit();\nCypress.on('uncaught:exception', (err, runnable) => {\n  return false;\n});\n_Methods.default.clickButton(_loginLocators.default.loginButton);\n_Methods.default.checkTextIsVisible('Geçersiz e-posta veya şifre.', true);",
              "err": {},
              "uuid": "0ac3a93b-6f86-4fa9-b195-b344467f4efd",
              "parentUUID": "1096c56b-7861-4846-827b-a6c781343abd",
              "isHook": false,
              "skipped": false
            },
            {
              "title": "04.Yanlış username ile giriş yapmak",
              "fullTitle": "Login Page 04.Yanlış username ile giriş yapmak",
              "timedOut": null,
              "duration": 2886,
              "state": "passed",
              "speed": "fast",
              "pass": true,
              "fail": false,
              "pending": false,
              "context": null,
              "code": "_Methods.default.visit();\nCypress.on('uncaught:exception', (err, runnable) => {\n  return false;\n});\n_Methods.default.clickButton(_loginLocators.default.loginUsername);\n_Methods.default.fillInput(_loginLocators.default.loginUsername, 'test@outlook.com');\n_Methods.default.fillInput(_loginLocators.default.loginPassword, '123');\n_Methods.default.clickButton(_loginLocators.default.loginButton);\n_Methods.default.checkTextIsVisible('Geçersiz e-posta veya şifre.', true);",
              "err": {},
              "uuid": "84e4100c-23f3-4260-886e-6d292afef6f7",
              "parentUUID": "1096c56b-7861-4846-827b-a6c781343abd",
              "isHook": false,
              "skipped": false
            },
            {
              "title": "05.\"Parolanızı mı unuttunuz?\" textinin başarılı şekilde çalışması",
              "fullTitle": "Login Page 05.\"Parolanızı mı unuttunuz?\" textinin başarılı şekilde çalışması",
              "timedOut": null,
              "duration": 3359,
              "state": "passed",
              "speed": "fast",
              "pass": true,
              "fail": false,
              "pending": false,
              "context": null,
              "code": "_Methods.default.visit();\nCypress.on('uncaught:exception', (err, runnable) => {\n  return false;\n});\n_Methods.default.clickButton(_loginLocators.default.forgotPassword);\n_Methods.default.checkTextIsVisible('E-posta adresinizi girin ve yeni bir şifre oluşturmaya ilişkin talimatları size göndereceğiz.', true);",
              "err": {},
              "uuid": "3de18146-2d19-4276-88a0-0fab2244a6f9",
              "parentUUID": "1096c56b-7861-4846-827b-a6c781343abd",
              "isHook": false,
              "skipped": false
            },
            {
              "title": "06.Şifre kurtarma linkinin boş gönderilmesi",
              "fullTitle": "Login Page 06.Şifre kurtarma linkinin boş gönderilmesi",
              "timedOut": null,
              "duration": 3520,
              "state": "passed",
              "speed": "fast",
              "pass": true,
              "fail": false,
              "pending": false,
              "context": null,
              "code": "_Methods.default.visit();\nCypress.on('uncaught:exception', (err, runnable) => {\n  return false;\n});\n_Methods.default.clickButton(_loginLocators.default.forgotPassword);\n_Methods.default.clickButton(_loginLocators.default.sendRecoveryLink);\n_Methods.default.checkTextIsVisible('E-posta boş olamaz.', true);",
              "err": {},
              "uuid": "90b401d3-4969-4375-a86f-bf76d71ee5b9",
              "parentUUID": "1096c56b-7861-4846-827b-a6c781343abd",
              "isHook": false,
              "skipped": false
            },
            {
              "title": "07.Şifre kurtarma linkinin gönderilmesi",
              "fullTitle": "Login Page 07.Şifre kurtarma linkinin gönderilmesi",
              "timedOut": null,
              "duration": 7025,
              "state": "passed",
              "speed": "medium",
              "pass": true,
              "fail": false,
              "pending": false,
              "context": null,
              "code": "_Methods.default.visit();\nCypress.on('uncaught:exception', (err, runnable) => {\n  return false;\n});\n_Methods.default.clickButton(_loginLocators.default.forgotPassword);\n_Methods.default.clickButton(_loginLocators.default.loginUsername);\n_Methods.default.fillInput(_loginLocators.default.loginUsername, 'musavir.trch@outlook.com');\n_Methods.default.clickButton(_loginLocators.default.sendRecoveryLink);\n_Methods.default.wait(500);\n_Methods.default.checkTextIsVisible('Daha fazla talimatla kısa sürede bir e-posta almalısınız.', true);",
              "err": {},
              "uuid": "2a2bd3a7-d04e-48f3-b8bc-d478431ea46d",
              "parentUUID": "1096c56b-7861-4846-827b-a6c781343abd",
              "isHook": false,
              "skipped": false
            }
          ],
          "suites": [],
          "passes": [
            "6f9c9ab5-752b-4d85-adea-fdfd832a8ade",
            "a1c9d912-db1d-48dd-9656-b7ff35d822e1",
            "0ac3a93b-6f86-4fa9-b195-b344467f4efd",
            "84e4100c-23f3-4260-886e-6d292afef6f7",
            "3de18146-2d19-4276-88a0-0fab2244a6f9",
            "90b401d3-4969-4375-a86f-bf76d71ee5b9",
            "2a2bd3a7-d04e-48f3-b8bc-d478431ea46d"
          ],
          "failures": [],
          "pending": [],
          "skipped": [],
          "duration": 26225,
          "root": false,
          "rootEmpty": false,
          "_timeout": 2000
        }
      ],
      "passes": [],
      "failures": [],
      "pending": [],
      "skipped": [],
      "duration": 0,
      "root": true,
      "rootEmpty": true,
      "_timeout": 2000
    },
    {
      "uuid": "95a27834-19be-449a-b301-4bab9e8d61fd",
      "title": "",
      "fullFile": "cypress/e2e/createManuelUploadItem.cy.js",
      "file": "cypress/e2e/createManuelUploadItem.cy.js",
      "beforeHooks": [],
      "afterHooks": [],
      "tests": [],
      "suites": [
        {
          "uuid": "50cc7d98-caff-4950-b086-264d65c5d4a6",
          "title": "Create Manuel Upload Item",
          "fullFile": "",
          "file": "",
          "beforeHooks": [],
          "afterHooks": [],
          "tests": [
            {
              "title": "01.Manuel Eşya Yükleme Sayfasını Açmak",
              "fullTitle": "Create Manuel Upload Item 01.Manuel Eşya Yükleme Sayfasını Açmak",
              "timedOut": null,
              "duration": 5998,
              "state": "passed",
              "speed": "medium",
              "pass": true,
              "fail": false,
              "pending": false,
              "context": null,
              "code": "_Methods.default.visit();\nCypress.on('uncaught:exception', (err, runnable) => {\n  return false;\n});\n_Methods.default.clickButton(_loginLocators.default.loginUsername);\n_Methods.default.fillInput(_loginLocators.default.loginUsername, 'musavir.trch@outlook.com');\n_Methods.default.fillInput(_loginLocators.default.loginPassword, 'test123');\n_Methods.default.clickButton(_loginLocators.default.loginButton);\n_Methods.default.clickButton(_loginLocators.default.globalButton);\n_Methods.default.clickButton(_loginLocators.default.turkishLanguageButton);\n_Methods.default.clickButton(_createManuelUploadItemLocators.default.uploadItemButtonDashboard);\n_Methods.default.clickButton(_createManuelUploadItemLocators.default.pleaseSelectCompany);\n_Methods.default.clickButton(_createManuelUploadItemLocators.default.musteriTrchSelected);\n_Methods.default.clickButton(_createManuelUploadItemLocators.default.uploadItemSelectFirmModalNextButton);\n_Methods.default.clickButton(_createManuelUploadItemLocators.default.manuelUploadItemButtonServicesModal);\n_Methods.default.clickButton(_createManuelUploadItemLocators.default.createButtonServicesModal);\n_Methods.default.checkTextIsVisible('Eşya Kodu', true);\n_Methods.default.checkTextIsVisible('İş Bölümü', true);\n_Methods.default.checkTextIsVisible('Eşya Tanımı - TR', true);",
              "err": {},
              "uuid": "bf3dc70f-800c-494a-b3c0-076a110581e3",
              "parentUUID": "50cc7d98-caff-4950-b086-264d65c5d4a6",
              "isHook": false,
              "skipped": false
            },
            {
              "title": "02.Manuel Eşya Yükleme Sayfasında Kolonların Düzgün Gelmesi",
              "fullTitle": "Create Manuel Upload Item 02.Manuel Eşya Yükleme Sayfasında Kolonların Düzgün Gelmesi",
              "timedOut": null,
              "duration": 5618,
              "state": "passed",
              "speed": "medium",
              "pass": true,
              "fail": false,
              "pending": false,
              "context": null,
              "code": "_Methods.default.visit();\nCypress.on('uncaught:exception', (err, runnable) => {\n  return false;\n});\n_Methods.default.clickButton(_loginLocators.default.loginUsername);\n_Methods.default.fillInput(_loginLocators.default.loginUsername, 'musavir.trch@outlook.com');\n_Methods.default.fillInput(_loginLocators.default.loginPassword, 'test123');\n_Methods.default.clickButton(_loginLocators.default.loginButton);\n_Methods.default.clickButton(_loginLocators.default.globalButton);\n_Methods.default.clickButton(_loginLocators.default.turkishLanguageButton);\n_Methods.default.clickButton(_createManuelUploadItemLocators.default.uploadItemButtonDashboard);\n_Methods.default.clickButton(_createManuelUploadItemLocators.default.pleaseSelectCompany);\n_Methods.default.clickButton(_createManuelUploadItemLocators.default.musteriTrchSelected);\n_Methods.default.clickButton(_createManuelUploadItemLocators.default.uploadItemSelectFirmModalNextButton);\n_Methods.default.clickButton(_createManuelUploadItemLocators.default.manuelUploadItemButtonServicesModal);\n_Methods.default.clickButton(_createManuelUploadItemLocators.default.createButtonServicesModal);\n_Methods.default.checkTextIsVisible('Eşya Kodu', true);\n_Methods.default.checkTextIsVisible('İş Bölümü', true);\n_Methods.default.checkTextIsVisible('Eşya Tanımı - TR', true);\n_Methods.default.checkTextIsVisible('Eşya Tanımı - DE', true);\n_Methods.default.checkTextIsVisible('Eşya Tanımı - EN', true);\n_Methods.default.checkTextIsVisible('Brüt Ağırlık', true);\n_Methods.default.checkTextIsVisible('Net Ağırlık', true);\n_Methods.default.checkTextIsVisible('Ağırlık Birimi', true);\n_Methods.default.checkTextIsVisible('Satış Ölçü Birimi', true);\n_Methods.default.checkTextIsVisible('Eşya Ticari Tanım - TR', true);\n_Methods.default.checkTextIsVisible('Eşya Ticari Tanım - DE', true);\n_Methods.default.checkTextIsVisible('Eşya Ticari Tanım - EN', true);\n_Methods.default.checkTextIsVisible('Tedarikçi', true);\n_Methods.default.checkTextIsVisible('Üretici', true);\n_Methods.default.checkTextIsVisible('Bilinen Tarife Kodu', true);\n_Methods.default.checkTextIsVisible('Kullanım Amacı ve Fonksiyonu', true);\n_Methods.default.checkTextIsVisible('Mamul Maddesi', true);\n_Methods.default.checkTextIsVisible('Yardımcı Doküman', true);\n_Methods.default.checkTextIsVisible('Teknik Notlar', true);\n_Methods.default.checkTextIsVisible('GTİP', true);\n_Methods.default.checkTextIsVisible('Bilinen Dual Use Kodu', true);\n_Methods.default.checkTextIsVisible('Model No', true);",
              "err": {},
              "uuid": "cf00e687-0328-45c4-ba20-31868c0c0eba",
              "parentUUID": "50cc7d98-caff-4950-b086-264d65c5d4a6",
              "isHook": false,
              "skipped": false
            },
            {
              "title": "03.Zorunlu Alanlar Girilirse Gönder Butonu Aktif Olmalı",
              "fullTitle": "Create Manuel Upload Item 03.Zorunlu Alanlar Girilirse Gönder Butonu Aktif Olmalı",
              "timedOut": null,
              "duration": 34123,
              "state": "failed",
              "speed": null,
              "pass": false,
              "fail": true,
              "pending": false,
              "context": null,
              "code": "_Methods.default.visit();\nCypress.on('uncaught:exception', (err, runnable) => {\n  return false;\n});\n_Methods.default.clickButton(_loginLocators.default.loginUsername);\n_Methods.default.fillInput(_loginLocators.default.loginUsername, 'musavir.trch@outlook.com');\n_Methods.default.fillInput(_loginLocators.default.loginPassword, 'test123');\n_Methods.default.clickButton(_loginLocators.default.loginButton);\n_Methods.default.clickButton(_loginLocators.default.globalButton);\n_Methods.default.clickButton(_loginLocators.default.turkishLanguageButton);\n_Methods.default.clickButton(_createManuelUploadItemLocators.default.uploadItemButtonDashboard);\n_Methods.default.clickButton(_createManuelUploadItemLocators.default.pleaseSelectCompany);\n_Methods.default.clickButton(_createManuelUploadItemLocators.default.musteriTrchSelected);\n_Methods.default.clickButton(_createManuelUploadItemLocators.default.uploadItemSelectFirmModalNextButton);\n_Methods.default.clickButton(_createManuelUploadItemLocators.default.manuelUploadItemButtonServicesModal);\n_Methods.default.clickElementTrigger(_createManuelUploadItemLocators.default.createButtonServicesModal);\nfunction generateProductName(length) {\n  const characters = 'ABCDEFGHIJKLMNOPQRSTUVWXYZabcdefghijklmnopqrstuvwxyz';\n  let randomWord = '';\n  for (let i = 0; i < length; i++) {\n    const randomIndex = Math.floor(Math.random() * characters.length);\n    randomWord += characters.charAt(randomIndex);\n  }\n  return randomWord;\n}\nconst productName = generateProductName(6);\n_Methods.default.fillInput(_createManuelUploadItemLocators.default.productIdTextBoxCMD, productName);\nfunction generateProductDescription(length) {\n  const characters = 'ABCDEFGHIJKLMNOPQRSTUVWXYZabcdefghijklmnopqrstuvwxyz';\n  let randomWord = '';\n  for (let i = 0; i < length; i++) {\n    const randomIndex = Math.floor(Math.random() * characters.length);\n    randomWord += characters.charAt(randomIndex);\n  }\n  return randomWord;\n}\nconst productDescription = generateProductDescription(6);\n_Methods.default.fillInput(_createManuelUploadItemLocators.default.productDescriptionTextBoxTRCMD, productDescription);\n_Methods.default.realClickElement(_createManuelUploadItemLocators.default.productDescriptionTextBoxDECMD);\n_Methods.default.checkButtonNotDisabled(_createManuelUploadItemLocators.default.submitButtonInCreateDataScreen);",
              "err": {
                "message": "CypressError: Timed out retrying after 20000ms: `cy.clear()` failed because this element:\n\n`<input placeholder=\"Eşya Kodu\" class=\"ant-input css-w89hjl ant-input-outlined\" type=\"text\" value=\"\" style=\"border: 2px solid red; box-shadow: 0px 0px 10px 5px rgba(255, 0, 0, 0.5);\">`\n\nis being covered by another element:\n\n`<div tabindex=\"-1\" class=\"ant-modal-wrap\">...</div>`\n\nFix this problem, or use {force: true} to disable error checking.\n\nhttps://on.cypress.io/element-cannot-be-interacted-with",
                "estack": "CypressError: Timed out retrying after 20000ms: `cy.clear()` failed because this element:\n\n`<input placeholder=\"Eşya Kodu\" class=\"ant-input css-w89hjl ant-input-outlined\" type=\"text\" value=\"\" style=\"border: 2px solid red; box-shadow: 0px 0px 10px 5px rgba(255, 0, 0, 0.5);\">`\n\nis being covered by another element:\n\n`<div tabindex=\"-1\" class=\"ant-modal-wrap\">...</div>`\n\nFix this problem, or use {force: true} to disable error checking.\n\nhttps://on.cypress.io/element-cannot-be-interacted-with\n    at ensureIsDescendent (https://test-productcatalog.singlewindow.io/__cypress/runner/cypress_runner.js:113057:68)\n    at ensureDescendents (https://test-productcatalog.singlewindow.io/__cypress/runner/cypress_runner.js:113108:5)\n    at ensureDescendentsAndScroll (https://test-productcatalog.singlewindow.io/__cypress/runner/cypress_runner.js:113114:14)\n    at ensureElIsNotCovered (https://test-productcatalog.singlewindow.io/__cypress/runner/cypress_runner.js:113245:5)\n    at runAllChecks (https://test-productcatalog.singlewindow.io/__cypress/runner/cypress_runner.js:113444:52)\n    at retryActionability (https://test-productcatalog.singlewindow.io/__cypress/runner/cypress_runner.js:113481:16)\n    at tryCatcher (https://test-productcatalog.singlewindow.io/__cypress/runner/cypress_runner.js:1777:23)\n    at Promise.attempt.Promise.try (https://test-productcatalog.singlewindow.io/__cypress/runner/cypress_runner.js:4285:29)\n    at whenStable (https://test-productcatalog.singlewindow.io/__cypress/runner/cypress_runner.js:145828:68)\n    at <unknown> (https://test-productcatalog.singlewindow.io/__cypress/runner/cypress_runner.js:145769:14)\n    at tryCatcher (https://test-productcatalog.singlewindow.io/__cypress/runner/cypress_runner.js:1777:23)\n    at Promise._settlePromiseFromHandler (https://test-productcatalog.singlewindow.io/__cypress/runner/cypress_runner.js:1489:31)\n    at Promise._settlePromise (https://test-productcatalog.singlewindow.io/__cypress/runner/cypress_runner.js:1546:18)\n    at Promise._settlePromise0 (https://test-productcatalog.singlewindow.io/__cypress/runner/cypress_runner.js:1591:10)\n    at Promise._settlePromises (https://test-productcatalog.singlewindow.io/__cypress/runner/cypress_runner.js:1671:18)\n    at Promise._fulfill (https://test-productcatalog.singlewindow.io/__cypress/runner/cypress_runner.js:1615:18)\n    at <unknown> (https://test-productcatalog.singlewindow.io/__cypress/runner/cypress_runner.js:5420:46)\nFrom Your Spec Code:\n    at Object.proxyGetter [as get] (https://test-productcatalog.singlewindow.io/__cypress/runner/cypress_runner.js:78967:22)\n    at exists (https://test-productcatalog.singlewindow.io/__cypress/runner/cypress_runner.js:145010:26)\n    at elExists (https://test-productcatalog.singlewindow.io/__cypress/runner/cypress_runner.js:145025:10)\n    at ensureExistence (https://test-productcatalog.singlewindow.io/__cypress/runner/cypress_runner.js:145206:22)\n    at onFailFn (https://test-productcatalog.singlewindow.io/__cypress/runner/cypress_runner.js:145235:53)",
                "diff": null
              },
              "uuid": "1f5e84d7-8e84-4be9-b42a-ca38e14f7c88",
              "parentUUID": "50cc7d98-caff-4950-b086-264d65c5d4a6",
              "isHook": false,
              "skipped": false
            },
            {
              "title": "04.Zorunlu Alanlardan En Az Biri Girilmezse Gönder Butonu Pasif Olmalı",
              "fullTitle": "Create Manuel Upload Item 04.Zorunlu Alanlardan En Az Biri Girilmezse Gönder Butonu Pasif Olmalı",
              "timedOut": null,
              "duration": 24879,
              "state": "failed",
              "speed": null,
              "pass": false,
              "fail": true,
              "pending": false,
              "context": null,
              "code": "_Methods.default.visit();\nCypress.on('uncaught:exception', (err, runnable) => {\n  return false;\n});\n_Methods.default.clickButton(_loginLocators.default.loginUsername);\n_Methods.default.fillInput(_loginLocators.default.loginUsername, 'musavir.trch@outlook.com');\n_Methods.default.fillInput(_loginLocators.default.loginPassword, 'test123');\n_Methods.default.clickButton(_loginLocators.default.loginButton);\n_Methods.default.clickButton(_loginLocators.default.globalButton);\n_Methods.default.clickButton(_loginLocators.default.turkishLanguageButton);\n_Methods.default.clickButton(_createManuelUploadItemLocators.default.uploadItemButtonDashboard);\n_Methods.default.clickButton(_createManuelUploadItemLocators.default.pleaseSelectCompany);\n_Methods.default.clickButton(_createManuelUploadItemLocators.default.musteriTrchSelected);\n_Methods.default.clickButton(_createManuelUploadItemLocators.default.uploadItemSelectFirmModalNextButton);\n_Methods.default.clickButton(_createManuelUploadItemLocators.default.manuelUploadItemButtonServicesModal);\n_Methods.default.clickElementTrigger(_createManuelUploadItemLocators.default.createButtonServicesModal);\nfunction generateProductName(length) {\n  const characters = 'ABCDEFGHIJKLMNOPQRSTUVWXYZabcdefghijklmnopqrstuvwxyz';\n  let randomWord = '';\n  for (let i = 0; i < length; i++) {\n    const randomIndex = Math.floor(Math.random() * characters.length);\n    randomWord += characters.charAt(randomIndex);\n  }\n  return randomWord;\n}\nconst productName = generateProductName(6);\n_Methods.default.fillInput(_createManuelUploadItemLocators.default.productIdTextBoxCMD, productName);\n_Methods.default.checkButtonDisabled(_createManuelUploadItemLocators.default.submitButtonInCreateDataScreen);",
              "err": {
                "message": "CypressError: Timed out retrying after 20000ms: `cy.clear()` failed because this element:\n\n`<input placeholder=\"Eşya Kodu\" class=\"ant-input css-w89hjl ant-input-outlined\" type=\"text\" value=\"\" style=\"border: 2px solid red; box-shadow: 0px 0px 10px 5px rgba(255, 0, 0, 0.5);\">`\n\nis being covered by another element:\n\n`<div tabindex=\"-1\" class=\"ant-modal-wrap\">...</div>`\n\nFix this problem, or use {force: true} to disable error checking.\n\nhttps://on.cypress.io/element-cannot-be-interacted-with",
                "estack": "CypressError: Timed out retrying after 20000ms: `cy.clear()` failed because this element:\n\n`<input placeholder=\"Eşya Kodu\" class=\"ant-input css-w89hjl ant-input-outlined\" type=\"text\" value=\"\" style=\"border: 2px solid red; box-shadow: 0px 0px 10px 5px rgba(255, 0, 0, 0.5);\">`\n\nis being covered by another element:\n\n`<div tabindex=\"-1\" class=\"ant-modal-wrap\">...</div>`\n\nFix this problem, or use {force: true} to disable error checking.\n\nhttps://on.cypress.io/element-cannot-be-interacted-with\n    at ensureIsDescendent (https://test-productcatalog.singlewindow.io/__cypress/runner/cypress_runner.js:113057:68)\n    at ensureDescendents (https://test-productcatalog.singlewindow.io/__cypress/runner/cypress_runner.js:113108:5)\n    at ensureDescendentsAndScroll (https://test-productcatalog.singlewindow.io/__cypress/runner/cypress_runner.js:113114:14)\n    at ensureElIsNotCovered (https://test-productcatalog.singlewindow.io/__cypress/runner/cypress_runner.js:113245:5)\n    at runAllChecks (https://test-productcatalog.singlewindow.io/__cypress/runner/cypress_runner.js:113444:52)\n    at retryActionability (https://test-productcatalog.singlewindow.io/__cypress/runner/cypress_runner.js:113481:16)\n    at tryCatcher (https://test-productcatalog.singlewindow.io/__cypress/runner/cypress_runner.js:1777:23)\n    at Promise.attempt.Promise.try (https://test-productcatalog.singlewindow.io/__cypress/runner/cypress_runner.js:4285:29)\n    at whenStable (https://test-productcatalog.singlewindow.io/__cypress/runner/cypress_runner.js:145828:68)\n    at <unknown> (https://test-productcatalog.singlewindow.io/__cypress/runner/cypress_runner.js:145769:14)\n    at tryCatcher (https://test-productcatalog.singlewindow.io/__cypress/runner/cypress_runner.js:1777:23)\n    at Promise._settlePromiseFromHandler (https://test-productcatalog.singlewindow.io/__cypress/runner/cypress_runner.js:1489:31)\n    at Promise._settlePromise (https://test-productcatalog.singlewindow.io/__cypress/runner/cypress_runner.js:1546:18)\n    at Promise._settlePromise0 (https://test-productcatalog.singlewindow.io/__cypress/runner/cypress_runner.js:1591:10)\n    at Promise._settlePromises (https://test-productcatalog.singlewindow.io/__cypress/runner/cypress_runner.js:1671:18)\n    at Promise._fulfill (https://test-productcatalog.singlewindow.io/__cypress/runner/cypress_runner.js:1615:18)\n    at <unknown> (https://test-productcatalog.singlewindow.io/__cypress/runner/cypress_runner.js:5420:46)\nFrom Your Spec Code:\n    at Object.proxyGetter [as get] (https://test-productcatalog.singlewindow.io/__cypress/runner/cypress_runner.js:78967:22)\n    at exists (https://test-productcatalog.singlewindow.io/__cypress/runner/cypress_runner.js:145010:26)\n    at elExists (https://test-productcatalog.singlewindow.io/__cypress/runner/cypress_runner.js:145025:10)\n    at ensureExistence (https://test-productcatalog.singlewindow.io/__cypress/runner/cypress_runner.js:145206:22)\n    at onFailFn (https://test-productcatalog.singlewindow.io/__cypress/runner/cypress_runner.js:145235:53)",
                "diff": null
              },
              "uuid": "ded121eb-de27-4082-8a05-e52437b2e1e6",
              "parentUUID": "50cc7d98-caff-4950-b086-264d65c5d4a6",
              "isHook": false,
              "skipped": false
            },
            {
              "title": "05.Dolu Olan Zorunlu Alanlardan En Az Biri Silinirse Gönder Butonu Pasif Olmalı",
              "fullTitle": "Create Manuel Upload Item 05.Dolu Olan Zorunlu Alanlardan En Az Biri Silinirse Gönder Butonu Pasif Olmalı",
              "timedOut": null,
              "duration": 25224,
              "state": "failed",
              "speed": null,
              "pass": false,
              "fail": true,
              "pending": false,
              "context": null,
              "code": "_Methods.default.visit();\nCypress.on('uncaught:exception', (err, runnable) => {\n  return false;\n});\n_Methods.default.clickButton(_loginLocators.default.loginUsername);\n_Methods.default.fillInput(_loginLocators.default.loginUsername, 'musavir.trch@outlook.com');\n_Methods.default.fillInput(_loginLocators.default.loginPassword, 'test123');\n_Methods.default.clickButton(_loginLocators.default.loginButton);\n_Methods.default.clickButton(_loginLocators.default.globalButton);\n_Methods.default.clickButton(_loginLocators.default.turkishLanguageButton);\n_Methods.default.clickButton(_createManuelUploadItemLocators.default.uploadItemButtonDashboard);\n_Methods.default.clickButton(_createManuelUploadItemLocators.default.pleaseSelectCompany);\n_Methods.default.clickButton(_createManuelUploadItemLocators.default.musteriTrchSelected);\n_Methods.default.clickButton(_createManuelUploadItemLocators.default.uploadItemSelectFirmModalNextButton);\n_Methods.default.clickButton(_createManuelUploadItemLocators.default.manuelUploadItemButtonServicesModal);\n_Methods.default.clickElementTrigger(_createManuelUploadItemLocators.default.createButtonServicesModal);\nfunction generateProductName(length) {\n  const characters = 'ABCDEFGHIJKLMNOPQRSTUVWXYZabcdefghijklmnopqrstuvwxyz';\n  let randomWord = '';\n  for (let i = 0; i < length; i++) {\n    const randomIndex = Math.floor(Math.random() * characters.length);\n    randomWord += characters.charAt(randomIndex);\n  }\n  return randomWord;\n}\nconst productName = generateProductName(6);\n_Methods.default.fillInput(_createManuelUploadItemLocators.default.productIdTextBoxCMD, productName);\nfunction generateProductDescription(length) {\n  const characters = 'ABCDEFGHIJKLMNOPQRSTUVWXYZabcdefghijklmnopqrstuvwxyz';\n  let randomWord = '';\n  for (let i = 0; i < length; i++) {\n    const randomIndex = Math.floor(Math.random() * characters.length);\n    randomWord += characters.charAt(randomIndex);\n  }\n  return randomWord;\n}\nconst productDescription = generateProductDescription(6);\n_Methods.default.fillInput(_createManuelUploadItemLocators.default.productDescriptionTextBoxTRCMD, productDescription);\n_Methods.default.clearTextfield(_createManuelUploadItemLocators.default.productIdTextBoxCMD);\n_Methods.default.checkButtonNotDisabled(_createManuelUploadItemLocators.default.submitButtonInCreateDataScreen);",
              "err": {
                "message": "CypressError: Timed out retrying after 20000ms: `cy.clear()` failed because this element:\n\n`<input placeholder=\"Eşya Kodu\" class=\"ant-input css-w89hjl ant-input-outlined\" type=\"text\" value=\"\" style=\"border: 2px solid red; box-shadow: 0px 0px 10px 5px rgba(255, 0, 0, 0.5);\">`\n\nis being covered by another element:\n\n`<div tabindex=\"-1\" class=\"ant-modal-wrap\">...</div>`\n\nFix this problem, or use {force: true} to disable error checking.\n\nhttps://on.cypress.io/element-cannot-be-interacted-with",
                "estack": "CypressError: Timed out retrying after 20000ms: `cy.clear()` failed because this element:\n\n`<input placeholder=\"Eşya Kodu\" class=\"ant-input css-w89hjl ant-input-outlined\" type=\"text\" value=\"\" style=\"border: 2px solid red; box-shadow: 0px 0px 10px 5px rgba(255, 0, 0, 0.5);\">`\n\nis being covered by another element:\n\n`<div tabindex=\"-1\" class=\"ant-modal-wrap\">...</div>`\n\nFix this problem, or use {force: true} to disable error checking.\n\nhttps://on.cypress.io/element-cannot-be-interacted-with\n    at ensureIsDescendent (https://test-productcatalog.singlewindow.io/__cypress/runner/cypress_runner.js:113057:68)\n    at ensureDescendents (https://test-productcatalog.singlewindow.io/__cypress/runner/cypress_runner.js:113108:5)\n    at ensureDescendentsAndScroll (https://test-productcatalog.singlewindow.io/__cypress/runner/cypress_runner.js:113114:14)\n    at ensureElIsNotCovered (https://test-productcatalog.singlewindow.io/__cypress/runner/cypress_runner.js:113245:5)\n    at runAllChecks (https://test-productcatalog.singlewindow.io/__cypress/runner/cypress_runner.js:113444:52)\n    at retryActionability (https://test-productcatalog.singlewindow.io/__cypress/runner/cypress_runner.js:113481:16)\n    at tryCatcher (https://test-productcatalog.singlewindow.io/__cypress/runner/cypress_runner.js:1777:23)\n    at Promise.attempt.Promise.try (https://test-productcatalog.singlewindow.io/__cypress/runner/cypress_runner.js:4285:29)\n    at whenStable (https://test-productcatalog.singlewindow.io/__cypress/runner/cypress_runner.js:145828:68)\n    at <unknown> (https://test-productcatalog.singlewindow.io/__cypress/runner/cypress_runner.js:145769:14)\n    at tryCatcher (https://test-productcatalog.singlewindow.io/__cypress/runner/cypress_runner.js:1777:23)\n    at Promise._settlePromiseFromHandler (https://test-productcatalog.singlewindow.io/__cypress/runner/cypress_runner.js:1489:31)\n    at Promise._settlePromise (https://test-productcatalog.singlewindow.io/__cypress/runner/cypress_runner.js:1546:18)\n    at Promise._settlePromise0 (https://test-productcatalog.singlewindow.io/__cypress/runner/cypress_runner.js:1591:10)\n    at Promise._settlePromises (https://test-productcatalog.singlewindow.io/__cypress/runner/cypress_runner.js:1671:18)\n    at Promise._fulfill (https://test-productcatalog.singlewindow.io/__cypress/runner/cypress_runner.js:1615:18)\n    at <unknown> (https://test-productcatalog.singlewindow.io/__cypress/runner/cypress_runner.js:5420:46)\nFrom Your Spec Code:\n    at Object.proxyGetter [as get] (https://test-productcatalog.singlewindow.io/__cypress/runner/cypress_runner.js:78967:22)\n    at exists (https://test-productcatalog.singlewindow.io/__cypress/runner/cypress_runner.js:145010:26)\n    at elExists (https://test-productcatalog.singlewindow.io/__cypress/runner/cypress_runner.js:145025:10)\n    at ensureExistence (https://test-productcatalog.singlewindow.io/__cypress/runner/cypress_runner.js:145206:22)\n    at onFailFn (https://test-productcatalog.singlewindow.io/__cypress/runner/cypress_runner.js:145235:53)",
                "diff": null
              },
              "uuid": "530f863b-8c06-43f3-ae7d-934dbb408997",
              "parentUUID": "50cc7d98-caff-4950-b086-264d65c5d4a6",
              "isHook": false,
              "skipped": false
            },
            {
              "title": "06.Eşya Kodu Alanının Unic Olması",
              "fullTitle": "Create Manuel Upload Item 06.Eşya Kodu Alanının Unic Olması",
              "timedOut": null,
              "duration": 24317,
              "state": "failed",
              "speed": null,
              "pass": false,
              "fail": true,
              "pending": false,
              "context": null,
              "code": "_Methods.default.visit();\nCypress.on('uncaught:exception', (err, runnable) => {\n  return false;\n});\n_Methods.default.clickButton(_loginLocators.default.loginUsername);\n_Methods.default.fillInput(_loginLocators.default.loginUsername, 'musavir.trch@outlook.com');\n_Methods.default.fillInput(_loginLocators.default.loginPassword, 'test123');\n_Methods.default.clickButton(_loginLocators.default.loginButton);\n_Methods.default.clickButton(_loginLocators.default.globalButton);\n_Methods.default.clickButton(_loginLocators.default.turkishLanguageButton);\n_Methods.default.clickButton(_createManuelUploadItemLocators.default.uploadItemButtonDashboard);\n_Methods.default.clickButton(_createManuelUploadItemLocators.default.pleaseSelectCompany);\n_Methods.default.clickButton(_createManuelUploadItemLocators.default.musteriTrchSelected);\n_Methods.default.clickButton(_createManuelUploadItemLocators.default.uploadItemSelectFirmModalNextButton);\n_Methods.default.clickButton(_createManuelUploadItemLocators.default.manuelUploadItemButtonServicesModal);\n_Methods.default.clickElementTrigger(_createManuelUploadItemLocators.default.createButtonServicesModal);\nfunction generateProductName(length) {\n  const characters = 'ABCDEFGHIJKLMNOPQRSTUVWXYZabcdefghijklmnopqrstuvwxyz';\n  let randomWord = '';\n  for (let i = 0; i < length; i++) {\n    const randomIndex = Math.floor(Math.random() * characters.length);\n    randomWord += characters.charAt(randomIndex);\n  }\n  return randomWord;\n}\nconst productName = generateProductName(6);\n_Methods.default.fillInput(_createManuelUploadItemLocators.default.productIdTextBoxCMD, productName);\nfunction generateProductDescription(length) {\n  const characters = 'ABCDEFGHIJKLMNOPQRSTUVWXYZabcdefghijklmnopqrstuvwxyz';\n  let randomWord = '';\n  for (let i = 0; i < length; i++) {\n    const randomIndex = Math.floor(Math.random() * characters.length);\n    randomWord += characters.charAt(randomIndex);\n  }\n  return randomWord;\n}\nconst productDescription = generateProductDescription(6);\n_Methods.default.fillInput(_createManuelUploadItemLocators.default.productDescriptionTextBoxTRCMD, productDescription);\n_Methods.default.clickButton(_createManuelUploadItemLocators.default.addItemCMD);\n_Methods.default.fillInput(_createManuelUploadItemLocators.default.productIdTextBoxCMDSecond, productName);\n_Methods.default.fillInput(_createManuelUploadItemLocators.default.productDescriptionTextBoxTRCMDSecond, productDescription);\n_Methods.default.checkTextIsVisible('Tekrarlanan eşya kodları bulunmaktadır.', true);",
              "err": {
                "message": "CypressError: Timed out retrying after 20000ms: `cy.clear()` failed because this element:\n\n`<input placeholder=\"Eşya Kodu\" class=\"ant-input css-w89hjl ant-input-outlined\" type=\"text\" value=\"\" style=\"border: 2px solid red; box-shadow: 0px 0px 10px 5px rgba(255, 0, 0, 0.5);\">`\n\nis being covered by another element:\n\n`<div tabindex=\"-1\" class=\"ant-modal-wrap\">...</div>`\n\nFix this problem, or use {force: true} to disable error checking.\n\nhttps://on.cypress.io/element-cannot-be-interacted-with",
                "estack": "CypressError: Timed out retrying after 20000ms: `cy.clear()` failed because this element:\n\n`<input placeholder=\"Eşya Kodu\" class=\"ant-input css-w89hjl ant-input-outlined\" type=\"text\" value=\"\" style=\"border: 2px solid red; box-shadow: 0px 0px 10px 5px rgba(255, 0, 0, 0.5);\">`\n\nis being covered by another element:\n\n`<div tabindex=\"-1\" class=\"ant-modal-wrap\">...</div>`\n\nFix this problem, or use {force: true} to disable error checking.\n\nhttps://on.cypress.io/element-cannot-be-interacted-with\n    at ensureIsDescendent (https://test-productcatalog.singlewindow.io/__cypress/runner/cypress_runner.js:113057:68)\n    at ensureDescendents (https://test-productcatalog.singlewindow.io/__cypress/runner/cypress_runner.js:113108:5)\n    at ensureDescendentsAndScroll (https://test-productcatalog.singlewindow.io/__cypress/runner/cypress_runner.js:113114:14)\n    at ensureElIsNotCovered (https://test-productcatalog.singlewindow.io/__cypress/runner/cypress_runner.js:113245:5)\n    at runAllChecks (https://test-productcatalog.singlewindow.io/__cypress/runner/cypress_runner.js:113444:52)\n    at retryActionability (https://test-productcatalog.singlewindow.io/__cypress/runner/cypress_runner.js:113481:16)\n    at tryCatcher (https://test-productcatalog.singlewindow.io/__cypress/runner/cypress_runner.js:1777:23)\n    at Promise.attempt.Promise.try (https://test-productcatalog.singlewindow.io/__cypress/runner/cypress_runner.js:4285:29)\n    at whenStable (https://test-productcatalog.singlewindow.io/__cypress/runner/cypress_runner.js:145828:68)\n    at <unknown> (https://test-productcatalog.singlewindow.io/__cypress/runner/cypress_runner.js:145769:14)\n    at tryCatcher (https://test-productcatalog.singlewindow.io/__cypress/runner/cypress_runner.js:1777:23)\n    at Promise._settlePromiseFromHandler (https://test-productcatalog.singlewindow.io/__cypress/runner/cypress_runner.js:1489:31)\n    at Promise._settlePromise (https://test-productcatalog.singlewindow.io/__cypress/runner/cypress_runner.js:1546:18)\n    at Promise._settlePromise0 (https://test-productcatalog.singlewindow.io/__cypress/runner/cypress_runner.js:1591:10)\n    at Promise._settlePromises (https://test-productcatalog.singlewindow.io/__cypress/runner/cypress_runner.js:1671:18)\n    at Promise._fulfill (https://test-productcatalog.singlewindow.io/__cypress/runner/cypress_runner.js:1615:18)\n    at <unknown> (https://test-productcatalog.singlewindow.io/__cypress/runner/cypress_runner.js:5420:46)\nFrom Your Spec Code:\n    at Object.proxyGetter [as get] (https://test-productcatalog.singlewindow.io/__cypress/runner/cypress_runner.js:78967:22)\n    at exists (https://test-productcatalog.singlewindow.io/__cypress/runner/cypress_runner.js:145010:26)\n    at elExists (https://test-productcatalog.singlewindow.io/__cypress/runner/cypress_runner.js:145025:10)\n    at ensureExistence (https://test-productcatalog.singlewindow.io/__cypress/runner/cypress_runner.js:145206:22)\n    at onFailFn (https://test-productcatalog.singlewindow.io/__cypress/runner/cypress_runner.js:145235:53)",
                "diff": null
              },
              "uuid": "ffada6b3-52d4-4eb4-b902-cfa76cebbde9",
              "parentUUID": "50cc7d98-caff-4950-b086-264d65c5d4a6",
              "isHook": false,
              "skipped": false
            },
            {
              "title": "07.Var Olan Eşyanın Yazılması",
              "fullTitle": "Create Manuel Upload Item 07.Var Olan Eşyanın Yazılması",
              "timedOut": null,
              "duration": 24021,
              "state": "failed",
              "speed": null,
              "pass": false,
              "fail": true,
              "pending": false,
              "context": null,
              "code": "_Methods.default.visit();\nCypress.on('uncaught:exception', (err, runnable) => {\n  return false;\n});\n_Methods.default.clickButton(_loginLocators.default.loginUsername);\n_Methods.default.fillInput(_loginLocators.default.loginUsername, 'musavir.trch@outlook.com');\n_Methods.default.fillInput(_loginLocators.default.loginPassword, 'test123');\n_Methods.default.clickButton(_loginLocators.default.loginButton);\n_Methods.default.clickButton(_loginLocators.default.globalButton);\n_Methods.default.clickButton(_loginLocators.default.turkishLanguageButton);\n_Methods.default.clickButton(_createManuelUploadItemLocators.default.uploadItemButtonDashboard);\n_Methods.default.clickButton(_createManuelUploadItemLocators.default.pleaseSelectCompany);\n_Methods.default.clickButton(_createManuelUploadItemLocators.default.musteriTrchSelected);\n_Methods.default.clickButton(_createManuelUploadItemLocators.default.uploadItemSelectFirmModalNextButton);\n_Methods.default.clickButton(_createManuelUploadItemLocators.default.manuelUploadItemButtonServicesModal);\n_Methods.default.clickElementTrigger(_createManuelUploadItemLocators.default.createButtonServicesModal);\nfunction generateProductName(length) {\n  const characters = 'ABCDEFGHIJKLMNOPQRSTUVWXYZabcdefghijklmnopqrstuvwxyz';\n  let randomWord = '';\n  for (let i = 0; i < length; i++) {\n    const randomIndex = Math.floor(Math.random() * characters.length);\n    randomWord += characters.charAt(randomIndex);\n  }\n  return randomWord;\n}\nconst productName = generateProductName(6);\n_Methods.default.fillInput(_createManuelUploadItemLocators.default.productIdTextBoxCMD, productName);\nfunction generateProductDescription(length) {\n  const characters = 'ABCDEFGHIJKLMNOPQRSTUVWXYZabcdefghijklmnopqrstuvwxyz';\n  let randomWord = '';\n  for (let i = 0; i < length; i++) {\n    const randomIndex = Math.floor(Math.random() * characters.length);\n    randomWord += characters.charAt(randomIndex);\n  }\n  return randomWord;\n}\nconst productDescription = generateProductDescription(6);\n_Methods.default.fillInput(_createManuelUploadItemLocators.default.productDescriptionTextBoxTRCMD, productDescription);\n_Methods.default.fillInput(_createManuelUploadItemLocators.default.productDescriptionTextBoxDECMD, 'test');\n_Methods.default.clickElementTrigger(_createManuelUploadItemLocators.default.submitButtonInCreateDataScreen);\n_Methods.default.clickButton(_createManuelUploadItemLocators.default.submitButtonOnSubmitModalCMD);\n_Methods.default.clickButton(_createManuelUploadItemLocators.default.closeModalCMD);\n_Methods.default.fillInput(_createManuelUploadItemLocators.default.productIdTextBoxCMD, productName);\n_Methods.default.clickButton(_createManuelUploadItemLocators.default.productDescriptionTextBoxDECMD);\n_Methods.default.shouldHaveValue(_createManuelUploadItemLocators.default.productDescriptionTextBoxTRCMD, productDescription);",
              "err": {
                "message": "CypressError: Timed out retrying after 20000ms: `cy.clear()` failed because this element:\n\n`<input placeholder=\"Eşya Kodu\" class=\"ant-input css-w89hjl ant-input-outlined\" type=\"text\" value=\"\" style=\"border: 2px solid red; box-shadow: 0px 0px 10px 5px rgba(255, 0, 0, 0.5);\">`\n\nis being covered by another element:\n\n`<div tabindex=\"-1\" class=\"ant-modal-wrap\">...</div>`\n\nFix this problem, or use {force: true} to disable error checking.\n\nhttps://on.cypress.io/element-cannot-be-interacted-with",
                "estack": "CypressError: Timed out retrying after 20000ms: `cy.clear()` failed because this element:\n\n`<input placeholder=\"Eşya Kodu\" class=\"ant-input css-w89hjl ant-input-outlined\" type=\"text\" value=\"\" style=\"border: 2px solid red; box-shadow: 0px 0px 10px 5px rgba(255, 0, 0, 0.5);\">`\n\nis being covered by another element:\n\n`<div tabindex=\"-1\" class=\"ant-modal-wrap\">...</div>`\n\nFix this problem, or use {force: true} to disable error checking.\n\nhttps://on.cypress.io/element-cannot-be-interacted-with\n    at ensureIsDescendent (https://test-productcatalog.singlewindow.io/__cypress/runner/cypress_runner.js:113057:68)\n    at ensureDescendents (https://test-productcatalog.singlewindow.io/__cypress/runner/cypress_runner.js:113108:5)\n    at ensureDescendentsAndScroll (https://test-productcatalog.singlewindow.io/__cypress/runner/cypress_runner.js:113114:14)\n    at ensureElIsNotCovered (https://test-productcatalog.singlewindow.io/__cypress/runner/cypress_runner.js:113245:5)\n    at runAllChecks (https://test-productcatalog.singlewindow.io/__cypress/runner/cypress_runner.js:113444:52)\n    at retryActionability (https://test-productcatalog.singlewindow.io/__cypress/runner/cypress_runner.js:113481:16)\n    at tryCatcher (https://test-productcatalog.singlewindow.io/__cypress/runner/cypress_runner.js:1777:23)\n    at Promise.attempt.Promise.try (https://test-productcatalog.singlewindow.io/__cypress/runner/cypress_runner.js:4285:29)\n    at whenStable (https://test-productcatalog.singlewindow.io/__cypress/runner/cypress_runner.js:145828:68)\n    at <unknown> (https://test-productcatalog.singlewindow.io/__cypress/runner/cypress_runner.js:145769:14)\n    at tryCatcher (https://test-productcatalog.singlewindow.io/__cypress/runner/cypress_runner.js:1777:23)\n    at Promise._settlePromiseFromHandler (https://test-productcatalog.singlewindow.io/__cypress/runner/cypress_runner.js:1489:31)\n    at Promise._settlePromise (https://test-productcatalog.singlewindow.io/__cypress/runner/cypress_runner.js:1546:18)\n    at Promise._settlePromise0 (https://test-productcatalog.singlewindow.io/__cypress/runner/cypress_runner.js:1591:10)\n    at Promise._settlePromises (https://test-productcatalog.singlewindow.io/__cypress/runner/cypress_runner.js:1671:18)\n    at Promise._fulfill (https://test-productcatalog.singlewindow.io/__cypress/runner/cypress_runner.js:1615:18)\n    at <unknown> (https://test-productcatalog.singlewindow.io/__cypress/runner/cypress_runner.js:5420:46)\nFrom Your Spec Code:\n    at Object.proxyGetter [as get] (https://test-productcatalog.singlewindow.io/__cypress/runner/cypress_runner.js:78967:22)\n    at exists (https://test-productcatalog.singlewindow.io/__cypress/runner/cypress_runner.js:145010:26)\n    at elExists (https://test-productcatalog.singlewindow.io/__cypress/runner/cypress_runner.js:145025:10)\n    at ensureExistence (https://test-productcatalog.singlewindow.io/__cypress/runner/cypress_runner.js:145206:22)\n    at onFailFn (https://test-productcatalog.singlewindow.io/__cypress/runner/cypress_runner.js:145235:53)",
                "diff": null
              },
              "uuid": "0521e1f1-aacd-40e5-8341-dce0bbb11566",
              "parentUUID": "50cc7d98-caff-4950-b086-264d65c5d4a6",
              "isHook": false,
              "skipped": false
            },
            {
              "title": "10.Modalda Yapılan Seçime Göre Gelmeli (Ülke/Hizmet seçimleri)",
              "fullTitle": "Create Manuel Upload Item 10.Modalda Yapılan Seçime Göre Gelmeli (Ülke/Hizmet seçimleri)",
              "timedOut": null,
              "duration": 3864,
              "state": "passed",
              "speed": "fast",
              "pass": true,
              "fail": false,
              "pending": false,
              "context": null,
              "code": "_Methods.default.visit();\nCypress.on('uncaught:exception', (err, runnable) => {\n  return false;\n});\n_Methods.default.clickButton(_loginLocators.default.loginUsername);\n_Methods.default.fillInput(_loginLocators.default.loginUsername, 'musavir.trch@outlook.com');\n_Methods.default.fillInput(_loginLocators.default.loginPassword, 'test123');\n_Methods.default.clickButton(_loginLocators.default.loginButton);\n_Methods.default.clickButton(_loginLocators.default.globalButton);\n_Methods.default.clickButton(_loginLocators.default.turkishLanguageButton);\n_Methods.default.clickButton(_createManuelUploadItemLocators.default.uploadItemButtonDashboard);\n_Methods.default.clickButton(_createManuelUploadItemLocators.default.pleaseSelectCompany);\n_Methods.default.clickButton(_createManuelUploadItemLocators.default.musteriTrchSelected);\n_Methods.default.clickButton(_createManuelUploadItemLocators.default.uploadItemSelectFirmModalNextButton);\n_Methods.default.clickButton(_createManuelUploadItemLocators.default.manuelUploadItemButtonServicesModal);\n_Methods.default.clickElementTrigger(_createManuelUploadItemLocators.default.createButtonServicesModal);\n_Methods.default.clickButton(_createManuelUploadItemLocators.default.servicesButonInCMD);\n_Methods.default.checkRadioButtonSelected(_createManuelUploadItemLocators.default.chHsCheckBoxServicesModal);\n_Methods.default.checkRadioButtonSelected(_createManuelUploadItemLocators.default.deHsCheckBoxServicesModal);\n_Methods.default.checkRadioButtonSelected(_createManuelUploadItemLocators.default.euHsCheckBoxServicesModal);\n_Methods.default.checkRadioButtonSelected(_createManuelUploadItemLocators.default.ukHsCheckBoxServicesModal);\n_Methods.default.checkRadioButtonSelected(_createManuelUploadItemLocators.default.trHsCheckBoxServicesModal);\n_Methods.default.checkRadioButtonSelected(_createManuelUploadItemLocators.default.chDualUseCheckBoxServicesModal);\n_Methods.default.checkRadioButtonSelected(_createManuelUploadItemLocators.default.deDualUseCheckBoxServicesModal);\n_Methods.default.checkRadioButtonSelected(_createManuelUploadItemLocators.default.chSanctionsCheckBoxServicesModal);\n_Methods.default.checkRadioButtonSelected(_createManuelUploadItemLocators.default.deCbamCheckBoxServicesModal);\n_Methods.default.checkRadioButtonSelected(_createManuelUploadItemLocators.default.euCbamCheckBoxServicesModal);\n_Methods.default.checkRadioButtonSelected(_createManuelUploadItemLocators.default.trCusCmpCheckBoxServicesModal);\n_Methods.default.checkRadioButtonSelected(_createManuelUploadItemLocators.default.trRglCmpImCheckBoxServicesModal);\n_Methods.default.checkRadioButtonSelected(_createManuelUploadItemLocators.default.trRglCmpExCheckBoxServicesModal);",
              "err": {},
              "uuid": "183acc53-856e-427d-b9a0-4a2f8351ced1",
              "parentUUID": "50cc7d98-caff-4950-b086-264d65c5d4a6",
              "isHook": false,
              "skipped": false
            },
            {
              "title": "11.Brüt ağırlık girildiğinde Net Ağırlık ve Ağırlık Biriminden en az biri girilmemişse uyarı gelmeli",
              "fullTitle": "Create Manuel Upload Item 11.Brüt ağırlık girildiğinde Net Ağırlık ve Ağırlık Biriminden en az biri girilmemişse uyarı gelmeli",
              "timedOut": null,
              "duration": 24468,
              "state": "failed",
              "speed": null,
              "pass": false,
              "fail": true,
              "pending": false,
              "context": null,
              "code": "_Methods.default.visit();\nCypress.on('uncaught:exception', (err, runnable) => {\n  return false;\n});\n_Methods.default.clickButton(_loginLocators.default.loginUsername);\n_Methods.default.fillInput(_loginLocators.default.loginUsername, 'musavir.trch@outlook.com');\n_Methods.default.fillInput(_loginLocators.default.loginPassword, 'test123');\n_Methods.default.clickButton(_loginLocators.default.loginButton);\n_Methods.default.clickButton(_loginLocators.default.globalButton);\n_Methods.default.clickButton(_loginLocators.default.turkishLanguageButton);\n_Methods.default.clickButton(_createManuelUploadItemLocators.default.uploadItemButtonDashboard);\n_Methods.default.clickButton(_createManuelUploadItemLocators.default.pleaseSelectCompany);\n_Methods.default.clickButton(_createManuelUploadItemLocators.default.musteriTrchSelected);\n_Methods.default.clickButton(_createManuelUploadItemLocators.default.uploadItemSelectFirmModalNextButton);\n_Methods.default.clickButton(_createManuelUploadItemLocators.default.manuelUploadItemButtonServicesModal);\n_Methods.default.clickElementTrigger(_createManuelUploadItemLocators.default.createButtonServicesModal);\nfunction generateProductName(length) {\n  const characters = 'ABCDEFGHIJKLMNOPQRSTUVWXYZabcdefghijklmnopqrstuvwxyz';\n  let randomWord = '';\n  for (let i = 0; i < length; i++) {\n    const randomIndex = Math.floor(Math.random() * characters.length);\n    randomWord += characters.charAt(randomIndex);\n  }\n  return randomWord;\n}\nconst productName = generateProductName(6);\n_Methods.default.fillInput(_createManuelUploadItemLocators.default.productIdTextBoxCMD, productName);\n_Methods.default.fillInput(_createManuelUploadItemLocators.default.grossWeightCMD, '10');\nfunction generateProductDescription(length) {\n  const characters = 'ABCDEFGHIJKLMNOPQRSTUVWXYZabcdefghijklmnopqrstuvwxyz';\n  let randomWord = '';\n  for (let i = 0; i < length; i++) {\n    const randomIndex = Math.floor(Math.random() * characters.length);\n    randomWord += characters.charAt(randomIndex);\n  }\n  return randomWord;\n}\nconst productDescription = generateProductDescription(6);\n_Methods.default.fillInput(_createManuelUploadItemLocators.default.productDescriptionTextBoxTRCMD, productDescription);\n_Methods.default.checkTextIsVisible('Lütfen Eşya kodlarının karşısında bulunan alanları giriniz', true);",
              "err": {
                "message": "CypressError: Timed out retrying after 20000ms: `cy.clear()` failed because this element:\n\n`<input placeholder=\"Eşya Kodu\" class=\"ant-input css-w89hjl ant-input-outlined\" type=\"text\" value=\"\" style=\"border: 2px solid red; box-shadow: 0px 0px 10px 5px rgba(255, 0, 0, 0.5);\">`\n\nis being covered by another element:\n\n`<div tabindex=\"-1\" class=\"ant-modal-wrap\">...</div>`\n\nFix this problem, or use {force: true} to disable error checking.\n\nhttps://on.cypress.io/element-cannot-be-interacted-with",
                "estack": "CypressError: Timed out retrying after 20000ms: `cy.clear()` failed because this element:\n\n`<input placeholder=\"Eşya Kodu\" class=\"ant-input css-w89hjl ant-input-outlined\" type=\"text\" value=\"\" style=\"border: 2px solid red; box-shadow: 0px 0px 10px 5px rgba(255, 0, 0, 0.5);\">`\n\nis being covered by another element:\n\n`<div tabindex=\"-1\" class=\"ant-modal-wrap\">...</div>`\n\nFix this problem, or use {force: true} to disable error checking.\n\nhttps://on.cypress.io/element-cannot-be-interacted-with\n    at ensureIsDescendent (https://test-productcatalog.singlewindow.io/__cypress/runner/cypress_runner.js:113057:68)\n    at ensureDescendents (https://test-productcatalog.singlewindow.io/__cypress/runner/cypress_runner.js:113108:5)\n    at ensureDescendentsAndScroll (https://test-productcatalog.singlewindow.io/__cypress/runner/cypress_runner.js:113114:14)\n    at ensureElIsNotCovered (https://test-productcatalog.singlewindow.io/__cypress/runner/cypress_runner.js:113245:5)\n    at runAllChecks (https://test-productcatalog.singlewindow.io/__cypress/runner/cypress_runner.js:113444:52)\n    at retryActionability (https://test-productcatalog.singlewindow.io/__cypress/runner/cypress_runner.js:113481:16)\n    at tryCatcher (https://test-productcatalog.singlewindow.io/__cypress/runner/cypress_runner.js:1777:23)\n    at Promise.attempt.Promise.try (https://test-productcatalog.singlewindow.io/__cypress/runner/cypress_runner.js:4285:29)\n    at whenStable (https://test-productcatalog.singlewindow.io/__cypress/runner/cypress_runner.js:145828:68)\n    at <unknown> (https://test-productcatalog.singlewindow.io/__cypress/runner/cypress_runner.js:145769:14)\n    at tryCatcher (https://test-productcatalog.singlewindow.io/__cypress/runner/cypress_runner.js:1777:23)\n    at Promise._settlePromiseFromHandler (https://test-productcatalog.singlewindow.io/__cypress/runner/cypress_runner.js:1489:31)\n    at Promise._settlePromise (https://test-productcatalog.singlewindow.io/__cypress/runner/cypress_runner.js:1546:18)\n    at Promise._settlePromise0 (https://test-productcatalog.singlewindow.io/__cypress/runner/cypress_runner.js:1591:10)\n    at Promise._settlePromises (https://test-productcatalog.singlewindow.io/__cypress/runner/cypress_runner.js:1671:18)\n    at Promise._fulfill (https://test-productcatalog.singlewindow.io/__cypress/runner/cypress_runner.js:1615:18)\n    at <unknown> (https://test-productcatalog.singlewindow.io/__cypress/runner/cypress_runner.js:5420:46)",
                "diff": null
              },
              "uuid": "e2852530-7b71-4fb0-91e7-d1bb16975a1e",
              "parentUUID": "50cc7d98-caff-4950-b086-264d65c5d4a6",
              "isHook": false,
              "skipped": false
            },
            {
              "title": "12.Net ağırlık girildiğinde Brüt Ağırlık ve Ağırlık Biriminden en az biri girilmemişse uyarı gelmeli",
              "fullTitle": "Create Manuel Upload Item 12.Net ağırlık girildiğinde Brüt Ağırlık ve Ağırlık Biriminden en az biri girilmemişse uyarı gelmeli",
              "timedOut": null,
              "duration": 24367,
              "state": "failed",
              "speed": null,
              "pass": false,
              "fail": true,
              "pending": false,
              "context": null,
              "code": "_Methods.default.visit();\nCypress.on('uncaught:exception', (err, runnable) => {\n  return false;\n});\n_Methods.default.clickButton(_loginLocators.default.loginUsername);\n_Methods.default.fillInput(_loginLocators.default.loginUsername, 'musavir.trch@outlook.com');\n_Methods.default.fillInput(_loginLocators.default.loginPassword, 'test123');\n_Methods.default.clickButton(_loginLocators.default.loginButton);\n_Methods.default.clickButton(_loginLocators.default.globalButton);\n_Methods.default.clickButton(_loginLocators.default.turkishLanguageButton);\n_Methods.default.clickButton(_createManuelUploadItemLocators.default.uploadItemButtonDashboard);\n_Methods.default.clickButton(_createManuelUploadItemLocators.default.pleaseSelectCompany);\n_Methods.default.clickButton(_createManuelUploadItemLocators.default.musteriTrchSelected);\n_Methods.default.clickButton(_createManuelUploadItemLocators.default.uploadItemSelectFirmModalNextButton);\n_Methods.default.clickButton(_createManuelUploadItemLocators.default.manuelUploadItemButtonServicesModal);\n_Methods.default.clickElementTrigger(_createManuelUploadItemLocators.default.createButtonServicesModal);\nfunction generateProductName(length) {\n  const characters = 'ABCDEFGHIJKLMNOPQRSTUVWXYZabcdefghijklmnopqrstuvwxyz';\n  let randomWord = '';\n  for (let i = 0; i < length; i++) {\n    const randomIndex = Math.floor(Math.random() * characters.length);\n    randomWord += characters.charAt(randomIndex);\n  }\n  return randomWord;\n}\nconst productName = generateProductName(6);\n_Methods.default.fillInput(_createManuelUploadItemLocators.default.productIdTextBoxCMD, productName);\n_Methods.default.fillInput(_createManuelUploadItemLocators.default.netWeightCMD, '10');\nfunction generateProductDescription(length) {\n  const characters = 'ABCDEFGHIJKLMNOPQRSTUVWXYZabcdefghijklmnopqrstuvwxyz';\n  let randomWord = '';\n  for (let i = 0; i < length; i++) {\n    const randomIndex = Math.floor(Math.random() * characters.length);\n    randomWord += characters.charAt(randomIndex);\n  }\n  return randomWord;\n}\nconst productDescription = generateProductDescription(6);\n_Methods.default.fillInput(_createManuelUploadItemLocators.default.productDescriptionTextBoxTRCMD, productDescription);\n_Methods.default.checkTextIsVisible('Lütfen Eşya kodlarının karşısında bulunan alanları giriniz', true);",
              "err": {
                "message": "CypressError: Timed out retrying after 20000ms: `cy.clear()` failed because this element:\n\n`<input placeholder=\"Eşya Kodu\" class=\"ant-input css-w89hjl ant-input-outlined\" type=\"text\" value=\"\" style=\"border: 2px solid red; box-shadow: 0px 0px 10px 5px rgba(255, 0, 0, 0.5);\">`\n\nis being covered by another element:\n\n`<div tabindex=\"-1\" class=\"ant-modal-wrap\">...</div>`\n\nFix this problem, or use {force: true} to disable error checking.\n\nhttps://on.cypress.io/element-cannot-be-interacted-with",
                "estack": "CypressError: Timed out retrying after 20000ms: `cy.clear()` failed because this element:\n\n`<input placeholder=\"Eşya Kodu\" class=\"ant-input css-w89hjl ant-input-outlined\" type=\"text\" value=\"\" style=\"border: 2px solid red; box-shadow: 0px 0px 10px 5px rgba(255, 0, 0, 0.5);\">`\n\nis being covered by another element:\n\n`<div tabindex=\"-1\" class=\"ant-modal-wrap\">...</div>`\n\nFix this problem, or use {force: true} to disable error checking.\n\nhttps://on.cypress.io/element-cannot-be-interacted-with\n    at ensureIsDescendent (https://test-productcatalog.singlewindow.io/__cypress/runner/cypress_runner.js:113057:68)\n    at ensureDescendents (https://test-productcatalog.singlewindow.io/__cypress/runner/cypress_runner.js:113108:5)\n    at ensureDescendentsAndScroll (https://test-productcatalog.singlewindow.io/__cypress/runner/cypress_runner.js:113114:14)\n    at ensureElIsNotCovered (https://test-productcatalog.singlewindow.io/__cypress/runner/cypress_runner.js:113245:5)\n    at runAllChecks (https://test-productcatalog.singlewindow.io/__cypress/runner/cypress_runner.js:113444:52)\n    at retryActionability (https://test-productcatalog.singlewindow.io/__cypress/runner/cypress_runner.js:113481:16)\n    at tryCatcher (https://test-productcatalog.singlewindow.io/__cypress/runner/cypress_runner.js:1777:23)\n    at Promise.attempt.Promise.try (https://test-productcatalog.singlewindow.io/__cypress/runner/cypress_runner.js:4285:29)\n    at whenStable (https://test-productcatalog.singlewindow.io/__cypress/runner/cypress_runner.js:145828:68)\n    at <unknown> (https://test-productcatalog.singlewindow.io/__cypress/runner/cypress_runner.js:145769:14)\n    at tryCatcher (https://test-productcatalog.singlewindow.io/__cypress/runner/cypress_runner.js:1777:23)\n    at Promise._settlePromiseFromHandler (https://test-productcatalog.singlewindow.io/__cypress/runner/cypress_runner.js:1489:31)\n    at Promise._settlePromise (https://test-productcatalog.singlewindow.io/__cypress/runner/cypress_runner.js:1546:18)\n    at Promise._settlePromise0 (https://test-productcatalog.singlewindow.io/__cypress/runner/cypress_runner.js:1591:10)\n    at Promise._settlePromises (https://test-productcatalog.singlewindow.io/__cypress/runner/cypress_runner.js:1671:18)\n    at Promise._fulfill (https://test-productcatalog.singlewindow.io/__cypress/runner/cypress_runner.js:1615:18)\n    at <unknown> (https://test-productcatalog.singlewindow.io/__cypress/runner/cypress_runner.js:5420:46)",
                "diff": null
              },
              "uuid": "a8c312df-1eb6-4b66-bd1e-9c76f9fb29ff",
              "parentUUID": "50cc7d98-caff-4950-b086-264d65c5d4a6",
              "isHook": false,
              "skipped": false
            },
            {
              "title": "13.Ağırlık Birimi girildiğinde Net Ağırlık ve Brüt Biriminden en az biri girilmemişse uyarı gelmeli",
              "fullTitle": "Create Manuel Upload Item 13.Ağırlık Birimi girildiğinde Net Ağırlık ve Brüt Biriminden en az biri girilmemişse uyarı gelmeli",
              "timedOut": null,
              "duration": 24302,
              "state": "failed",
              "speed": null,
              "pass": false,
              "fail": true,
              "pending": false,
              "context": null,
              "code": "_Methods.default.visit();\nCypress.on('uncaught:exception', (err, runnable) => {\n  return false;\n});\n_Methods.default.clickButton(_loginLocators.default.loginUsername);\n_Methods.default.fillInput(_loginLocators.default.loginUsername, 'musavir.trch@outlook.com');\n_Methods.default.fillInput(_loginLocators.default.loginPassword, 'test123');\n_Methods.default.clickButton(_loginLocators.default.loginButton);\n_Methods.default.clickButton(_loginLocators.default.globalButton);\n_Methods.default.clickButton(_loginLocators.default.turkishLanguageButton);\n_Methods.default.clickButton(_createManuelUploadItemLocators.default.uploadItemButtonDashboard);\n_Methods.default.clickButton(_createManuelUploadItemLocators.default.pleaseSelectCompany);\n_Methods.default.clickButton(_createManuelUploadItemLocators.default.musteriTrchSelected);\n_Methods.default.clickButton(_createManuelUploadItemLocators.default.uploadItemSelectFirmModalNextButton);\n_Methods.default.clickButton(_createManuelUploadItemLocators.default.manuelUploadItemButtonServicesModal);\n_Methods.default.clickElementTrigger(_createManuelUploadItemLocators.default.createButtonServicesModal);\nfunction generateProductName(length) {\n  const characters = 'ABCDEFGHIJKLMNOPQRSTUVWXYZabcdefghijklmnopqrstuvwxyz';\n  let randomWord = '';\n  for (let i = 0; i < length; i++) {\n    const randomIndex = Math.floor(Math.random() * characters.length);\n    randomWord += characters.charAt(randomIndex);\n  }\n  return randomWord;\n}\nconst productName = generateProductName(6);\n_Methods.default.fillInput(_createManuelUploadItemLocators.default.productIdTextBoxCMD, productName);\nfunction generateProductDescription(length) {\n  const characters = 'ABCDEFGHIJKLMNOPQRSTUVWXYZabcdefghijklmnopqrstuvwxyz';\n  let randomWord = '';\n  for (let i = 0; i < length; i++) {\n    const randomIndex = Math.floor(Math.random() * characters.length);\n    randomWord += characters.charAt(randomIndex);\n  }\n  return randomWord;\n}\nconst productDescription = generateProductDescription(6);\n_Methods.default.fillInput(_createManuelUploadItemLocators.default.productDescriptionTextBoxTRCMD, productDescription);\n_Methods.default.clickButton(_createManuelUploadItemLocators.default.weightUnitOfMeasureCMD);\n_Methods.default.clickText('KG');\n_Methods.default.checkTextIsVisible('Lütfen Eşya kodlarının karşısında bulunan alanları giriniz', true);",
              "err": {
                "message": "CypressError: Timed out retrying after 20000ms: `cy.clear()` failed because this element:\n\n`<input placeholder=\"Eşya Kodu\" class=\"ant-input css-w89hjl ant-input-outlined\" type=\"text\" value=\"\" style=\"border: 2px solid red; box-shadow: 0px 0px 10px 5px rgba(255, 0, 0, 0.5);\">`\n\nis being covered by another element:\n\n`<div tabindex=\"-1\" class=\"ant-modal-wrap\">...</div>`\n\nFix this problem, or use {force: true} to disable error checking.\n\nhttps://on.cypress.io/element-cannot-be-interacted-with",
                "estack": "CypressError: Timed out retrying after 20000ms: `cy.clear()` failed because this element:\n\n`<input placeholder=\"Eşya Kodu\" class=\"ant-input css-w89hjl ant-input-outlined\" type=\"text\" value=\"\" style=\"border: 2px solid red; box-shadow: 0px 0px 10px 5px rgba(255, 0, 0, 0.5);\">`\n\nis being covered by another element:\n\n`<div tabindex=\"-1\" class=\"ant-modal-wrap\">...</div>`\n\nFix this problem, or use {force: true} to disable error checking.\n\nhttps://on.cypress.io/element-cannot-be-interacted-with\n    at ensureIsDescendent (https://test-productcatalog.singlewindow.io/__cypress/runner/cypress_runner.js:113057:68)\n    at ensureDescendents (https://test-productcatalog.singlewindow.io/__cypress/runner/cypress_runner.js:113108:5)\n    at ensureDescendentsAndScroll (https://test-productcatalog.singlewindow.io/__cypress/runner/cypress_runner.js:113114:14)\n    at ensureElIsNotCovered (https://test-productcatalog.singlewindow.io/__cypress/runner/cypress_runner.js:113245:5)\n    at runAllChecks (https://test-productcatalog.singlewindow.io/__cypress/runner/cypress_runner.js:113444:52)\n    at retryActionability (https://test-productcatalog.singlewindow.io/__cypress/runner/cypress_runner.js:113481:16)\n    at tryCatcher (https://test-productcatalog.singlewindow.io/__cypress/runner/cypress_runner.js:1777:23)\n    at Promise.attempt.Promise.try (https://test-productcatalog.singlewindow.io/__cypress/runner/cypress_runner.js:4285:29)\n    at whenStable (https://test-productcatalog.singlewindow.io/__cypress/runner/cypress_runner.js:145828:68)\n    at <unknown> (https://test-productcatalog.singlewindow.io/__cypress/runner/cypress_runner.js:145769:14)\n    at tryCatcher (https://test-productcatalog.singlewindow.io/__cypress/runner/cypress_runner.js:1777:23)\n    at Promise._settlePromiseFromHandler (https://test-productcatalog.singlewindow.io/__cypress/runner/cypress_runner.js:1489:31)\n    at Promise._settlePromise (https://test-productcatalog.singlewindow.io/__cypress/runner/cypress_runner.js:1546:18)\n    at Promise._settlePromise0 (https://test-productcatalog.singlewindow.io/__cypress/runner/cypress_runner.js:1591:10)\n    at Promise._settlePromises (https://test-productcatalog.singlewindow.io/__cypress/runner/cypress_runner.js:1671:18)\n    at Promise._fulfill (https://test-productcatalog.singlewindow.io/__cypress/runner/cypress_runner.js:1615:18)\n    at <unknown> (https://test-productcatalog.singlewindow.io/__cypress/runner/cypress_runner.js:5420:46)",
                "diff": null
              },
              "uuid": "74ba38ec-629b-4fd1-8c6a-bf1613cdeffb",
              "parentUUID": "50cc7d98-caff-4950-b086-264d65c5d4a6",
              "isHook": false,
              "skipped": false
            },
            {
              "title": "14.Eşya Grup Kodu Alanına Giriş Yapılınca Başarıyla Kaydetmesi",
              "fullTitle": "Create Manuel Upload Item 14.Eşya Grup Kodu Alanına Giriş Yapılınca Başarıyla Kaydetmesi",
              "timedOut": null,
              "duration": 24377,
              "state": "failed",
              "speed": null,
              "pass": false,
              "fail": true,
              "pending": false,
              "context": null,
              "code": "_Methods.default.visit();\nCypress.on('uncaught:exception', (err, runnable) => {\n  return false;\n});\n_Methods.default.clickButton(_loginLocators.default.loginUsername);\n_Methods.default.fillInput(_loginLocators.default.loginUsername, 'musavir.trch@outlook.com');\n_Methods.default.fillInput(_loginLocators.default.loginPassword, 'test123');\n_Methods.default.clickButton(_loginLocators.default.loginButton);\n_Methods.default.clickButton(_loginLocators.default.globalButton);\n_Methods.default.clickButton(_loginLocators.default.turkishLanguageButton);\n_Methods.default.clickButton(_createManuelUploadItemLocators.default.uploadItemButtonDashboard);\n_Methods.default.clickButton(_createManuelUploadItemLocators.default.pleaseSelectCompany);\n_Methods.default.clickButton(_createManuelUploadItemLocators.default.musteriTrchSelected);\n_Methods.default.clickButton(_createManuelUploadItemLocators.default.uploadItemSelectFirmModalNextButton);\n_Methods.default.clickButton(_createManuelUploadItemLocators.default.manuelUploadItemButtonServicesModal);\n_Methods.default.clickElementTrigger(_createManuelUploadItemLocators.default.createButtonServicesModal);\nfunction generateProductName(length) {\n  const characters = 'ABCDEFGHIJKLMNOPQRSTUVWXYZabcdefghijklmnopqrstuvwxyz';\n  let randomWord = '';\n  for (let i = 0; i < length; i++) {\n    const randomIndex = Math.floor(Math.random() * characters.length);\n    randomWord += characters.charAt(randomIndex);\n  }\n  return randomWord;\n}\nconst productName = generateProductName(6);\n_Methods.default.fillInput(_createManuelUploadItemLocators.default.productIdTextBoxCMD, productName);\n_Methods.default.fillInput(_createManuelUploadItemLocators.default.productGroupCodeTextCMD, 'testEşyaGrupKodu');\nfunction generateProductDescription(length) {\n  const characters = 'ABCDEFGHIJKLMNOPQRSTUVWXYZabcdefghijklmnopqrstuvwxyz';\n  let randomWord = '';\n  for (let i = 0; i < length; i++) {\n    const randomIndex = Math.floor(Math.random() * characters.length);\n    randomWord += characters.charAt(randomIndex);\n  }\n  return randomWord;\n}\nconst productDescription = generateProductDescription(6);\n_Methods.default.fillInput(_createManuelUploadItemLocators.default.productDescriptionTextBoxTRCMD, productDescription);\n_Methods.default.fillInput(_createManuelUploadItemLocators.default.productDescriptionTextBoxDECMD, 'test');\n_Methods.default.clickElementTrigger(_createManuelUploadItemLocators.default.submitButtonInCreateDataScreen);\n_Methods.default.clickButton(_createManuelUploadItemLocators.default.submitButtonOnSubmitModalCMD);\n_Methods.default.clickButton(_createManuelUploadItemLocators.default.productPoolButtonSubmitModalCMD);\n_Methods.default.shouldHaveText(_createManuelUploadItemLocators.default.productPoolProductGroupCodeFirstText, \"testEşyaGrupKodu\");",
              "err": {
                "message": "CypressError: Timed out retrying after 20000ms: `cy.clear()` failed because this element:\n\n`<input placeholder=\"Eşya Kodu\" class=\"ant-input css-w89hjl ant-input-outlined\" type=\"text\" value=\"\" style=\"border: 2px solid red; box-shadow: 0px 0px 10px 5px rgba(255, 0, 0, 0.5);\">`\n\nis being covered by another element:\n\n`<div tabindex=\"-1\" class=\"ant-modal-wrap\">...</div>`\n\nFix this problem, or use {force: true} to disable error checking.\n\nhttps://on.cypress.io/element-cannot-be-interacted-with",
                "estack": "CypressError: Timed out retrying after 20000ms: `cy.clear()` failed because this element:\n\n`<input placeholder=\"Eşya Kodu\" class=\"ant-input css-w89hjl ant-input-outlined\" type=\"text\" value=\"\" style=\"border: 2px solid red; box-shadow: 0px 0px 10px 5px rgba(255, 0, 0, 0.5);\">`\n\nis being covered by another element:\n\n`<div tabindex=\"-1\" class=\"ant-modal-wrap\">...</div>`\n\nFix this problem, or use {force: true} to disable error checking.\n\nhttps://on.cypress.io/element-cannot-be-interacted-with\n    at ensureIsDescendent (https://test-productcatalog.singlewindow.io/__cypress/runner/cypress_runner.js:113057:68)\n    at ensureDescendents (https://test-productcatalog.singlewindow.io/__cypress/runner/cypress_runner.js:113108:5)\n    at ensureDescendentsAndScroll (https://test-productcatalog.singlewindow.io/__cypress/runner/cypress_runner.js:113114:14)\n    at ensureElIsNotCovered (https://test-productcatalog.singlewindow.io/__cypress/runner/cypress_runner.js:113245:5)\n    at runAllChecks (https://test-productcatalog.singlewindow.io/__cypress/runner/cypress_runner.js:113444:52)\n    at retryActionability (https://test-productcatalog.singlewindow.io/__cypress/runner/cypress_runner.js:113481:16)\n    at tryCatcher (https://test-productcatalog.singlewindow.io/__cypress/runner/cypress_runner.js:1777:23)\n    at Promise.attempt.Promise.try (https://test-productcatalog.singlewindow.io/__cypress/runner/cypress_runner.js:4285:29)\n    at whenStable (https://test-productcatalog.singlewindow.io/__cypress/runner/cypress_runner.js:145828:68)\n    at <unknown> (https://test-productcatalog.singlewindow.io/__cypress/runner/cypress_runner.js:145769:14)\n    at tryCatcher (https://test-productcatalog.singlewindow.io/__cypress/runner/cypress_runner.js:1777:23)\n    at Promise._settlePromiseFromHandler (https://test-productcatalog.singlewindow.io/__cypress/runner/cypress_runner.js:1489:31)\n    at Promise._settlePromise (https://test-productcatalog.singlewindow.io/__cypress/runner/cypress_runner.js:1546:18)\n    at Promise._settlePromise0 (https://test-productcatalog.singlewindow.io/__cypress/runner/cypress_runner.js:1591:10)\n    at Promise._settlePromises (https://test-productcatalog.singlewindow.io/__cypress/runner/cypress_runner.js:1671:18)\n    at Promise._fulfill (https://test-productcatalog.singlewindow.io/__cypress/runner/cypress_runner.js:1615:18)\n    at <unknown> (https://test-productcatalog.singlewindow.io/__cypress/runner/cypress_runner.js:5420:46)",
                "diff": null
              },
              "uuid": "926e3f7e-e79e-4b17-99f3-719af6ec4ff9",
              "parentUUID": "50cc7d98-caff-4950-b086-264d65c5d4a6",
              "isHook": false,
              "skipped": false
            },
            {
              "title": "15.Eşya Grup Kodu Alanına Giriş Yapılmaması durumunda sistem tarafından grup kodu atanır",
              "fullTitle": "Create Manuel Upload Item 15.Eşya Grup Kodu Alanına Giriş Yapılmaması durumunda sistem tarafından grup kodu atanır",
              "timedOut": null,
              "duration": 24439,
              "state": "failed",
              "speed": null,
              "pass": false,
              "fail": true,
              "pending": false,
              "context": null,
[...]
              "pass": false,
              "fail": true,
              "pending": false,
              "context": null,
              "code": "_Methods.default.visit();\nCypress.on('uncaught:exception', (err, runnable) => {\n  return false;\n});\n_Methods.default.clickButton(_loginLocators.default.loginUsername);\n_Methods.default.fillInput(_loginLocators.default.loginUsername, 'musavir.trch@outlook.com');\n_Methods.default.fillInput(_loginLocators.default.loginPassword, 'test123');\n_Methods.default.clickButton(_loginLocators.default.loginButton);\n_Methods.default.clickButton(_loginLocators.default.globalButton);\n_Methods.default.clickButton(_loginLocators.default.turkishLanguageButton);\n_Methods.default.clickButton(_createManuelUploadItemLocators.default.uploadItemButtonDashboard);\n_Methods.default.clickButton(_createManuelUploadItemLocators.default.pleaseSelectCompany);\n_Methods.default.clickButton(_createManuelUploadItemLocators.default.musteriTrchSelected);\n_Methods.default.clickButton(_createManuelUploadItemLocators.default.uploadItemSelectFirmModalNextButton);\n_Methods.default.clickButton(_createManuelUploadItemLocators.default.manuelUploadItemButtonServicesModal);\n_Methods.default.wait(700);\n_Methods.default.unselectCheckbox(_productPoolLocators.default.chGTİPCheckbox);\n_Methods.default.unselectCheckbox(_productPoolLocators.default.chDualUseCheckbox);\n_Methods.default.unselectCheckbox(_productPoolLocators.default.chYaptırımlarıCheckbox);\n_Methods.default.unselectCheckbox(_productPoolLocators.default.deGTİPCheckbox);\n_Methods.default.unselectCheckbox(_productPoolLocators.default.deDualUseCheckbox);\n_Methods.default.unselectCheckbox(_productPoolLocators.default.deSKDMCheckbox);\n_Methods.default.unselectCheckbox(_productPoolLocators.default.euGTİPCheckbox);\n_Methods.default.unselectCheckbox(_productPoolLocators.default.euSKDMCheckbox);\n_Methods.default.unselectCheckbox(_productPoolLocators.default.ukGTİPCheckbox);\n_Methods.default.unselectCheckbox(_productPoolLocators.default.trGümrükMevzuatıCheckbox);\n_Methods.default.wait(1000);\n_Methods.default.clickElementTrigger(_createManuelUploadItemLocators.default.createButtonServicesModal);\nfunction generateProductName(length) {\n  const characters = 'ABCDEFGHIJKLMNOPQRSTUVWXYZabcdefghijklmnopqrstuvwxyz';\n  let randomWord = '';\n  for (let i = 0; i < length; i++) {\n    const randomIndex = Math.floor(Math.random() * characters.length);\n    randomWord += characters.charAt(randomIndex);\n  }\n  return randomWord;\n}\nconst productName = generateProductName(6);\n_Methods.default.fillInput(_createManuelUploadItemLocators.default.productIdTextBoxCMD, productName);\nfunction generateProductDescription(length) {\n  const characters = 'ABCDEFGHIJKLMNOPQRSTUVWXYZabcdefghijklmnopqrstuvwxyz';\n  let randomWord = '';\n  for (let i = 0; i < length; i++) {\n    const randomIndex = Math.floor(Math.random() * characters.length);\n    randomWord += characters.charAt(randomIndex);\n  }\n  return randomWord;\n}\nconst productDescription = generateProductDescription(6);\n_Methods.default.fillInput(_createManuelUploadItemLocators.default.productDescriptionTextBoxTRCMD, productDescription);\n_Methods.default.realClickElement(_createManuelUploadItemLocators.default.productDescriptionTextBoxDECMD);\n_Methods.default.clickButton(_createManuelUploadItemLocators.default.submitButtonInCreateDataScreen);\n_Methods.default.clickButton(_createManuelUploadItemLocators.default.submitButtonInCreateDataScreen);\n_Methods.default.wait(600);\n_Methods.default.clickButton(_createManuelUploadItemLocators.default.submitButtonOnSubmitModalCMD);\n_Methods.default.wait(600);\n_Methods.default.clickButton(_productPoolLocators.default.productPoolButtonInTrackingMonitorDropdown);\n_Methods.default.checkTextIsVisible(productName, true);\n_Methods.default.wait(500);\n_Methods.default.selectCheckbox(_productPoolLocators.default.PPTrGümrükMevzuatıCheckbox);\n_Methods.default.checkTextIsNotPresent(productName, true);",
              "err": {
                "message": "CypressError: Timed out retrying after 20000ms: `cy.clear()` failed because this element:\n\n`<input placeholder=\"Eşya Kodu\" class=\"ant-input css-w89hjl ant-input-outlined\" type=\"text\" value=\"\" style=\"border: 2px solid red; box-shadow: 0px 0px 10px 5px rgba(255, 0, 0, 0.5);\">`\n\nis being covered by another element:\n\n`<div tabindex=\"-1\" class=\"ant-modal-wrap\">...</div>`\n\nFix this problem, or use {force: true} to disable error checking.\n\nhttps://on.cypress.io/element-cannot-be-interacted-with",
                "estack": "CypressError: Timed out retrying after 20000ms: `cy.clear()` failed because this element:\n\n`<input placeholder=\"Eşya Kodu\" class=\"ant-input css-w89hjl ant-input-outlined\" type=\"text\" value=\"\" style=\"border: 2px solid red; box-shadow: 0px 0px 10px 5px rgba(255, 0, 0, 0.5);\">`\n\nis being covered by another element:\n\n`<div tabindex=\"-1\" class=\"ant-modal-wrap\">...</div>`\n\nFix this problem, or use {force: true} to disable error checking.\n\nhttps://on.cypress.io/element-cannot-be-interacted-with\n    at ensureIsDescendent (https://test-productcatalog.singlewindow.io/__cypress/runner/cypress_runner.js:113057:68)\n    at ensureDescendents (https://test-productcatalog.singlewindow.io/__cypress/runner/cypress_runner.js:113108:5)\n    at ensureDescendentsAndScroll (https://test-productcatalog.singlewindow.io/__cypress/runner/cypress_runner.js:113114:14)\n    at ensureElIsNotCovered (https://test-productcatalog.singlewindow.io/__cypress/runner/cypress_runner.js:113245:5)\n    at runAllChecks (https://test-productcatalog.singlewindow.io/__cypress/runner/cypress_runner.js:113444:52)\n    at retryActionability (https://test-productcatalog.singlewindow.io/__cypress/runner/cypress_runner.js:113481:16)\n    at tryCatcher (https://test-productcatalog.singlewindow.io/__cypress/runner/cypress_runner.js:1777:23)\n    at Promise.attempt.Promise.try (https://test-productcatalog.singlewindow.io/__cypress/runner/cypress_runner.js:4285:29)\n    at whenStable (https://test-productcatalog.singlewindow.io/__cypress/runner/cypress_runner.js:145828:68)\n    at <unknown> (https://test-productcatalog.singlewindow.io/__cypress/runner/cypress_runner.js:145769:14)\n    at tryCatcher (https://test-productcatalog.singlewindow.io/__cypress/runner/cypress_runner.js:1777:23)\n    at Promise._settlePromiseFromHandler (https://test-productcatalog.singlewindow.io/__cypress/runner/cypress_runner.js:1489:31)\n    at Promise._settlePromise (https://test-productcatalog.singlewindow.io/__cypress/runner/cypress_runner.js:1546:18)\n    at Promise._settlePromise0 (https://test-productcatalog.singlewindow.io/__cypress/runner/cypress_runner.js:1591:10)\n    at Promise._settlePromises (https://test-productcatalog.singlewindow.io/__cypress/runner/cypress_runner.js:1671:18)\n    at Promise._fulfill (https://test-productcatalog.singlewindow.io/__cypress/runner/cypress_runner.js:1615:18)\n    at <unknown> (https://test-productcatalog.singlewindow.io/__cypress/runner/cypress_runner.js:5420:46)",
                "diff": null
              },
              "uuid": "c2da4912-c7e3-43ae-b4b9-e8969eb8223d",
              "parentUUID": "8a7d3a1d-7802-41e8-b538-9b98e0339dad",
              "isHook": false,
              "skipped": false
            },
            {
              "title": "01.Başarılı bir şekilde sayfanın açıldığı ve kolonların geldiği görülür.",
              "fullTitle": "Product Pool 01.Başarılı bir şekilde sayfanın açıldığı ve kolonların geldiği görülür.",
              "timedOut": null,
              "duration": 3106,
              "state": "passed",
              "speed": "fast",
              "pass": true,
              "fail": false,
              "pending": false,
              "context": null,
              "code": "_Methods.default.visit();\nCypress.on('uncaught:exception', (err, runnable) => {\n  return false;\n});\n_Methods.default.clickButton(_loginLocators.default.loginUsername);\n_Methods.default.fillInput(_loginLocators.default.loginUsername, 'musavir.trch@outlook.com');\n_Methods.default.fillInput(_loginLocators.default.loginPassword, 'test123');\n_Methods.default.clickButton(_loginLocators.default.loginButton);\n_Methods.default.clickButton(_loginLocators.default.globalButton);\n_Methods.default.clickButton(_loginLocators.default.turkishLanguageButton);\n_Methods.default.clickButton(_productPoolLocators.default.trackingMonitorButtonOnTab);\n_Methods.default.clickButton(_productPoolLocators.default.productPoolButtonInTrackingMonitorDropdown);\n_Methods.default.checkTextIsVisible('Eşya Atama Havuzu', true);\n_Methods.default.checkTextIsVisible('Tür', true);\n_Methods.default.checkTextIsVisible('Eşya Kodu', true);",
              "err": {},
              "uuid": "52a8546f-c439-49f7-b23e-89b6b1af5306",
              "parentUUID": "8a7d3a1d-7802-41e8-b538-9b98e0339dad",
              "isHook": false,
              "skipped": false
            },
            {
              "title": "02.Başarılı bir şekilde sayfanın açıldıktan sonra kolonların ülke/hizmet filtresine göre düzgün geldiği görülür.",
              "fullTitle": "Product Pool 02.Başarılı bir şekilde sayfanın açıldıktan sonra kolonların ülke/hizmet filtresine göre düzgün geldiği görülür.",
              "timedOut": null,
              "duration": 3261,
              "state": "passed",
              "speed": "fast",
              "pass": true,
              "fail": false,
              "pending": false,
              "context": null,
              "code": "_Methods.default.visit();\nCypress.on('uncaught:exception', (err, runnable) => {\n  return false;\n});\n_Methods.default.clickButton(_loginLocators.default.loginUsername);\n_Methods.default.fillInput(_loginLocators.default.loginUsername, 'musavir.trch@outlook.com');\n_Methods.default.fillInput(_loginLocators.default.loginPassword, 'test123');\n_Methods.default.clickButton(_loginLocators.default.loginButton);\n_Methods.default.clickButton(_loginLocators.default.globalButton);\n_Methods.default.clickButton(_loginLocators.default.turkishLanguageButton);\n_Methods.default.clickButton(_productPoolLocators.default.trackingMonitorButtonOnTab);\n_Methods.default.clickButton(_productPoolLocators.default.productPoolButtonInTrackingMonitorDropdown);\n_Methods.default.checkTextIsVisible('Eşya Atama Havuzu', true);\n_Methods.default.checkTextIsVisible('Tür', true);\n_Methods.default.checkTextIsVisible('Eşya Kodu', true);\n_Methods.default.checkTextIsVisible('Firma Adı', true);\n_Methods.default.checkTextIsVisible('Atanan', true);\n_Methods.default.checkTextIsVisible('Oluşturan Kişi', true);\n_Methods.default.checkTextIsVisible('Oluşturulma Tarihi', true);\n_Methods.default.checkTextIsVisible('Eşya Tanımı', true);\n_Methods.default.checkTextIsVisible('Eşya Ticari Tanım', true);\n_Methods.default.checkTextIsVisible('Eşya Grup Kodu', true);\n_Methods.default.checkTextIsVisible('Tedarikçi Kodu', true);\n_Methods.default.checkTextIsVisible('Tedarikçi Adı', true);\n_Methods.default.checkTextIsVisible('Eşya Tarifesi - TR', true);\n_Methods.default.checkTextIsVisible('GTİP Tespiti Durumu - TR', true);",
              "err": {},
              "uuid": "aed5f9e6-0685-414e-b730-ff904a5ef103",
              "parentUUID": "8a7d3a1d-7802-41e8-b538-9b98e0339dad",
              "isHook": false,
              "skipped": false
            },
            {
              "title": "03.Genel Bilgiler filtresinin başarılı bir şekilde açılıp kapandığı görülür.",
              "fullTitle": "Product Pool 03.Genel Bilgiler filtresinin başarılı bir şekilde açılıp kapandığı görülür.",
              "timedOut": null,
              "duration": 4891,
              "state": "passed",
              "speed": "fast",
              "pass": true,
              "fail": false,
              "pending": false,
              "context": null,
              "code": "_Methods.default.visit();\nCypress.on('uncaught:exception', (err, runnable) => {\n  return false;\n});\n_Methods.default.clickButton(_loginLocators.default.loginUsername);\n_Methods.default.fillInput(_loginLocators.default.loginUsername, 'musavir.trch@outlook.com');\n_Methods.default.fillInput(_loginLocators.default.loginPassword, 'test123');\n_Methods.default.clickButton(_loginLocators.default.loginButton);\n_Methods.default.clickButton(_loginLocators.default.globalButton);\n_Methods.default.clickButton(_loginLocators.default.turkishLanguageButton);\n_Methods.default.clickButton(_productPoolLocators.default.trackingMonitorButtonOnTab);\n_Methods.default.clickButton(_productPoolLocators.default.productPoolButtonInTrackingMonitorDropdown);\n_Methods.default.clickButton(_productPoolLocators.default.collapsButtonProductPool);\n_Methods.default.shouldHaveNotItem(_productPoolLocators.default.genelBilgilerMetin);",
              "err": {},
              "uuid": "00d43408-76d6-4498-8e08-d456869ad293",
              "parentUUID": "8a7d3a1d-7802-41e8-b538-9b98e0339dad",
              "isHook": false,
              "skipped": false
            }
          ],
          "suites": [],
          "passes": [
            "52dc1c74-22e2-4758-8606-d6f51a3261cc",
            "afb73091-dcc6-40b8-aefd-db0d66562b50",
            "485ffb84-c7f5-49d6-a021-412472f8e62c",
            "74c8b1a5-a442-4cfe-9c82-26e3d3c1494e",
            "33c1ade9-c859-407b-b72a-ba9b801f6be9",
            "b0a16941-42c6-44f5-b8fd-3bf02af81365",
            "9d326330-cbe1-42e2-b0de-d4315583e81d",
            "22736330-a617-4d9b-80d1-2562525b0606",
            "fc05cbd7-d7b0-4a59-a109-23e74eccb4d9",
            "8cc84300-0691-40ab-b048-b65ba3d1e560",
            "8fb65781-ded8-4a0d-9319-9730bfe12318",
            "591bd22f-e799-4b68-a415-e75b7896c4f2",
            "cae07df3-89b2-41be-bf90-f650a8d49719",
            "ec28050a-1926-49a9-a906-ddf32c4b066d",
            "81bef01a-ea60-405e-8781-b541ac1ff09b",
            "47c2728e-3138-466e-9f0c-98b94328d6fe",
            "cd7a4546-7fb6-4cc0-9a9d-3ab4ef964ea9",
            "ac9446ed-11a0-4e08-83c8-d8ee6fe9510c",
            "5a3c325e-529a-42d8-aa24-2218ce152c2a",
            "2a77886b-8acf-4891-9872-15c93a2f9741",
            "2216ab55-77e8-4f60-afe9-0eccd1310ed8",
            "6f08b735-cfb0-4cbb-92ab-8065b5673653",
            "52a8546f-c439-49f7-b23e-89b6b1af5306",
            "aed5f9e6-0685-414e-b730-ff904a5ef103",
            "00d43408-76d6-4498-8e08-d456869ad293"
          ],
          "failures": [
            "c0b7ff31-6c93-40df-addf-079960731f8f",
            "1042f122-27f9-42e1-9ce7-95e190d6d7cc",
            "a5c90470-d732-40b8-91ad-91b97e83f272",
            "e85cae86-b15e-4dd0-80ac-00c03daef856",
            "3471f603-7fb0-45d6-9a3f-06e4ee7b6a1e",
            "9b7e53d6-c65a-4fb2-8130-9d4d2874d0ea",
            "ed0ca881-be90-484f-a7ec-71793e639f3c",
            "cb7a9b0c-f08d-44ce-8b45-c802a4a4e75f",
            "ca144a69-82e7-4b60-834e-a83a27937f84",
            "3034a0dd-881c-4016-bd54-65ddf5a314bc",
            "ec60a888-2aab-4859-8768-0341ff82a4f0",
            "c3ffee69-e7cc-415d-8aef-68401bee0bb3",
            "64443d78-057a-43a8-96d2-6d2c737c875b",
            "6cf44f08-e427-4977-a362-dd30ef15b9c8",
            "7ad20840-06f3-46c5-8ce2-e6a63ef23cea",
            "777777fa-3673-4364-840f-e023c0a522c8",
            "32c9be09-2e92-4c70-81fc-984cb147e7da",
            "25325751-5fb1-4bf9-8b7c-472e3087cf40",
            "2419681f-e9f8-473a-8e1e-75e2dfa8ea42",
            "35f865ad-f635-46ec-817b-7e8e08a13bfa",
            "069d4252-c946-46b4-8c0b-dc065df9dbab",
            "a44a1752-6e56-4d4a-97ba-54431b6e7350",
            "35d65e61-4c6c-4ce1-bd25-ec7551e31e27",
            "f68023bc-d05f-463f-9b5b-6bdc4ed87765",
            "8b5abb3c-1766-4f92-8912-a07bee876188",
            "c8258ca1-b594-47cc-ba43-5ec6bc43542c",
            "0f786546-b1f5-4d3b-b1de-236f8480a277",
            "cbc6f2b2-d1d6-48ac-934b-e27fcc555129",
            "472cc21a-59ea-4828-88ed-2eb8e7450607",
            "17c028c7-4f95-4f21-9577-9bbd7b027440",
            "0979a217-07c2-4e75-8b73-5e799448013e",
            "1111adb8-f7cb-402b-9706-1e4907ff51e0",
            "c2da4912-c7e3-43ae-b4b9-e8969eb8223d"
          ],
          "pending": [],
          "skipped": [],
          "duration": 951929,
          "root": false,
          "rootEmpty": false,
          "_timeout": 2000
        }
      ],
      "passes": [],
      "failures": [],
      "pending": [],
      "skipped": [],
      "duration": 0,
      "root": true,
      "rootEmpty": true,
      "_timeout": 2000
    },
    {
      "uuid": "06a05d1f-d890-4d88-b4e7-220e5d8d865d",
      "title": "",
      "fullFile": "cypress/e2e/excelUploadItem.cy.js",
      "file": "cypress/e2e/excelUploadItem.cy.js",
      "beforeHooks": [],
      "afterHooks": [],
      "tests": [],
      "suites": [
        {
          "uuid": "7a411b78-15a6-47d1-9f85-829eeb9e66d9",
          "title": "Excel Upload Item",
          "fullFile": "",
          "file": "",
          "beforeHooks": [],
          "afterHooks": [],
          "tests": [
            {
              "title": "Should get access token and delete commodities in single scenario",
              "fullTitle": "Excel Upload Item Should get access token and delete commodities in single scenario",
              "timedOut": null,
              "duration": 2656,
              "state": "passed",
              "speed": "fast",
              "pass": true,
              "fail": false,
              "pending": false,
              "context": null,
              "code": "let accessToken;\ncy.request({\n  method: 'POST',\n  url: `https://dev-kc.singlewindow.io/auth/realms/agsw/protocol/openid-connect/token`,\n  form: true,\n  body: {\n    grant_type: 'password',\n    username: 'musavir.trch@outlook.com',\n    password: 'test123',\n    client_id: 'product-catalog'\n  },\n  headers: {\n    'Content-Type': 'application/x-www-form-urlencoded'\n  }\n}).then(tokenResponse => {\n  expect(tokenResponse.status).to.eq(200);\n  expect(tokenResponse.body).to.have.property('access_token');\n  expect(tokenResponse.body).to.have.property('token_type', 'Bearer');\n  expect(tokenResponse.body).to.have.property('expires_in');\n  accessToken = tokenResponse.body.access_token;\n}).then(() => {\n  cy.request({\n    method: 'DELETE',\n    url: `https://test-productcatalog.singlewindow.io/api/v1-0/commodities/cleanup`,\n    qs: {\n      clientId: '3162'\n    },\n    headers: {\n      'Authorization': `Bearer ${accessToken}`,\n      'Content-Type': 'application/json'\n    }\n  }).then(deleteResponse => {\n    expect(deleteResponse.status).to.eq(204);\n  });\n});",
              "err": {},
              "uuid": "698781fd-a5e7-4e56-b304-4dd3821518a7",
              "parentUUID": "7a411b78-15a6-47d1-9f85-829eeb9e66d9",
              "isHook": false,
              "skipped": false
            }
          ],
          "suites": [],
          "passes": [
            "698781fd-a5e7-4e56-b304-4dd3821518a7"
          ],
          "failures": [],
          "pending": [],
          "skipped": [],
          "duration": 2656,
          "root": false,
          "rootEmpty": false,
          "_timeout": 2000
        }
      ],
      "passes": [],
      "failures": [],
      "pending": [],
      "skipped": [],
      "duration": 0,
      "root": true,
      "rootEmpty": true,
      "_timeout": 2000
    }
  ],
  "meta": {
    "mocha": {
      "version": "7.2.0"
    },
    "mochawesome": {
      "options": {
        "quiet": false,
        "reportFilename": "mochawesome",
        "saveHtml": false,
        "saveJson": true,
        "consoleReporter": "spec",
        "useInlineDiffs": false,
        "code": true
      },
      "version": "7.1.3"
    },
    "marge": {
      "options": {
        "id": "default",
        "reportDir": "report/json",
        "overwrite": "false",
        "html": "false",
        "json": "true"
      },
      "version": "6.2.0"
    }
  }
}