{
  "stats": {
    "suites": 1,
    "tests": 24,
    "passes": 6,
    "pending": 0,
    "failures": 18,
    "start": "2025-06-13T12:49:13.271Z",
    "end": "2025-06-13T12:58:03.062Z",
    "duration": 529791,
    "testsRegistered": 24,
    "passPercent": 25,
    "pendingPercent": 0,
    "other": 0,
    "hasOther": false,
    "skipped": 0,
    "hasSkipped": false
  },
  "results": [
    {
      "uuid": "95a27834-19be-449a-b301-4bab9e8d61fd",
      "title": "",
      "fullFile": "cypress/e2e/createManuelUploadItem.cy.js",
      "file": "cypress/e2e/createManuelUploadItem.cy.js",
      "beforeHooks": [],
      "afterHooks": [],
      "tests": [],
      "suites": [
        {
          "uuid": "50cc7d98-caff-4950-b086-264d65c5d4a6",
          "title": "Create Manuel Upload Item",
          "fullFile": "",
          "file": "",
          "beforeHooks": [],
          "afterHooks": [],
          "tests": [
            {
              "title": "01.Manuel Eşya Yükleme Sayfasını Açmak",
              "fullTitle": "Create Manuel Upload Item 01.Manuel Eşya Yükleme Sayfasını Açmak",
              "timedOut": null,
              "duration": 5998,
              "state": "passed",
              "speed": "medium",
              "pass": true,
              "fail": false,
              "pending": false,
              "context": null,
              "code": "_Methods.default.visit();\nCypress.on('uncaught:exception', (err, runnable) => {\n  return false;\n});\n_Methods.default.clickButton(_loginLocators.default.loginUsername);\n_Methods.default.fillInput(_loginLocators.default.loginUsername, 'musavir.trch@outlook.com');\n_Methods.default.fillInput(_loginLocators.default.loginPassword, 'test123');\n_Methods.default.clickButton(_loginLocators.default.loginButton);\n_Methods.default.clickButton(_loginLocators.default.globalButton);\n_Methods.default.clickButton(_loginLocators.default.turkishLanguageButton);\n_Methods.default.clickButton(_createManuelUploadItemLocators.default.uploadItemButtonDashboard);\n_Methods.default.clickButton(_createManuelUploadItemLocators.default.pleaseSelectCompany);\n_Methods.default.clickButton(_createManuelUploadItemLocators.default.musteriTrchSelected);\n_Methods.default.clickButton(_createManuelUploadItemLocators.default.uploadItemSelectFirmModalNextButton);\n_Methods.default.clickButton(_createManuelUploadItemLocators.default.manuelUploadItemButtonServicesModal);\n_Methods.default.clickButton(_createManuelUploadItemLocators.default.createButtonServicesModal);\n_Methods.default.checkTextIsVisible('Eşya Kodu', true);\n_Methods.default.checkTextIsVisible('İş Bölümü', true);\n_Methods.default.checkTextIsVisible('Eşya Tanımı - TR', true);",
              "err": {},
              "uuid": "bf3dc70f-800c-494a-b3c0-076a110581e3",
              "parentUUID": "50cc7d98-caff-4950-b086-264d65c5d4a6",
              "isHook": false,
              "skipped": false
            },
            {
              "title": "02.Manuel Eşya Yükleme Sayfasında Kolonların Düzgün Gelmesi",
              "fullTitle": "Create Manuel Upload Item 02.Manuel Eşya Yükleme Sayfasında Kolonların Düzgün Gelmesi",
              "timedOut": null,
              "duration": 5618,
              "state": "passed",
              "speed": "medium",
              "pass": true,
              "fail": false,
              "pending": false,
              "context": null,
              "code": "_Methods.default.visit();\nCypress.on('uncaught:exception', (err, runnable) => {\n  return false;\n});\n_Methods.default.clickButton(_loginLocators.default.loginUsername);\n_Methods.default.fillInput(_loginLocators.default.loginUsername, 'musavir.trch@outlook.com');\n_Methods.default.fillInput(_loginLocators.default.loginPassword, 'test123');\n_Methods.default.clickButton(_loginLocators.default.loginButton);\n_Methods.default.clickButton(_loginLocators.default.globalButton);\n_Methods.default.clickButton(_loginLocators.default.turkishLanguageButton);\n_Methods.default.clickButton(_createManuelUploadItemLocators.default.uploadItemButtonDashboard);\n_Methods.default.clickButton(_createManuelUploadItemLocators.default.pleaseSelectCompany);\n_Methods.default.clickButton(_createManuelUploadItemLocators.default.musteriTrchSelected);\n_Methods.default.clickButton(_createManuelUploadItemLocators.default.uploadItemSelectFirmModalNextButton);\n_Methods.default.clickButton(_createManuelUploadItemLocators.default.manuelUploadItemButtonServicesModal);\n_Methods.default.clickButton(_createManuelUploadItemLocators.default.createButtonServicesModal);\n_Methods.default.checkTextIsVisible('Eşya Kodu', true);\n_Methods.default.checkTextIsVisible('İş Bölümü', true);\n_Methods.default.checkTextIsVisible('Eşya Tanımı - TR', true);\n_Methods.default.checkTextIsVisible('Eşya Tanımı - DE', true);\n_Methods.default.checkTextIsVisible('Eşya Tanımı - EN', true);\n_Methods.default.checkTextIsVisible('Brüt Ağırlık', true);\n_Methods.default.checkTextIsVisible('Net Ağırlık', true);\n_Methods.default.checkTextIsVisible('Ağırlık Birimi', true);\n_Methods.default.checkTextIsVisible('Satış Ölçü Birimi', true);\n_Methods.default.checkTextIsVisible('Eşya Ticari Tanım - TR', true);\n_Methods.default.checkTextIsVisible('Eşya Ticari Tanım - DE', true);\n_Methods.default.checkTextIsVisible('Eşya Ticari Tanım - EN', true);\n_Methods.default.checkTextIsVisible('Tedarikçi', true);\n_Methods.default.checkTextIsVisible('Üretici', true);\n_Methods.default.checkTextIsVisible('Bilinen Tarife Kodu', true);\n_Methods.default.checkTextIsVisible('Kullanım Amacı ve Fonksiyonu', true);\n_Methods.default.checkTextIsVisible('Mamul Maddesi', true);\n_Methods.default.checkTextIsVisible('Yardımcı Doküman', true);\n_Methods.default.checkTextIsVisible('Teknik Notlar', true);\n_Methods.default.checkTextIsVisible('GTİP', true);\n_Methods.default.checkTextIsVisible('Bilinen Dual Use Kodu', true);\n_Methods.default.checkTextIsVisible('Model No', true);",
              "err": {},
              "uuid": "cf00e687-0328-45c4-ba20-31868c0c0eba",
              "parentUUID": "50cc7d98-caff-4950-b086-264d65c5d4a6",
              "isHook": false,
              "skipped": false
            },
            {
              "title": "03.Zorunlu Alanlar Girilirse Gönder Butonu Aktif Olmalı",
              "fullTitle": "Create Manuel Upload Item 03.Zorunlu Alanlar Girilirse Gönder Butonu Aktif Olmalı",
              "timedOut": null,
              "duration": 34123,
              "state": "failed",
              "speed": null,
              "pass": false,
              "fail": true,
              "pending": false,
              "context": null,
              "code": "_Methods.default.visit();\nCypress.on('uncaught:exception', (err, runnable) => {\n  return false;\n});\n_Methods.default.clickButton(_loginLocators.default.loginUsername);\n_Methods.default.fillInput(_loginLocators.default.loginUsername, 'musavir.trch@outlook.com');\n_Methods.default.fillInput(_loginLocators.default.loginPassword, 'test123');\n_Methods.default.clickButton(_loginLocators.default.loginButton);\n_Methods.default.clickButton(_loginLocators.default.globalButton);\n_Methods.default.clickButton(_loginLocators.default.turkishLanguageButton);\n_Methods.default.clickButton(_createManuelUploadItemLocators.default.uploadItemButtonDashboard);\n_Methods.default.clickButton(_createManuelUploadItemLocators.default.pleaseSelectCompany);\n_Methods.default.clickButton(_createManuelUploadItemLocators.default.musteriTrchSelected);\n_Methods.default.clickButton(_createManuelUploadItemLocators.default.uploadItemSelectFirmModalNextButton);\n_Methods.default.clickButton(_createManuelUploadItemLocators.default.manuelUploadItemButtonServicesModal);\n_Methods.default.clickElementTrigger(_createManuelUploadItemLocators.default.createButtonServicesModal);\nfunction generateProductName(length) {\n  const characters = 'ABCDEFGHIJKLMNOPQRSTUVWXYZabcdefghijklmnopqrstuvwxyz';\n  let randomWord = '';\n  for (let i = 0; i < length; i++) {\n    const randomIndex = Math.floor(Math.random() * characters.length);\n    randomWord += characters.charAt(randomIndex);\n  }\n  return randomWord;\n}\nconst productName = generateProductName(6);\n_Methods.default.fillInput(_createManuelUploadItemLocators.default.productIdTextBoxCMD, productName);\nfunction generateProductDescription(length) {\n  const characters = 'ABCDEFGHIJKLMNOPQRSTUVWXYZabcdefghijklmnopqrstuvwxyz';\n  let randomWord = '';\n  for (let i = 0; i < length; i++) {\n    const randomIndex = Math.floor(Math.random() * characters.length);\n    randomWord += characters.charAt(randomIndex);\n  }\n  return randomWord;\n}\nconst productDescription = generateProductDescription(6);\n_Methods.default.fillInput(_createManuelUploadItemLocators.default.productDescriptionTextBoxTRCMD, productDescription);\n_Methods.default.realClickElement(_createManuelUploadItemLocators.default.productDescriptionTextBoxDECMD);\n_Methods.default.checkButtonNotDisabled(_createManuelUploadItemLocators.default.submitButtonInCreateDataScreen);",
              "err": {
                "message": "CypressError: Timed out retrying after 20000ms: `cy.clear()` failed because this element:\n\n`<input placeholder=\"Eşya Kodu\" class=\"ant-input css-w89hjl ant-input-outlined\" type=\"text\" value=\"\" style=\"border: 2px solid red; box-shadow: 0px 0px 10px 5px rgba(255, 0, 0, 0.5);\">`\n\nis being covered by another element:\n\n`<div tabindex=\"-1\" class=\"ant-modal-wrap\">...</div>`\n\nFix this problem, or use {force: true} to disable error checking.\n\nhttps://on.cypress.io/element-cannot-be-interacted-with",
                "estack": "CypressError: Timed out retrying after 20000ms: `cy.clear()` failed because this element:\n\n`<input placeholder=\"Eşya Kodu\" class=\"ant-input css-w89hjl ant-input-outlined\" type=\"text\" value=\"\" style=\"border: 2px solid red; box-shadow: 0px 0px 10px 5px rgba(255, 0, 0, 0.5);\">`\n\nis being covered by another element:\n\n`<div tabindex=\"-1\" class=\"ant-modal-wrap\">...</div>`\n\nFix this problem, or use {force: true} to disable error checking.\n\nhttps://on.cypress.io/element-cannot-be-interacted-with\n    at ensureIsDescendent (https://test-productcatalog.singlewindow.io/__cypress/runner/cypress_runner.js:113057:68)\n    at ensureDescendents (https://test-productcatalog.singlewindow.io/__cypress/runner/cypress_runner.js:113108:5)\n    at ensureDescendentsAndScroll (https://test-productcatalog.singlewindow.io/__cypress/runner/cypress_runner.js:113114:14)\n    at ensureElIsNotCovered (https://test-productcatalog.singlewindow.io/__cypress/runner/cypress_runner.js:113245:5)\n    at runAllChecks (https://test-productcatalog.singlewindow.io/__cypress/runner/cypress_runner.js:113444:52)\n    at retryActionability (https://test-productcatalog.singlewindow.io/__cypress/runner/cypress_runner.js:113481:16)\n    at tryCatcher (https://test-productcatalog.singlewindow.io/__cypress/runner/cypress_runner.js:1777:23)\n    at Promise.attempt.Promise.try (https://test-productcatalog.singlewindow.io/__cypress/runner/cypress_runner.js:4285:29)\n    at whenStable (https://test-productcatalog.singlewindow.io/__cypress/runner/cypress_runner.js:145828:68)\n    at <unknown> (https://test-productcatalog.singlewindow.io/__cypress/runner/cypress_runner.js:145769:14)\n    at tryCatcher (https://test-productcatalog.singlewindow.io/__cypress/runner/cypress_runner.js:1777:23)\n    at Promise._settlePromiseFromHandler (https://test-productcatalog.singlewindow.io/__cypress/runner/cypress_runner.js:1489:31)\n    at Promise._settlePromise (https://test-productcatalog.singlewindow.io/__cypress/runner/cypress_runner.js:1546:18)\n    at Promise._settlePromise0 (https://test-productcatalog.singlewindow.io/__cypress/runner/cypress_runner.js:1591:10)\n    at Promise._settlePromises (https://test-productcatalog.singlewindow.io/__cypress/runner/cypress_runner.js:1671:18)\n    at Promise._fulfill (https://test-productcatalog.singlewindow.io/__cypress/runner/cypress_runner.js:1615:18)\n    at <unknown> (https://test-productcatalog.singlewindow.io/__cypress/runner/cypress_runner.js:5420:46)\nFrom Your Spec Code:\n    at Object.proxyGetter [as get] (https://test-productcatalog.singlewindow.io/__cypress/runner/cypress_runner.js:78967:22)\n    at exists (https://test-productcatalog.singlewindow.io/__cypress/runner/cypress_runner.js:145010:26)\n    at elExists (https://test-productcatalog.singlewindow.io/__cypress/runner/cypress_runner.js:145025:10)\n    at ensureExistence (https://test-productcatalog.singlewindow.io/__cypress/runner/cypress_runner.js:145206:22)\n    at onFailFn (https://test-productcatalog.singlewindow.io/__cypress/runner/cypress_runner.js:145235:53)",
                "diff": null
              },
              "uuid": "1f5e84d7-8e84-4be9-b42a-ca38e14f7c88",
              "parentUUID": "50cc7d98-caff-4950-b086-264d65c5d4a6",
              "isHook": false,
              "skipped": false
            },
            {
              "title": "04.Zorunlu Alanlardan En Az Biri Girilmezse Gönder Butonu Pasif Olmalı",
              "fullTitle": "Create Manuel Upload Item 04.Zorunlu Alanlardan En Az Biri Girilmezse Gönder Butonu Pasif Olmalı",
              "timedOut": null,
              "duration": 24879,
              "state": "failed",
              "speed": null,
              "pass": false,
              "fail": true,
              "pending": false,
              "context": null,
              "code": "_Methods.default.visit();\nCypress.on('uncaught:exception', (err, runnable) => {\n  return false;\n});\n_Methods.default.clickButton(_loginLocators.default.loginUsername);\n_Methods.default.fillInput(_loginLocators.default.loginUsername, 'musavir.trch@outlook.com');\n_Methods.default.fillInput(_loginLocators.default.loginPassword, 'test123');\n_Methods.default.clickButton(_loginLocators.default.loginButton);\n_Methods.default.clickButton(_loginLocators.default.globalButton);\n_Methods.default.clickButton(_loginLocators.default.turkishLanguageButton);\n_Methods.default.clickButton(_createManuelUploadItemLocators.default.uploadItemButtonDashboard);\n_Methods.default.clickButton(_createManuelUploadItemLocators.default.pleaseSelectCompany);\n_Methods.default.clickButton(_createManuelUploadItemLocators.default.musteriTrchSelected);\n_Methods.default.clickButton(_createManuelUploadItemLocators.default.uploadItemSelectFirmModalNextButton);\n_Methods.default.clickButton(_createManuelUploadItemLocators.default.manuelUploadItemButtonServicesModal);\n_Methods.default.clickElementTrigger(_createManuelUploadItemLocators.default.createButtonServicesModal);\nfunction generateProductName(length) {\n  const characters = 'ABCDEFGHIJKLMNOPQRSTUVWXYZabcdefghijklmnopqrstuvwxyz';\n  let randomWord = '';\n  for (let i = 0; i < length; i++) {\n    const randomIndex = Math.floor(Math.random() * characters.length);\n    randomWord += characters.charAt(randomIndex);\n  }\n  return randomWord;\n}\nconst productName = generateProductName(6);\n_Methods.default.fillInput(_createManuelUploadItemLocators.default.productIdTextBoxCMD, productName);\n_Methods.default.checkButtonDisabled(_createManuelUploadItemLocators.default.submitButtonInCreateDataScreen);",
              "err": {
                "message": "CypressError: Timed out retrying after 20000ms: `cy.clear()` failed because this element:\n\n`<input placeholder=\"Eşya Kodu\" class=\"ant-input css-w89hjl ant-input-outlined\" type=\"text\" value=\"\" style=\"border: 2px solid red; box-shadow: 0px 0px 10px 5px rgba(255, 0, 0, 0.5);\">`\n\nis being covered by another element:\n\n`<div tabindex=\"-1\" class=\"ant-modal-wrap\">...</div>`\n\nFix this problem, or use {force: true} to disable error checking.\n\nhttps://on.cypress.io/element-cannot-be-interacted-with",
                "estack": "CypressError: Timed out retrying after 20000ms: `cy.clear()` failed because this element:\n\n`<input placeholder=\"Eşya Kodu\" class=\"ant-input css-w89hjl ant-input-outlined\" type=\"text\" value=\"\" style=\"border: 2px solid red; box-shadow: 0px 0px 10px 5px rgba(255, 0, 0, 0.5);\">`\n\nis being covered by another element:\n\n`<div tabindex=\"-1\" class=\"ant-modal-wrap\">...</div>`\n\nFix this problem, or use {force: true} to disable error checking.\n\nhttps://on.cypress.io/element-cannot-be-interacted-with\n    at ensureIsDescendent (https://test-productcatalog.singlewindow.io/__cypress/runner/cypress_runner.js:113057:68)\n    at ensureDescendents (https://test-productcatalog.singlewindow.io/__cypress/runner/cypress_runner.js:113108:5)\n    at ensureDescendentsAndScroll (https://test-productcatalog.singlewindow.io/__cypress/runner/cypress_runner.js:113114:14)\n    at ensureElIsNotCovered (https://test-productcatalog.singlewindow.io/__cypress/runner/cypress_runner.js:113245:5)\n    at runAllChecks (https://test-productcatalog.singlewindow.io/__cypress/runner/cypress_runner.js:113444:52)\n    at retryActionability (https://test-productcatalog.singlewindow.io/__cypress/runner/cypress_runner.js:113481:16)\n    at tryCatcher (https://test-productcatalog.singlewindow.io/__cypress/runner/cypress_runner.js:1777:23)\n    at Promise.attempt.Promise.try (https://test-productcatalog.singlewindow.io/__cypress/runner/cypress_runner.js:4285:29)\n    at whenStable (https://test-productcatalog.singlewindow.io/__cypress/runner/cypress_runner.js:145828:68)\n    at <unknown> (https://test-productcatalog.singlewindow.io/__cypress/runner/cypress_runner.js:145769:14)\n    at tryCatcher (https://test-productcatalog.singlewindow.io/__cypress/runner/cypress_runner.js:1777:23)\n    at Promise._settlePromiseFromHandler (https://test-productcatalog.singlewindow.io/__cypress/runner/cypress_runner.js:1489:31)\n    at Promise._settlePromise (https://test-productcatalog.singlewindow.io/__cypress/runner/cypress_runner.js:1546:18)\n    at Promise._settlePromise0 (https://test-productcatalog.singlewindow.io/__cypress/runner/cypress_runner.js:1591:10)\n    at Promise._settlePromises (https://test-productcatalog.singlewindow.io/__cypress/runner/cypress_runner.js:1671:18)\n    at Promise._fulfill (https://test-productcatalog.singlewindow.io/__cypress/runner/cypress_runner.js:1615:18)\n    at <unknown> (https://test-productcatalog.singlewindow.io/__cypress/runner/cypress_runner.js:5420:46)\nFrom Your Spec Code:\n    at Object.proxyGetter [as get] (https://test-productcatalog.singlewindow.io/__cypress/runner/cypress_runner.js:78967:22)\n    at exists (https://test-productcatalog.singlewindow.io/__cypress/runner/cypress_runner.js:145010:26)\n    at elExists (https://test-productcatalog.singlewindow.io/__cypress/runner/cypress_runner.js:145025:10)\n    at ensureExistence (https://test-productcatalog.singlewindow.io/__cypress/runner/cypress_runner.js:145206:22)\n    at onFailFn (https://test-productcatalog.singlewindow.io/__cypress/runner/cypress_runner.js:145235:53)",
                "diff": null
              },
              "uuid": "ded121eb-de27-4082-8a05-e52437b2e1e6",
              "parentUUID": "50cc7d98-caff-4950-b086-264d65c5d4a6",
              "isHook": false,
              "skipped": false
            },
            {
              "title": "05.Dolu Olan Zorunlu Alanlardan En Az Biri Silinirse Gönder Butonu Pasif Olmalı",
              "fullTitle": "Create Manuel Upload Item 05.Dolu Olan Zorunlu Alanlardan En Az Biri Silinirse Gönder Butonu Pasif Olmalı",
              "timedOut": null,
              "duration": 25224,
              "state": "failed",
              "speed": null,
              "pass": false,
              "fail": true,
              "pending": false,
              "context": null,
              "code": "_Methods.default.visit();\nCypress.on('uncaught:exception', (err, runnable) => {\n  return false;\n});\n_Methods.default.clickButton(_loginLocators.default.loginUsername);\n_Methods.default.fillInput(_loginLocators.default.loginUsername, 'musavir.trch@outlook.com');\n_Methods.default.fillInput(_loginLocators.default.loginPassword, 'test123');\n_Methods.default.clickButton(_loginLocators.default.loginButton);\n_Methods.default.clickButton(_loginLocators.default.globalButton);\n_Methods.default.clickButton(_loginLocators.default.turkishLanguageButton);\n_Methods.default.clickButton(_createManuelUploadItemLocators.default.uploadItemButtonDashboard);\n_Methods.default.clickButton(_createManuelUploadItemLocators.default.pleaseSelectCompany);\n_Methods.default.clickButton(_createManuelUploadItemLocators.default.musteriTrchSelected);\n_Methods.default.clickButton(_createManuelUploadItemLocators.default.uploadItemSelectFirmModalNextButton);\n_Methods.default.clickButton(_createManuelUploadItemLocators.default.manuelUploadItemButtonServicesModal);\n_Methods.default.clickElementTrigger(_createManuelUploadItemLocators.default.createButtonServicesModal);\nfunction generateProductName(length) {\n  const characters = 'ABCDEFGHIJKLMNOPQRSTUVWXYZabcdefghijklmnopqrstuvwxyz';\n  let randomWord = '';\n  for (let i = 0; i < length; i++) {\n    const randomIndex = Math.floor(Math.random() * characters.length);\n    randomWord += characters.charAt(randomIndex);\n  }\n  return randomWord;\n}\nconst productName = generateProductName(6);\n_Methods.default.fillInput(_createManuelUploadItemLocators.default.productIdTextBoxCMD, productName);\nfunction generateProductDescription(length) {\n  const characters = 'ABCDEFGHIJKLMNOPQRSTUVWXYZabcdefghijklmnopqrstuvwxyz';\n  let randomWord = '';\n  for (let i = 0; i < length; i++) {\n    const randomIndex = Math.floor(Math.random() * characters.length);\n    randomWord += characters.charAt(randomIndex);\n  }\n  return randomWord;\n}\nconst productDescription = generateProductDescription(6);\n_Methods.default.fillInput(_createManuelUploadItemLocators.default.productDescriptionTextBoxTRCMD, productDescription);\n_Methods.default.clearTextfield(_createManuelUploadItemLocators.default.productIdTextBoxCMD);\n_Methods.default.checkButtonNotDisabled(_createManuelUploadItemLocators.default.submitButtonInCreateDataScreen);",
              "err": {
                "message": "CypressError: Timed out retrying after 20000ms: `cy.clear()` failed because this element:\n\n`<input placeholder=\"Eşya Kodu\" class=\"ant-input css-w89hjl ant-input-outlined\" type=\"text\" value=\"\" style=\"border: 2px solid red; box-shadow: 0px 0px 10px 5px rgba(255, 0, 0, 0.5);\">`\n\nis being covered by another element:\n\n`<div tabindex=\"-1\" class=\"ant-modal-wrap\">...</div>`\n\nFix this problem, or use {force: true} to disable error checking.\n\nhttps://on.cypress.io/element-cannot-be-interacted-with",
                "estack": "CypressError: Timed out retrying after 20000ms: `cy.clear()` failed because this element:\n\n`<input placeholder=\"Eşya Kodu\" class=\"ant-input css-w89hjl ant-input-outlined\" type=\"text\" value=\"\" style=\"border: 2px solid red; box-shadow: 0px 0px 10px 5px rgba(255, 0, 0, 0.5);\">`\n\nis being covered by another element:\n\n`<div tabindex=\"-1\" class=\"ant-modal-wrap\">...</div>`\n\nFix this problem, or use {force: true} to disable error checking.\n\nhttps://on.cypress.io/element-cannot-be-interacted-with\n    at ensureIsDescendent (https://test-productcatalog.singlewindow.io/__cypress/runner/cypress_runner.js:113057:68)\n    at ensureDescendents (https://test-productcatalog.singlewindow.io/__cypress/runner/cypress_runner.js:113108:5)\n    at ensureDescendentsAndScroll (https://test-productcatalog.singlewindow.io/__cypress/runner/cypress_runner.js:113114:14)\n    at ensureElIsNotCovered (https://test-productcatalog.singlewindow.io/__cypress/runner/cypress_runner.js:113245:5)\n    at runAllChecks (https://test-productcatalog.singlewindow.io/__cypress/runner/cypress_runner.js:113444:52)\n    at retryActionability (https://test-productcatalog.singlewindow.io/__cypress/runner/cypress_runner.js:113481:16)\n    at tryCatcher (https://test-productcatalog.singlewindow.io/__cypress/runner/cypress_runner.js:1777:23)\n    at Promise.attempt.Promise.try (https://test-productcatalog.singlewindow.io/__cypress/runner/cypress_runner.js:4285:29)\n    at whenStable (https://test-productcatalog.singlewindow.io/__cypress/runner/cypress_runner.js:145828:68)\n    at <unknown> (https://test-productcatalog.singlewindow.io/__cypress/runner/cypress_runner.js:145769:14)\n    at tryCatcher (https://test-productcatalog.singlewindow.io/__cypress/runner/cypress_runner.js:1777:23)\n    at Promise._settlePromiseFromHandler (https://test-productcatalog.singlewindow.io/__cypress/runner/cypress_runner.js:1489:31)\n    at Promise._settlePromise (https://test-productcatalog.singlewindow.io/__cypress/runner/cypress_runner.js:1546:18)\n    at Promise._settlePromise0 (https://test-productcatalog.singlewindow.io/__cypress/runner/cypress_runner.js:1591:10)\n    at Promise._settlePromises (https://test-productcatalog.singlewindow.io/__cypress/runner/cypress_runner.js:1671:18)\n    at Promise._fulfill (https://test-productcatalog.singlewindow.io/__cypress/runner/cypress_runner.js:1615:18)\n    at <unknown> (https://test-productcatalog.singlewindow.io/__cypress/runner/cypress_runner.js:5420:46)\nFrom Your Spec Code:\n    at Object.proxyGetter [as get] (https://test-productcatalog.singlewindow.io/__cypress/runner/cypress_runner.js:78967:22)\n    at exists (https://test-productcatalog.singlewindow.io/__cypress/runner/cypress_runner.js:145010:26)\n    at elExists (https://test-productcatalog.singlewindow.io/__cypress/runner/cypress_runner.js:145025:10)\n    at ensureExistence (https://test-productcatalog.singlewindow.io/__cypress/runner/cypress_runner.js:145206:22)\n    at onFailFn (https://test-productcatalog.singlewindow.io/__cypress/runner/cypress_runner.js:145235:53)",
                "diff": null
              },
              "uuid": "530f863b-8c06-43f3-ae7d-934dbb408997",
              "parentUUID": "50cc7d98-caff-4950-b086-264d65c5d4a6",
              "isHook": false,
              "skipped": false
            },
            {
              "title": "06.Eşya Kodu Alanının Unic Olması",
              "fullTitle": "Create Manuel Upload Item 06.Eşya Kodu Alanının Unic Olması",
              "timedOut": null,
              "duration": 24317,
              "state": "failed",
              "speed": null,
              "pass": false,
              "fail": true,
              "pending": false,
              "context": null,
              "code": "_Methods.default.visit();\nCypress.on('uncaught:exception', (err, runnable) => {\n  return false;\n});\n_Methods.default.clickButton(_loginLocators.default.loginUsername);\n_Methods.default.fillInput(_loginLocators.default.loginUsername, 'musavir.trch@outlook.com');\n_Methods.default.fillInput(_loginLocators.default.loginPassword, 'test123');\n_Methods.default.clickButton(_loginLocators.default.loginButton);\n_Methods.default.clickButton(_loginLocators.default.globalButton);\n_Methods.default.clickButton(_loginLocators.default.turkishLanguageButton);\n_Methods.default.clickButton(_createManuelUploadItemLocators.default.uploadItemButtonDashboard);\n_Methods.default.clickButton(_createManuelUploadItemLocators.default.pleaseSelectCompany);\n_Methods.default.clickButton(_createManuelUploadItemLocators.default.musteriTrchSelected);\n_Methods.default.clickButton(_createManuelUploadItemLocators.default.uploadItemSelectFirmModalNextButton);\n_Methods.default.clickButton(_createManuelUploadItemLocators.default.manuelUploadItemButtonServicesModal);\n_Methods.default.clickElementTrigger(_createManuelUploadItemLocators.default.createButtonServicesModal);\nfunction generateProductName(length) {\n  const characters = 'ABCDEFGHIJKLMNOPQRSTUVWXYZabcdefghijklmnopqrstuvwxyz';\n  let randomWord = '';\n  for (let i = 0; i < length; i++) {\n    const randomIndex = Math.floor(Math.random() * characters.length);\n    randomWord += characters.charAt(randomIndex);\n  }\n  return randomWord;\n}\nconst productName = generateProductName(6);\n_Methods.default.fillInput(_createManuelUploadItemLocators.default.productIdTextBoxCMD, productName);\nfunction generateProductDescription(length) {\n  const characters = 'ABCDEFGHIJKLMNOPQRSTUVWXYZabcdefghijklmnopqrstuvwxyz';\n  let randomWord = '';\n  for (let i = 0; i < length; i++) {\n    const randomIndex = Math.floor(Math.random() * characters.length);\n    randomWord += characters.charAt(randomIndex);\n  }\n  return randomWord;\n}\nconst productDescription = generateProductDescription(6);\n_Methods.default.fillInput(_createManuelUploadItemLocators.default.productDescriptionTextBoxTRCMD, productDescription);\n_Methods.default.clickButton(_createManuelUploadItemLocators.default.addItemCMD);\n_Methods.default.fillInput(_createManuelUploadItemLocators.default.productIdTextBoxCMDSecond, productName);\n_Methods.default.fillInput(_createManuelUploadItemLocators.default.productDescriptionTextBoxTRCMDSecond, productDescription);\n_Methods.default.checkTextIsVisible('Tekrarlanan eşya kodları bulunmaktadır.', true);",
              "err": {
                "message": "CypressError: Timed out retrying after 20000ms: `cy.clear()` failed because this element:\n\n`<input placeholder=\"Eşya Kodu\" class=\"ant-input css-w89hjl ant-input-outlined\" type=\"text\" value=\"\" style=\"border: 2px solid red; box-shadow: 0px 0px 10px 5px rgba(255, 0, 0, 0.5);\">`\n\nis being covered by another element:\n\n`<div tabindex=\"-1\" class=\"ant-modal-wrap\">...</div>`\n\nFix this problem, or use {force: true} to disable error checking.\n\nhttps://on.cypress.io/element-cannot-be-interacted-with",
                "estack": "CypressError: Timed out retrying after 20000ms: `cy.clear()` failed because this element:\n\n`<input placeholder=\"Eşya Kodu\" class=\"ant-input css-w89hjl ant-input-outlined\" type=\"text\" value=\"\" style=\"border: 2px solid red; box-shadow: 0px 0px 10px 5px rgba(255, 0, 0, 0.5);\">`\n\nis being covered by another element:\n\n`<div tabindex=\"-1\" class=\"ant-modal-wrap\">...</div>`\n\nFix this problem, or use {force: true} to disable error checking.\n\nhttps://on.cypress.io/element-cannot-be-interacted-with\n    at ensureIsDescendent (https://test-productcatalog.singlewindow.io/__cypress/runner/cypress_runner.js:113057:68)\n    at ensureDescendents (https://test-productcatalog.singlewindow.io/__cypress/runner/cypress_runner.js:113108:5)\n    at ensureDescendentsAndScroll (https://test-productcatalog.singlewindow.io/__cypress/runner/cypress_runner.js:113114:14)\n    at ensureElIsNotCovered (https://test-productcatalog.singlewindow.io/__cypress/runner/cypress_runner.js:113245:5)\n    at runAllChecks (https://test-productcatalog.singlewindow.io/__cypress/runner/cypress_runner.js:113444:52)\n    at retryActionability (https://test-productcatalog.singlewindow.io/__cypress/runner/cypress_runner.js:113481:16)\n    at tryCatcher (https://test-productcatalog.singlewindow.io/__cypress/runner/cypress_runner.js:1777:23)\n    at Promise.attempt.Promise.try (https://test-productcatalog.singlewindow.io/__cypress/runner/cypress_runner.js:4285:29)\n    at whenStable (https://test-productcatalog.singlewindow.io/__cypress/runner/cypress_runner.js:145828:68)\n    at <unknown> (https://test-productcatalog.singlewindow.io/__cypress/runner/cypress_runner.js:145769:14)\n    at tryCatcher (https://test-productcatalog.singlewindow.io/__cypress/runner/cypress_runner.js:1777:23)\n    at Promise._settlePromiseFromHandler (https://test-productcatalog.singlewindow.io/__cypress/runner/cypress_runner.js:1489:31)\n    at Promise._settlePromise (https://test-productcatalog.singlewindow.io/__cypress/runner/cypress_runner.js:1546:18)\n    at Promise._settlePromise0 (https://test-productcatalog.singlewindow.io/__cypress/runner/cypress_runner.js:1591:10)\n    at Promise._settlePromises (https://test-productcatalog.singlewindow.io/__cypress/runner/cypress_runner.js:1671:18)\n    at Promise._fulfill (https://test-productcatalog.singlewindow.io/__cypress/runner/cypress_runner.js:1615:18)\n    at <unknown> (https://test-productcatalog.singlewindow.io/__cypress/runner/cypress_runner.js:5420:46)\nFrom Your Spec Code:\n    at Object.proxyGetter [as get] (https://test-productcatalog.singlewindow.io/__cypress/runner/cypress_runner.js:78967:22)\n    at exists (https://test-productcatalog.singlewindow.io/__cypress/runner/cypress_runner.js:145010:26)\n    at elExists (https://test-productcatalog.singlewindow.io/__cypress/runner/cypress_runner.js:145025:10)\n    at ensureExistence (https://test-productcatalog.singlewindow.io/__cypress/runner/cypress_runner.js:145206:22)\n    at onFailFn (https://test-productcatalog.singlewindow.io/__cypress/runner/cypress_runner.js:145235:53)",
                "diff": null
              },
              "uuid": "ffada6b3-52d4-4eb4-b902-cfa76cebbde9",
              "parentUUID": "50cc7d98-caff-4950-b086-264d65c5d4a6",
              "isHook": false,
              "skipped": false
            },
            {
              "title": "07.Var Olan Eşyanın Yazılması",
              "fullTitle": "Create Manuel Upload Item 07.Var Olan Eşyanın Yazılması",
              "timedOut": null,
              "duration": 24021,
              "state": "failed",
              "speed": null,
              "pass": false,
              "fail": true,
              "pending": false,
              "context": null,
              "code": "_Methods.default.visit();\nCypress.on('uncaught:exception', (err, runnable) => {\n  return false;\n});\n_Methods.default.clickButton(_loginLocators.default.loginUsername);\n_Methods.default.fillInput(_loginLocators.default.loginUsername, 'musavir.trch@outlook.com');\n_Methods.default.fillInput(_loginLocators.default.loginPassword, 'test123');\n_Methods.default.clickButton(_loginLocators.default.loginButton);\n_Methods.default.clickButton(_loginLocators.default.globalButton);\n_Methods.default.clickButton(_loginLocators.default.turkishLanguageButton);\n_Methods.default.clickButton(_createManuelUploadItemLocators.default.uploadItemButtonDashboard);\n_Methods.default.clickButton(_createManuelUploadItemLocators.default.pleaseSelectCompany);\n_Methods.default.clickButton(_createManuelUploadItemLocators.default.musteriTrchSelected);\n_Methods.default.clickButton(_createManuelUploadItemLocators.default.uploadItemSelectFirmModalNextButton);\n_Methods.default.clickButton(_createManuelUploadItemLocators.default.manuelUploadItemButtonServicesModal);\n_Methods.default.clickElementTrigger(_createManuelUploadItemLocators.default.createButtonServicesModal);\nfunction generateProductName(length) {\n  const characters = 'ABCDEFGHIJKLMNOPQRSTUVWXYZabcdefghijklmnopqrstuvwxyz';\n  let randomWord = '';\n  for (let i = 0; i < length; i++) {\n    const randomIndex = Math.floor(Math.random() * characters.length);\n    randomWord += characters.charAt(randomIndex);\n  }\n  return randomWord;\n}\nconst productName = generateProductName(6);\n_Methods.default.fillInput(_createManuelUploadItemLocators.default.productIdTextBoxCMD, productName);\nfunction generateProductDescription(length) {\n  const characters = 'ABCDEFGHIJKLMNOPQRSTUVWXYZabcdefghijklmnopqrstuvwxyz';\n  let randomWord = '';\n  for (let i = 0; i < length; i++) {\n    const randomIndex = Math.floor(Math.random() * characters.length);\n    randomWord += characters.charAt(randomIndex);\n  }\n  return randomWord;\n}\nconst productDescription = generateProductDescription(6);\n_Methods.default.fillInput(_createManuelUploadItemLocators.default.productDescriptionTextBoxTRCMD, productDescription);\n_Methods.default.fillInput(_createManuelUploadItemLocators.default.productDescriptionTextBoxDECMD, 'test');\n_Methods.default.clickElementTrigger(_createManuelUploadItemLocators.default.submitButtonInCreateDataScreen);\n_Methods.default.clickButton(_createManuelUploadItemLocators.default.submitButtonOnSubmitModalCMD);\n_Methods.default.clickButton(_createManuelUploadItemLocators.default.closeModalCMD);\n_Methods.default.fillInput(_createManuelUploadItemLocators.default.productIdTextBoxCMD, productName);\n_Methods.default.clickButton(_createManuelUploadItemLocators.default.productDescriptionTextBoxDECMD);\n_Methods.default.shouldHaveValue(_createManuelUploadItemLocators.default.productDescriptionTextBoxTRCMD, productDescription);",
              "err": {
                "message": "CypressError: Timed out retrying after 20000ms: `cy.clear()` failed because this element:\n\n`<input placeholder=\"Eşya Kodu\" class=\"ant-input css-w89hjl ant-input-outlined\" type=\"text\" value=\"\" style=\"border: 2px solid red; box-shadow: 0px 0px 10px 5px rgba(255, 0, 0, 0.5);\">`\n\nis being covered by another element:\n\n`<div tabindex=\"-1\" class=\"ant-modal-wrap\">...</div>`\n\nFix this problem, or use {force: true} to disable error checking.\n\nhttps://on.cypress.io/element-cannot-be-interacted-with",
                "estack": "CypressError: Timed out retrying after 20000ms: `cy.clear()` failed because this element:\n\n`<input placeholder=\"Eşya Kodu\" class=\"ant-input css-w89hjl ant-input-outlined\" type=\"text\" value=\"\" style=\"border: 2px solid red; box-shadow: 0px 0px 10px 5px rgba(255, 0, 0, 0.5);\">`\n\nis being covered by another element:\n\n`<div tabindex=\"-1\" class=\"ant-modal-wrap\">...</div>`\n\nFix this problem, or use {force: true} to disable error checking.\n\nhttps://on.cypress.io/element-cannot-be-interacted-with\n    at ensureIsDescendent (https://test-productcatalog.singlewindow.io/__cypress/runner/cypress_runner.js:113057:68)\n    at ensureDescendents (https://test-productcatalog.singlewindow.io/__cypress/runner/cypress_runner.js:113108:5)\n    at ensureDescendentsAndScroll (https://test-productcatalog.singlewindow.io/__cypress/runner/cypress_runner.js:113114:14)\n    at ensureElIsNotCovered (https://test-productcatalog.singlewindow.io/__cypress/runner/cypress_runner.js:113245:5)\n    at runAllChecks (https://test-productcatalog.singlewindow.io/__cypress/runner/cypress_runner.js:113444:52)\n    at retryActionability (https://test-productcatalog.singlewindow.io/__cypress/runner/cypress_runner.js:113481:16)\n    at tryCatcher (https://test-productcatalog.singlewindow.io/__cypress/runner/cypress_runner.js:1777:23)\n    at Promise.attempt.Promise.try (https://test-productcatalog.singlewindow.io/__cypress/runner/cypress_runner.js:4285:29)\n    at whenStable (https://test-productcatalog.singlewindow.io/__cypress/runner/cypress_runner.js:145828:68)\n    at <unknown> (https://test-productcatalog.singlewindow.io/__cypress/runner/cypress_runner.js:145769:14)\n    at tryCatcher (https://test-productcatalog.singlewindow.io/__cypress/runner/cypress_runner.js:1777:23)\n    at Promise._settlePromiseFromHandler (https://test-productcatalog.singlewindow.io/__cypress/runner/cypress_runner.js:1489:31)\n    at Promise._settlePromise (https://test-productcatalog.singlewindow.io/__cypress/runner/cypress_runner.js:1546:18)\n    at Promise._settlePromise0 (https://test-productcatalog.singlewindow.io/__cypress/runner/cypress_runner.js:1591:10)\n    at Promise._settlePromises (https://test-productcatalog.singlewindow.io/__cypress/runner/cypress_runner.js:1671:18)\n    at Promise._fulfill (https://test-productcatalog.singlewindow.io/__cypress/runner/cypress_runner.js:1615:18)\n    at <unknown> (https://test-productcatalog.singlewindow.io/__cypress/runner/cypress_runner.js:5420:46)\nFrom Your Spec Code:\n    at Object.proxyGetter [as get] (https://test-productcatalog.singlewindow.io/__cypress/runner/cypress_runner.js:78967:22)\n    at exists (https://test-productcatalog.singlewindow.io/__cypress/runner/cypress_runner.js:145010:26)\n    at elExists (https://test-productcatalog.singlewindow.io/__cypress/runner/cypress_runner.js:145025:10)\n    at ensureExistence (https://test-productcatalog.singlewindow.io/__cypress/runner/cypress_runner.js:145206:22)\n    at onFailFn (https://test-productcatalog.singlewindow.io/__cypress/runner/cypress_runner.js:145235:53)",
                "diff": null
              },
              "uuid": "0521e1f1-aacd-40e5-8341-dce0bbb11566",
              "parentUUID": "50cc7d98-caff-4950-b086-264d65c5d4a6",
              "isHook": false,
              "skipped": false
            },
            {
              "title": "10.Modalda Yapılan Seçime Göre Gelmeli (Ülke/Hizmet seçimleri)",
              "fullTitle": "Create Manuel Upload Item 10.Modalda Yapılan Seçime Göre Gelmeli (Ülke/Hizmet seçimleri)",
              "timedOut": null,
              "duration": 3864,
              "state": "passed",
              "speed": "fast",
              "pass": true,
              "fail": false,
              "pending": false,
              "context": null,
              "code": "_Methods.default.visit();\nCypress.on('uncaught:exception', (err, runnable) => {\n  return false;\n});\n_Methods.default.clickButton(_loginLocators.default.loginUsername);\n_Methods.default.fillInput(_loginLocators.default.loginUsername, 'musavir.trch@outlook.com');\n_Methods.default.fillInput(_loginLocators.default.loginPassword, 'test123');\n_Methods.default.clickButton(_loginLocators.default.loginButton);\n_Methods.default.clickButton(_loginLocators.default.globalButton);\n_Methods.default.clickButton(_loginLocators.default.turkishLanguageButton);\n_Methods.default.clickButton(_createManuelUploadItemLocators.default.uploadItemButtonDashboard);\n_Methods.default.clickButton(_createManuelUploadItemLocators.default.pleaseSelectCompany);\n_Methods.default.clickButton(_createManuelUploadItemLocators.default.musteriTrchSelected);\n_Methods.default.clickButton(_createManuelUploadItemLocators.default.uploadItemSelectFirmModalNextButton);\n_Methods.default.clickButton(_createManuelUploadItemLocators.default.manuelUploadItemButtonServicesModal);\n_Methods.default.clickElementTrigger(_createManuelUploadItemLocators.default.createButtonServicesModal);\n_Methods.default.clickButton(_createManuelUploadItemLocators.default.servicesButonInCMD);\n_Methods.default.checkRadioButtonSelected(_createManuelUploadItemLocators.default.chHsCheckBoxServicesModal);\n_Methods.default.checkRadioButtonSelected(_createManuelUploadItemLocators.default.deHsCheckBoxServicesModal);\n_Methods.default.checkRadioButtonSelected(_createManuelUploadItemLocators.default.euHsCheckBoxServicesModal);\n_Methods.default.checkRadioButtonSelected(_createManuelUploadItemLocators.default.ukHsCheckBoxServicesModal);\n_Methods.default.checkRadioButtonSelected(_createManuelUploadItemLocators.default.trHsCheckBoxServicesModal);\n_Methods.default.checkRadioButtonSelected(_createManuelUploadItemLocators.default.chDualUseCheckBoxServicesModal);\n_Methods.default.checkRadioButtonSelected(_createManuelUploadItemLocators.default.deDualUseCheckBoxServicesModal);\n_Methods.default.checkRadioButtonSelected(_createManuelUploadItemLocators.default.chSanctionsCheckBoxServicesModal);\n_Methods.default.checkRadioButtonSelected(_createManuelUploadItemLocators.default.deCbamCheckBoxServicesModal);\n_Methods.default.checkRadioButtonSelected(_createManuelUploadItemLocators.default.euCbamCheckBoxServicesModal);\n_Methods.default.checkRadioButtonSelected(_createManuelUploadItemLocators.default.trCusCmpCheckBoxServicesModal);\n_Methods.default.checkRadioButtonSelected(_createManuelUploadItemLocators.default.trRglCmpImCheckBoxServicesModal);\n_Methods.default.checkRadioButtonSelected(_createManuelUploadItemLocators.default.trRglCmpExCheckBoxServicesModal);",
              "err": {},
              "uuid": "183acc53-856e-427d-b9a0-4a2f8351ced1",
              "parentUUID": "50cc7d98-caff-4950-b086-264d65c5d4a6",
              "isHook": false,
              "skipped": false
            },
            {
              "title": "11.Brüt ağırlık girildiğinde Net Ağırlık ve Ağırlık Biriminden en az biri girilmemişse uyarı gelmeli",
              "fullTitle": "Create Manuel Upload Item 11.Brüt ağırlık girildiğinde Net Ağırlık ve Ağırlık Biriminden en az biri girilmemişse uyarı gelmeli",
              "timedOut": null,
              "duration": 24468,
              "state": "failed",
              "speed": null,
              "pass": false,
              "fail": true,
              "pending": false,
              "context": null,
              "code": "_Methods.default.visit();\nCypress.on('uncaught:exception', (err, runnable) => {\n  return false;\n});\n_Methods.default.clickButton(_loginLocators.default.loginUsername);\n_Methods.default.fillInput(_loginLocators.default.loginUsername, 'musavir.trch@outlook.com');\n_Methods.default.fillInput(_loginLocators.default.loginPassword, 'test123');\n_Methods.default.clickButton(_loginLocators.default.loginButton);\n_Methods.default.clickButton(_loginLocators.default.globalButton);\n_Methods.default.clickButton(_loginLocators.default.turkishLanguageButton);\n_Methods.default.clickButton(_createManuelUploadItemLocators.default.uploadItemButtonDashboard);\n_Methods.default.clickButton(_createManuelUploadItemLocators.default.pleaseSelectCompany);\n_Methods.default.clickButton(_createManuelUploadItemLocators.default.musteriTrchSelected);\n_Methods.default.clickButton(_createManuelUploadItemLocators.default.uploadItemSelectFirmModalNextButton);\n_Methods.default.clickButton(_createManuelUploadItemLocators.default.manuelUploadItemButtonServicesModal);\n_Methods.default.clickElementTrigger(_createManuelUploadItemLocators.default.createButtonServicesModal);\nfunction generateProductName(length) {\n  const characters = 'ABCDEFGHIJKLMNOPQRSTUVWXYZabcdefghijklmnopqrstuvwxyz';\n  let randomWord = '';\n  for (let i = 0; i < length; i++) {\n    const randomIndex = Math.floor(Math.random() * characters.length);\n    randomWord += characters.charAt(randomIndex);\n  }\n  return randomWord;\n}\nconst productName = generateProductName(6);\n_Methods.default.fillInput(_createManuelUploadItemLocators.default.productIdTextBoxCMD, productName);\n_Methods.default.fillInput(_createManuelUploadItemLocators.default.grossWeightCMD, '10');\nfunction generateProductDescription(length) {\n  const characters = 'ABCDEFGHIJKLMNOPQRSTUVWXYZabcdefghijklmnopqrstuvwxyz';\n  let randomWord = '';\n  for (let i = 0; i < length; i++) {\n    const randomIndex = Math.floor(Math.random() * characters.length);\n    randomWord += characters.charAt(randomIndex);\n  }\n  return randomWord;\n}\nconst productDescription = generateProductDescription(6);\n_Methods.default.fillInput(_createManuelUploadItemLocators.default.productDescriptionTextBoxTRCMD, productDescription);\n_Methods.default.checkTextIsVisible('Lütfen Eşya kodlarının karşısında bulunan alanları giriniz', true);",
              "err": {
                "message": "CypressError: Timed out retrying after 20000ms: `cy.clear()` failed because this element:\n\n`<input placeholder=\"Eşya Kodu\" class=\"ant-input css-w89hjl ant-input-outlined\" type=\"text\" value=\"\" style=\"border: 2px solid red; box-shadow: 0px 0px 10px 5px rgba(255, 0, 0, 0.5);\">`\n\nis being covered by another element:\n\n`<div tabindex=\"-1\" class=\"ant-modal-wrap\">...</div>`\n\nFix this problem, or use {force: true} to disable error checking.\n\nhttps://on.cypress.io/element-cannot-be-interacted-with",
                "estack": "CypressError: Timed out retrying after 20000ms: `cy.clear()` failed because this element:\n\n`<input placeholder=\"Eşya Kodu\" class=\"ant-input css-w89hjl ant-input-outlined\" type=\"text\" value=\"\" style=\"border: 2px solid red; box-shadow: 0px 0px 10px 5px rgba(255, 0, 0, 0.5);\">`\n\nis being covered by another element:\n\n`<div tabindex=\"-1\" class=\"ant-modal-wrap\">...</div>`\n\nFix this problem, or use {force: true} to disable error checking.\n\nhttps://on.cypress.io/element-cannot-be-interacted-with\n    at ensureIsDescendent (https://test-productcatalog.singlewindow.io/__cypress/runner/cypress_runner.js:113057:68)\n    at ensureDescendents (https://test-productcatalog.singlewindow.io/__cypress/runner/cypress_runner.js:113108:5)\n    at ensureDescendentsAndScroll (https://test-productcatalog.singlewindow.io/__cypress/runner/cypress_runner.js:113114:14)\n    at ensureElIsNotCovered (https://test-productcatalog.singlewindow.io/__cypress/runner/cypress_runner.js:113245:5)\n    at runAllChecks (https://test-productcatalog.singlewindow.io/__cypress/runner/cypress_runner.js:113444:52)\n    at retryActionability (https://test-productcatalog.singlewindow.io/__cypress/runner/cypress_runner.js:113481:16)\n    at tryCatcher (https://test-productcatalog.singlewindow.io/__cypress/runner/cypress_runner.js:1777:23)\n    at Promise.attempt.Promise.try (https://test-productcatalog.singlewindow.io/__cypress/runner/cypress_runner.js:4285:29)\n    at whenStable (https://test-productcatalog.singlewindow.io/__cypress/runner/cypress_runner.js:145828:68)\n    at <unknown> (https://test-productcatalog.singlewindow.io/__cypress/runner/cypress_runner.js:145769:14)\n    at tryCatcher (https://test-productcatalog.singlewindow.io/__cypress/runner/cypress_runner.js:1777:23)\n    at Promise._settlePromiseFromHandler (https://test-productcatalog.singlewindow.io/__cypress/runner/cypress_runner.js:1489:31)\n    at Promise._settlePromise (https://test-productcatalog.singlewindow.io/__cypress/runner/cypress_runner.js:1546:18)\n    at Promise._settlePromise0 (https://test-productcatalog.singlewindow.io/__cypress/runner/cypress_runner.js:1591:10)\n    at Promise._settlePromises (https://test-productcatalog.singlewindow.io/__cypress/runner/cypress_runner.js:1671:18)\n    at Promise._fulfill (https://test-productcatalog.singlewindow.io/__cypress/runner/cypress_runner.js:1615:18)\n    at <unknown> (https://test-productcatalog.singlewindow.io/__cypress/runner/cypress_runner.js:5420:46)",
                "diff": null
              },
              "uuid": "e2852530-7b71-4fb0-91e7-d1bb16975a1e",
              "parentUUID": "50cc7d98-caff-4950-b086-264d65c5d4a6",
              "isHook": false,
              "skipped": false
            },
            {
              "title": "12.Net ağırlık girildiğinde Brüt Ağırlık ve Ağırlık Biriminden en az biri girilmemişse uyarı gelmeli",
              "fullTitle": "Create Manuel Upload Item 12.Net ağırlık girildiğinde Brüt Ağırlık ve Ağırlık Biriminden en az biri girilmemişse uyarı gelmeli",
              "timedOut": null,
              "duration": 24367,
              "state": "failed",
              "speed": null,
              "pass": false,
              "fail": true,
              "pending": false,
              "context": null,
              "code": "_Methods.default.visit();\nCypress.on('uncaught:exception', (err, runnable) => {\n  return false;\n});\n_Methods.default.clickButton(_loginLocators.default.loginUsername);\n_Methods.default.fillInput(_loginLocators.default.loginUsername, 'musavir.trch@outlook.com');\n_Methods.default.fillInput(_loginLocators.default.loginPassword, 'test123');\n_Methods.default.clickButton(_loginLocators.default.loginButton);\n_Methods.default.clickButton(_loginLocators.default.globalButton);\n_Methods.default.clickButton(_loginLocators.default.turkishLanguageButton);\n_Methods.default.clickButton(_createManuelUploadItemLocators.default.uploadItemButtonDashboard);\n_Methods.default.clickButton(_createManuelUploadItemLocators.default.pleaseSelectCompany);\n_Methods.default.clickButton(_createManuelUploadItemLocators.default.musteriTrchSelected);\n_Methods.default.clickButton(_createManuelUploadItemLocators.default.uploadItemSelectFirmModalNextButton);\n_Methods.default.clickButton(_createManuelUploadItemLocators.default.manuelUploadItemButtonServicesModal);\n_Methods.default.clickElementTrigger(_createManuelUploadItemLocators.default.createButtonServicesModal);\nfunction generateProductName(length) {\n  const characters = 'ABCDEFGHIJKLMNOPQRSTUVWXYZabcdefghijklmnopqrstuvwxyz';\n  let randomWord = '';\n  for (let i = 0; i < length; i++) {\n    const randomIndex = Math.floor(Math.random() * characters.length);\n    randomWord += characters.charAt(randomIndex);\n  }\n  return randomWord;\n}\nconst productName = generateProductName(6);\n_Methods.default.fillInput(_createManuelUploadItemLocators.default.productIdTextBoxCMD, productName);\n_Methods.default.fillInput(_createManuelUploadItemLocators.default.netWeightCMD, '10');\nfunction generateProductDescription(length) {\n  const characters = 'ABCDEFGHIJKLMNOPQRSTUVWXYZabcdefghijklmnopqrstuvwxyz';\n  let randomWord = '';\n  for (let i = 0; i < length; i++) {\n    const randomIndex = Math.floor(Math.random() * characters.length);\n    randomWord += characters.charAt(randomIndex);\n  }\n  return randomWord;\n}\nconst productDescription = generateProductDescription(6);\n_Methods.default.fillInput(_createManuelUploadItemLocators.default.productDescriptionTextBoxTRCMD, productDescription);\n_Methods.default.checkTextIsVisible('Lütfen Eşya kodlarının karşısında bulunan alanları giriniz', true);",
              "err": {
                "message": "CypressError: Timed out retrying after 20000ms: `cy.clear()` failed because this element:\n\n`<input placeholder=\"Eşya Kodu\" class=\"ant-input css-w89hjl ant-input-outlined\" type=\"text\" value=\"\" style=\"border: 2px solid red; box-shadow: 0px 0px 10px 5px rgba(255, 0, 0, 0.5);\">`\n\nis being covered by another element:\n\n`<div tabindex=\"-1\" class=\"ant-modal-wrap\">...</div>`\n\nFix this problem, or use {force: true} to disable error checking.\n\nhttps://on.cypress.io/element-cannot-be-interacted-with",
                "estack": "CypressError: Timed out retrying after 20000ms: `cy.clear()` failed because this element:\n\n`<input placeholder=\"Eşya Kodu\" class=\"ant-input css-w89hjl ant-input-outlined\" type=\"text\" value=\"\" style=\"border: 2px solid red; box-shadow: 0px 0px 10px 5px rgba(255, 0, 0, 0.5);\">`\n\nis being covered by another element:\n\n`<div tabindex=\"-1\" class=\"ant-modal-wrap\">...</div>`\n\nFix this problem, or use {force: true} to disable error checking.\n\nhttps://on.cypress.io/element-cannot-be-interacted-with\n    at ensureIsDescendent (https://test-productcatalog.singlewindow.io/__cypress/runner/cypress_runner.js:113057:68)\n    at ensureDescendents (https://test-productcatalog.singlewindow.io/__cypress/runner/cypress_runner.js:113108:5)\n    at ensureDescendentsAndScroll (https://test-productcatalog.singlewindow.io/__cypress/runner/cypress_runner.js:113114:14)\n    at ensureElIsNotCovered (https://test-productcatalog.singlewindow.io/__cypress/runner/cypress_runner.js:113245:5)\n    at runAllChecks (https://test-productcatalog.singlewindow.io/__cypress/runner/cypress_runner.js:113444:52)\n    at retryActionability (https://test-productcatalog.singlewindow.io/__cypress/runner/cypress_runner.js:113481:16)\n    at tryCatcher (https://test-productcatalog.singlewindow.io/__cypress/runner/cypress_runner.js:1777:23)\n    at Promise.attempt.Promise.try (https://test-productcatalog.singlewindow.io/__cypress/runner/cypress_runner.js:4285:29)\n    at whenStable (https://test-productcatalog.singlewindow.io/__cypress/runner/cypress_runner.js:145828:68)\n    at <unknown> (https://test-productcatalog.singlewindow.io/__cypress/runner/cypress_runner.js:145769:14)\n    at tryCatcher (https://test-productcatalog.singlewindow.io/__cypress/runner/cypress_runner.js:1777:23)\n    at Promise._settlePromiseFromHandler (https://test-productcatalog.singlewindow.io/__cypress/runner/cypress_runner.js:1489:31)\n    at Promise._settlePromise (https://test-productcatalog.singlewindow.io/__cypress/runner/cypress_runner.js:1546:18)\n    at Promise._settlePromise0 (https://test-productcatalog.singlewindow.io/__cypress/runner/cypress_runner.js:1591:10)\n    at Promise._settlePromises (https://test-productcatalog.singlewindow.io/__cypress/runner/cypress_runner.js:1671:18)\n    at Promise._fulfill (https://test-productcatalog.singlewindow.io/__cypress/runner/cypress_runner.js:1615:18)\n    at <unknown> (https://test-productcatalog.singlewindow.io/__cypress/runner/cypress_runner.js:5420:46)",
                "diff": null
              },
              "uuid": "a8c312df-1eb6-4b66-bd1e-9c76f9fb29ff",
              "parentUUID": "50cc7d98-caff-4950-b086-264d65c5d4a6",
              "isHook": false,
              "skipped": false
            },
            {
              "title": "13.Ağırlık Birimi girildiğinde Net Ağırlık ve Brüt Biriminden en az biri girilmemişse uyarı gelmeli",
              "fullTitle": "Create Manuel Upload Item 13.Ağırlık Birimi girildiğinde Net Ağırlık ve Brüt Biriminden en az biri girilmemişse uyarı gelmeli",
              "timedOut": null,
              "duration": 24302,
              "state": "failed",
              "speed": null,
              "pass": false,
              "fail": true,
              "pending": false,
              "context": null,
              "code": "_Methods.default.visit();\nCypress.on('uncaught:exception', (err, runnable) => {\n  return false;\n});\n_Methods.default.clickButton(_loginLocators.default.loginUsername);\n_Methods.default.fillInput(_loginLocators.default.loginUsername, 'musavir.trch@outlook.com');\n_Methods.default.fillInput(_loginLocators.default.loginPassword, 'test123');\n_Methods.default.clickButton(_loginLocators.default.loginButton);\n_Methods.default.clickButton(_loginLocators.default.globalButton);\n_Methods.default.clickButton(_loginLocators.default.turkishLanguageButton);\n_Methods.default.clickButton(_createManuelUploadItemLocators.default.uploadItemButtonDashboard);\n_Methods.default.clickButton(_createManuelUploadItemLocators.default.pleaseSelectCompany);\n_Methods.default.clickButton(_createManuelUploadItemLocators.default.musteriTrchSelected);\n_Methods.default.clickButton(_createManuelUploadItemLocators.default.uploadItemSelectFirmModalNextButton);\n_Methods.default.clickButton(_createManuelUploadItemLocators.default.manuelUploadItemButtonServicesModal);\n_Methods.default.clickElementTrigger(_createManuelUploadItemLocators.default.createButtonServicesModal);\nfunction generateProductName(length) {\n  const characters = 'ABCDEFGHIJKLMNOPQRSTUVWXYZabcdefghijklmnopqrstuvwxyz';\n  let randomWord = '';\n  for (let i = 0; i < length; i++) {\n    const randomIndex = Math.floor(Math.random() * characters.length);\n    randomWord += characters.charAt(randomIndex);\n  }\n  return randomWord;\n}\nconst productName = generateProductName(6);\n_Methods.default.fillInput(_createManuelUploadItemLocators.default.productIdTextBoxCMD, productName);\nfunction generateProductDescription(length) {\n  const characters = 'ABCDEFGHIJKLMNOPQRSTUVWXYZabcdefghijklmnopqrstuvwxyz';\n  let randomWord = '';\n  for (let i = 0; i < length; i++) {\n    const randomIndex = Math.floor(Math.random() * characters.length);\n    randomWord += characters.charAt(randomIndex);\n  }\n  return randomWord;\n}\nconst productDescription = generateProductDescription(6);\n_Methods.default.fillInput(_createManuelUploadItemLocators.default.productDescriptionTextBoxTRCMD, productDescription);\n_Methods.default.clickButton(_createManuelUploadItemLocators.default.weightUnitOfMeasureCMD);\n_Methods.default.clickText('KG');\n_Methods.default.checkTextIsVisible('Lütfen Eşya kodlarının karşısında bulunan alanları giriniz', true);",
              "err": {
                "message": "CypressError: Timed out retrying after 20000ms: `cy.clear()` failed because this element:\n\n`<input placeholder=\"Eşya Kodu\" class=\"ant-input css-w89hjl ant-input-outlined\" type=\"text\" value=\"\" style=\"border: 2px solid red; box-shadow: 0px 0px 10px 5px rgba(255, 0, 0, 0.5);\">`\n\nis being covered by another element:\n\n`<div tabindex=\"-1\" class=\"ant-modal-wrap\">...</div>`\n\nFix this problem, or use {force: true} to disable error checking.\n\nhttps://on.cypress.io/element-cannot-be-interacted-with",
                "estack": "CypressError: Timed out retrying after 20000ms: `cy.clear()` failed because this element:\n\n`<input placeholder=\"Eşya Kodu\" class=\"ant-input css-w89hjl ant-input-outlined\" type=\"text\" value=\"\" style=\"border: 2px solid red; box-shadow: 0px 0px 10px 5px rgba(255, 0, 0, 0.5);\">`\n\nis being covered by another element:\n\n`<div tabindex=\"-1\" class=\"ant-modal-wrap\">...</div>`\n\nFix this problem, or use {force: true} to disable error checking.\n\nhttps://on.cypress.io/element-cannot-be-interacted-with\n    at ensureIsDescendent (https://test-productcatalog.singlewindow.io/__cypress/runner/cypress_runner.js:113057:68)\n    at ensureDescendents (https://test-productcatalog.singlewindow.io/__cypress/runner/cypress_runner.js:113108:5)\n    at ensureDescendentsAndScroll (https://test-productcatalog.singlewindow.io/__cypress/runner/cypress_runner.js:113114:14)\n    at ensureElIsNotCovered (https://test-productcatalog.singlewindow.io/__cypress/runner/cypress_runner.js:113245:5)\n    at runAllChecks (https://test-productcatalog.singlewindow.io/__cypress/runner/cypress_runner.js:113444:52)\n    at retryActionability (https://test-productcatalog.singlewindow.io/__cypress/runner/cypress_runner.js:113481:16)\n    at tryCatcher (https://test-productcatalog.singlewindow.io/__cypress/runner/cypress_runner.js:1777:23)\n    at Promise.attempt.Promise.try (https://test-productcatalog.singlewindow.io/__cypress/runner/cypress_runner.js:4285:29)\n    at whenStable (https://test-productcatalog.singlewindow.io/__cypress/runner/cypress_runner.js:145828:68)\n    at <unknown> (https://test-productcatalog.singlewindow.io/__cypress/runner/cypress_runner.js:145769:14)\n    at tryCatcher (https://test-productcatalog.singlewindow.io/__cypress/runner/cypress_runner.js:1777:23)\n    at Promise._settlePromiseFromHandler (https://test-productcatalog.singlewindow.io/__cypress/runner/cypress_runner.js:1489:31)\n    at Promise._settlePromise (https://test-productcatalog.singlewindow.io/__cypress/runner/cypress_runner.js:1546:18)\n    at Promise._settlePromise0 (https://test-productcatalog.singlewindow.io/__cypress/runner/cypress_runner.js:1591:10)\n    at Promise._settlePromises (https://test-productcatalog.singlewindow.io/__cypress/runner/cypress_runner.js:1671:18)\n    at Promise._fulfill (https://test-productcatalog.singlewindow.io/__cypress/runner/cypress_runner.js:1615:18)\n    at <unknown> (https://test-productcatalog.singlewindow.io/__cypress/runner/cypress_runner.js:5420:46)",
                "diff": null
              },
              "uuid": "74ba38ec-629b-4fd1-8c6a-bf1613cdeffb",
              "parentUUID": "50cc7d98-caff-4950-b086-264d65c5d4a6",
              "isHook": false,
              "skipped": false
            },
            {
              "title": "14.Eşya Grup Kodu Alanına Giriş Yapılınca Başarıyla Kaydetmesi",
              "fullTitle": "Create Manuel Upload Item 14.Eşya Grup Kodu Alanına Giriş Yapılınca Başarıyla Kaydetmesi",
              "timedOut": null,
              "duration": 24377,
              "state": "failed",
              "speed": null,
              "pass": false,
              "fail": true,
              "pending": false,
              "context": null,
              "code": "_Methods.default.visit();\nCypress.on('uncaught:exception', (err, runnable) => {\n  return false;\n});\n_Methods.default.clickButton(_loginLocators.default.loginUsername);\n_Methods.default.fillInput(_loginLocators.default.loginUsername, 'musavir.trch@outlook.com');\n_Methods.default.fillInput(_loginLocators.default.loginPassword, 'test123');\n_Methods.default.clickButton(_loginLocators.default.loginButton);\n_Methods.default.clickButton(_loginLocators.default.globalButton);\n_Methods.default.clickButton(_loginLocators.default.turkishLanguageButton);\n_Methods.default.clickButton(_createManuelUploadItemLocators.default.uploadItemButtonDashboard);\n_Methods.default.clickButton(_createManuelUploadItemLocators.default.pleaseSelectCompany);\n_Methods.default.clickButton(_createManuelUploadItemLocators.default.musteriTrchSelected);\n_Methods.default.clickButton(_createManuelUploadItemLocators.default.uploadItemSelectFirmModalNextButton);\n_Methods.default.clickButton(_createManuelUploadItemLocators.default.manuelUploadItemButtonServicesModal);\n_Methods.default.clickElementTrigger(_createManuelUploadItemLocators.default.createButtonServicesModal);\nfunction generateProductName(length) {\n  const characters = 'ABCDEFGHIJKLMNOPQRSTUVWXYZabcdefghijklmnopqrstuvwxyz';\n  let randomWord = '';\n  for (let i = 0; i < length; i++) {\n    const randomIndex = Math.floor(Math.random() * characters.length);\n    randomWord += characters.charAt(randomIndex);\n  }\n  return randomWord;\n}\nconst productName = generateProductName(6);\n_Methods.default.fillInput(_createManuelUploadItemLocators.default.productIdTextBoxCMD, productName);\n_Methods.default.fillInput(_createManuelUploadItemLocators.default.productGroupCodeTextCMD, 'testEşyaGrupKodu');\nfunction generateProductDescription(length) {\n  const characters = 'ABCDEFGHIJKLMNOPQRSTUVWXYZabcdefghijklmnopqrstuvwxyz';\n  let randomWord = '';\n  for (let i = 0; i < length; i++) {\n    const randomIndex = Math.floor(Math.random() * characters.length);\n    randomWord += characters.charAt(randomIndex);\n  }\n  return randomWord;\n}\nconst productDescription = generateProductDescription(6);\n_Methods.default.fillInput(_createManuelUploadItemLocators.default.productDescriptionTextBoxTRCMD, productDescription);\n_Methods.default.fillInput(_createManuelUploadItemLocators.default.productDescriptionTextBoxDECMD, 'test');\n_Methods.default.clickElementTrigger(_createManuelUploadItemLocators.default.submitButtonInCreateDataScreen);\n_Methods.default.clickButton(_createManuelUploadItemLocators.default.submitButtonOnSubmitModalCMD);\n_Methods.default.clickButton(_createManuelUploadItemLocators.default.productPoolButtonSubmitModalCMD);\n_Methods.default.shouldHaveText(_createManuelUploadItemLocators.default.productPoolProductGroupCodeFirstText, \"testEşyaGrupKodu\");",
              "err": {
                "message": "CypressError: Timed out retrying after 20000ms: `cy.clear()` failed because this element:\n\n`<input placeholder=\"Eşya Kodu\" class=\"ant-input css-w89hjl ant-input-outlined\" type=\"text\" value=\"\" style=\"border: 2px solid red; box-shadow: 0px 0px 10px 5px rgba(255, 0, 0, 0.5);\">`\n\nis being covered by another element:\n\n`<div tabindex=\"-1\" class=\"ant-modal-wrap\">...</div>`\n\nFix this problem, or use {force: true} to disable error checking.\n\nhttps://on.cypress.io/element-cannot-be-interacted-with",
                "estack": "CypressError: Timed out retrying after 20000ms: `cy.clear()` failed because this element:\n\n`<input placeholder=\"Eşya Kodu\" class=\"ant-input css-w89hjl ant-input-outlined\" type=\"text\" value=\"\" style=\"border: 2px solid red; box-shadow: 0px 0px 10px 5px rgba(255, 0, 0, 0.5);\">`\n\nis being covered by another element:\n\n`<div tabindex=\"-1\" class=\"ant-modal-wrap\">...</div>`\n\nFix this problem, or use {force: true} to disable error checking.\n\nhttps://on.cypress.io/element-cannot-be-interacted-with\n    at ensureIsDescendent (https://test-productcatalog.singlewindow.io/__cypress/runner/cypress_runner.js:113057:68)\n    at ensureDescendents (https://test-productcatalog.singlewindow.io/__cypress/runner/cypress_runner.js:113108:5)\n    at ensureDescendentsAndScroll (https://test-productcatalog.singlewindow.io/__cypress/runner/cypress_runner.js:113114:14)\n    at ensureElIsNotCovered (https://test-productcatalog.singlewindow.io/__cypress/runner/cypress_runner.js:113245:5)\n    at runAllChecks (https://test-productcatalog.singlewindow.io/__cypress/runner/cypress_runner.js:113444:52)\n    at retryActionability (https://test-productcatalog.singlewindow.io/__cypress/runner/cypress_runner.js:113481:16)\n    at tryCatcher (https://test-productcatalog.singlewindow.io/__cypress/runner/cypress_runner.js:1777:23)\n    at Promise.attempt.Promise.try (https://test-productcatalog.singlewindow.io/__cypress/runner/cypress_runner.js:4285:29)\n    at whenStable (https://test-productcatalog.singlewindow.io/__cypress/runner/cypress_runner.js:145828:68)\n    at <unknown> (https://test-productcatalog.singlewindow.io/__cypress/runner/cypress_runner.js:145769:14)\n    at tryCatcher (https://test-productcatalog.singlewindow.io/__cypress/runner/cypress_runner.js:1777:23)\n    at Promise._settlePromiseFromHandler (https://test-productcatalog.singlewindow.io/__cypress/runner/cypress_runner.js:1489:31)\n    at Promise._settlePromise (https://test-productcatalog.singlewindow.io/__cypress/runner/cypress_runner.js:1546:18)\n    at Promise._settlePromise0 (https://test-productcatalog.singlewindow.io/__cypress/runner/cypress_runner.js:1591:10)\n    at Promise._settlePromises (https://test-productcatalog.singlewindow.io/__cypress/runner/cypress_runner.js:1671:18)\n    at Promise._fulfill (https://test-productcatalog.singlewindow.io/__cypress/runner/cypress_runner.js:1615:18)\n    at <unknown> (https://test-productcatalog.singlewindow.io/__cypress/runner/cypress_runner.js:5420:46)",
                "diff": null
              },
              "uuid": "926e3f7e-e79e-4b17-99f3-719af6ec4ff9",
              "parentUUID": "50cc7d98-caff-4950-b086-264d65c5d4a6",
              "isHook": false,
              "skipped": false
            },
            {
              "title": "15.Eşya Grup Kodu Alanına Giriş Yapılmaması durumunda sistem tarafından grup kodu atanır",
              "fullTitle": "Create Manuel Upload Item 15.Eşya Grup Kodu Alanına Giriş Yapılmaması durumunda sistem tarafından grup kodu atanır",
              "timedOut": null,
              "duration": 24439,
              "state": "failed",
              "speed": null,
              "pass": false,
              "fail": true,
              "pending": false,
              "context": null,
              "code": "_Methods.default.visit();\nCypress.on('uncaught:exception', (err, runnable) => {\n  return false;\n});\n_Methods.default.clickButton(_loginLocators.default.loginUsername);\n_Methods.default.fillInput(_loginLocators.default.loginUsername, 'musavir.trch@outlook.com');\n_Methods.default.fillInput(_loginLocators.default.loginPassword, 'test123');\n_Methods.default.clickButton(_loginLocators.default.loginButton);\n_Methods.default.clickButton(_loginLocators.default.globalButton);\n_Methods.default.clickButton(_loginLocators.default.turkishLanguageButton);\n_Methods.default.clickButton(_createManuelUploadItemLocators.default.uploadItemButtonDashboard);\n_Methods.default.clickButton(_createManuelUploadItemLocators.default.pleaseSelectCompany);\n_Methods.default.clickButton(_createManuelUploadItemLocators.default.musteriTrchSelected);\n_Methods.default.clickButton(_createManuelUploadItemLocators.default.uploadItemSelectFirmModalNextButton);\n_Methods.default.clickButton(_createManuelUploadItemLocators.default.manuelUploadItemButtonServicesModal);\n_Methods.default.clickElementTrigger(_createManuelUploadItemLocators.default.createButtonServicesModal);\nfunction generateProductName(length) {\n  const characters = 'ABCDEFGHIJKLMNOPQRSTUVWXYZabcdefghijklmnopqrstuvwxyz';\n  let randomWord = '';\n  for (let i = 0; i < length; i++) {\n    const randomIndex = Math.floor(Math.random() * characters.length);\n    randomWord += characters.charAt(randomIndex);\n  }\n  return randomWord;\n}\nconst productName = generateProductName(6);\n_Methods.default.fillInput(_createManuelUploadItemLocators.default.productIdTextBoxCMD, productName);\nfunction generateProductDescription(length) {\n  const characters = 'ABCDEFGHIJKLMNOPQRSTUVWXYZabcdefghijklmnopqrstuvwxyz';\n  let randomWord = '';\n  for (let i = 0; i < length; i++) {\n    const randomIndex = Math.floor(Math.random() * characters.length);\n    randomWord += characters.charAt(randomIndex);\n  }\n  return randomWord;\n}\nconst productDescription = generateProductDescription(6);\n_Methods.default.fillInput(_createManuelUploadItemLocators.default.productDescriptionTextBoxTRCMD, productDescription);\n_Methods.default.fillInput(_createManuelUploadItemLocators.default.productDescriptionTextBoxDECMD, 'test');\n_Methods.default.clickElementTrigger(_createManuelUploadItemLocators.default.submitButtonInCreateDataScreen);\n_Methods.default.clickButton(_createManuelUploadItemLocators.default.submitButtonOnSubmitModalCMD);\n_Methods.default.clickButton(_createManuelUploadItemLocators.default.productPoolButtonSubmitModalCMD);\n_Methods.default.wait(3000);\n_Methods.default.invokeText(_createManuelUploadItemLocators.default.productPoolProductGroupCodeFirstText, \"MFT\");",
              "err": {
                "message": "CypressError: Timed out retrying after 20000ms: `cy.clear()` failed because this element:\n\n`<input placeholder=\"Eşya Kodu\" class=\"ant-input css-w89hjl ant-input-outlined\" type=\"text\" value=\"\" style=\"border: 2px solid red; box-shadow: 0px 0px 10px 5px rgba(255, 0, 0, 0.5);\">`\n\nis being covered by another element:\n\n`<div tabindex=\"-1\" class=\"ant-modal-wrap\">...</div>`\n\nFix this problem, or use {force: true} to disable error checking.\n\nhttps://on.cypress.io/element-cannot-be-interacted-with",
                "estack": "CypressError: Timed out retrying after 20000ms: `cy.clear()` failed because this element:\n\n`<input placeholder=\"Eşya Kodu\" class=\"ant-input css-w89hjl ant-input-outlined\" type=\"text\" value=\"\" style=\"border: 2px solid red; box-shadow: 0px 0px 10px 5px rgba(255, 0, 0, 0.5);\">`\n\nis being covered by another element:\n\n`<div tabindex=\"-1\" class=\"ant-modal-wrap\">...</div>`\n\nFix this problem, or use {force: true} to disable error checking.\n\nhttps://on.cypress.io/element-cannot-be-interacted-with\n    at ensureIsDescendent (https://test-productcatalog.singlewindow.io/__cypress/runner/cypress_runner.js:113057:68)\n    at ensureDescendents (https://test-productcatalog.singlewindow.io/__cypress/runner/cypress_runner.js:113108:5)\n    at ensureDescendentsAndScroll (https://test-productcatalog.singlewindow.io/__cypress/runner/cypress_runner.js:113114:14)\n    at ensureElIsNotCovered (https://test-productcatalog.singlewindow.io/__cypress/runner/cypress_runner.js:113245:5)\n    at runAllChecks (https://test-productcatalog.singlewindow.io/__cypress/runner/cypress_runner.js:113444:52)\n    at retryActionability (https://test-productcatalog.singlewindow.io/__cypress/runner/cypress_runner.js:113481:16)\n    at tryCatcher (https://test-productcatalog.singlewindow.io/__cypress/runner/cypress_runner.js:1777:23)\n    at Promise.attempt.Promise.try (https://test-productcatalog.singlewindow.io/__cypress/runner/cypress_runner.js:4285:29)\n    at whenStable (https://test-productcatalog.singlewindow.io/__cypress/runner/cypress_runner.js:145828:68)\n    at <unknown> (https://test-productcatalog.singlewindow.io/__cypress/runner/cypress_runner.js:145769:14)\n    at tryCatcher (https://test-productcatalog.singlewindow.io/__cypress/runner/cypress_runner.js:1777:23)\n    at Promise._settlePromiseFromHandler (https://test-productcatalog.singlewindow.io/__cypress/runner/cypress_runner.js:1489:31)\n    at Promise._settlePromise (https://test-productcatalog.singlewindow.io/__cypress/runner/cypress_runner.js:1546:18)\n    at Promise._settlePromise0 (https://test-productcatalog.singlewindow.io/__cypress/runner/cypress_runner.js:1591:10)\n    at Promise._settlePromises (https://test-productcatalog.singlewindow.io/__cypress/runner/cypress_runner.js:1671:18)\n    at Promise._fulfill (https://test-productcatalog.singlewindow.io/__cypress/runner/cypress_runner.js:1615:18)\n    at <unknown> (https://test-productcatalog.singlewindow.io/__cypress/runner/cypress_runner.js:5420:46)",
                "diff": null
              },
              "uuid": "2e8776e6-0801-4869-8b8d-6cb6f48a08ad",
              "parentUUID": "50cc7d98-caff-4950-b086-264d65c5d4a6",
              "isHook": false,
              "skipped": false
            },
            {
              "title": "16.Şablonlar Kontrolü",
              "fullTitle": "Create Manuel Upload Item 16.Şablonlar Kontrolü",
              "timedOut": null,
              "duration": 6849,
              "state": "passed",
              "speed": "medium",
              "pass": true,
              "fail": false,
              "pending": false,
              "context": null,
              "code": "_Methods.default.visit();\nCypress.on('uncaught:exception', (err, runnable) => {\n  return false;\n});\n_Methods.default.clickButton(_loginLocators.default.loginUsername);\n_Methods.default.fillInput(_loginLocators.default.loginUsername, 'musavir.trch@outlook.com');\n_Methods.default.fillInput(_loginLocators.default.loginPassword, 'test123');\n_Methods.default.clickButton(_loginLocators.default.loginButton);\n_Methods.default.clickButton(_loginLocators.default.globalButton);\n_Methods.default.clickButton(_loginLocators.default.turkishLanguageButton);\n_Methods.default.clickButton(_createManuelUploadItemLocators.default.uploadItemButtonDashboard);\n_Methods.default.clickButton(_createManuelUploadItemLocators.default.pleaseSelectCompany);\n_Methods.default.clickButton(_createManuelUploadItemLocators.default.musteriTrchSelected);\n_Methods.default.clickButton(_createManuelUploadItemLocators.default.uploadItemSelectFirmModalNextButton);\n_Methods.default.clickButton(_createManuelUploadItemLocators.default.manuelUploadItemButtonServicesModal);\n_Methods.default.clickElementTrigger(_createManuelUploadItemLocators.default.createButtonServicesModal);\n_Methods.default.clickButton(_createManuelUploadItemLocators.default.downloadableContentCMD);\n_Methods.default.clickButton(_createManuelUploadItemLocators.default.turkceExcelTemplateCMD);\n_Methods.default.checkTextIsVisible('TürkçeExcelŞablonu.xlsx İndirildi', true);",
              "err": {},
              "uuid": "d256bbce-ccec-4b72-a5c7-0133c100437f",
              "parentUUID": "50cc7d98-caff-4950-b086-264d65c5d4a6",
              "isHook": false,
              "skipped": false
            },
            {
              "title": "17.Eşya oluşturma ekranında excelle eşya yükleme '200 kalem altı'",
              "fullTitle": "Create Manuel Upload Item 17.Eşya oluşturma ekranında excelle eşya yükleme '200 kalem altı'",
              "timedOut": null,
              "duration": 17723,
              "state": "passed",
              "speed": "slow",
              "pass": true,
              "fail": false,
              "pending": false,
              "context": null,
              "code": "_Methods.default.visit();\nCypress.on('uncaught:exception', (err, runnable) => {\n  return false;\n});\n_Methods.default.clickButton(_loginLocators.default.loginUsername);\n_Methods.default.fillInput(_loginLocators.default.loginUsername, 'musavir.trch@outlook.com');\n_Methods.default.fillInput(_loginLocators.default.loginPassword, 'test123');\n_Methods.default.clickButton(_loginLocators.default.loginButton);\n_Methods.default.clickButton(_loginLocators.default.globalButton);\n_Methods.default.clickButton(_loginLocators.default.turkishLanguageButton);\n_Methods.default.clickButton(_createManuelUploadItemLocators.default.uploadItemButtonDashboard);\n_Methods.default.clickButton(_createManuelUploadItemLocators.default.pleaseSelectCompany);\n_Methods.default.clickButton(_createManuelUploadItemLocators.default.musteriTrchSelected);\n_Methods.default.clickButton(_createManuelUploadItemLocators.default.uploadItemSelectFirmModalNextButton);\n_Methods.default.clickButton(_createManuelUploadItemLocators.default.manuelUploadItemButtonServicesModal);\n_Methods.default.clickElementTrigger(_createManuelUploadItemLocators.default.createButtonServicesModal);\nconst fixtureFile = 'başarılıExcel.xlsx';\ncy.get('[data-test-id=\"excel-upload-drawer\"]').attachFile(fixtureFile);\n_Methods.default.wait(10000);\n_Methods.default.shouldHaveValue(_createManuelUploadItemLocators.default.productIdTextBoxCMD, 'testOtomasyon-001');",
              "err": {},
              "uuid": "f8394692-187d-45d8-a610-e070c2693ef1",
[...]
g after 20000ms: `cy.clear()` failed because this element:\n\n`<input placeholder=\"Eşya Kodu\" class=\"ant-input css-w89hjl ant-input-outlined\" type=\"text\" value=\"\" style=\"border: 2px solid red; box-shadow: 0px 0px 10px 5px rgba(255, 0, 0, 0.5);\">`\n\nis being covered by another element:\n\n`<div tabindex=\"-1\" class=\"ant-modal-wrap\">...</div>`\n\nFix this problem, or use {force: true} to disable error checking.\n\nhttps://on.cypress.io/element-cannot-be-interacted-with\n    at ensureIsDescendent (https://test-productcatalog.singlewindow.io/__cypress/runner/cypress_runner.js:113057:68)\n    at ensureDescendents (https://test-productcatalog.singlewindow.io/__cypress/runner/cypress_runner.js:113108:5)\n    at ensureDescendentsAndScroll (https://test-productcatalog.singlewindow.io/__cypress/runner/cypress_runner.js:113114:14)\n    at ensureElIsNotCovered (https://test-productcatalog.singlewindow.io/__cypress/runner/cypress_runner.js:113245:5)\n    at runAllChecks (https://test-productcatalog.singlewindow.io/__cypress/runner/cypress_runner.js:113444:52)\n    at retryActionability (https://test-productcatalog.singlewindow.io/__cypress/runner/cypress_runner.js:113481:16)\n    at tryCatcher (https://test-productcatalog.singlewindow.io/__cypress/runner/cypress_runner.js:1777:23)\n    at Promise.attempt.Promise.try (https://test-productcatalog.singlewindow.io/__cypress/runner/cypress_runner.js:4285:29)\n    at whenStable (https://test-productcatalog.singlewindow.io/__cypress/runner/cypress_runner.js:145828:68)\n    at <unknown> (https://test-productcatalog.singlewindow.io/__cypress/runner/cypress_runner.js:145769:14)\n    at tryCatcher (https://test-productcatalog.singlewindow.io/__cypress/runner/cypress_runner.js:1777:23)\n    at Promise._settlePromiseFromHandler (https://test-productcatalog.singlewindow.io/__cypress/runner/cypress_runner.js:1489:31)\n    at Promise._settlePromise (https://test-productcatalog.singlewindow.io/__cypress/runner/cypress_runner.js:1546:18)\n    at Promise._settlePromise0 (https://test-productcatalog.singlewindow.io/__cypress/runner/cypress_runner.js:1591:10)\n    at Promise._settlePromises (https://test-productcatalog.singlewindow.io/__cypress/runner/cypress_runner.js:1671:18)\n    at Promise._fulfill (https://test-productcatalog.singlewindow.io/__cypress/runner/cypress_runner.js:1615:18)\n    at <unknown> (https://test-productcatalog.singlewindow.io/__cypress/runner/cypress_runner.js:5420:46)",
                "diff": null
              },
              "uuid": "ca5a16c1-229a-4ee8-a4dc-9ed453f3e7e9",
              "parentUUID": "50cc7d98-caff-4950-b086-264d65c5d4a6",
              "isHook": false,
              "skipped": false
            },
            {
              "title": "28.Tüm satırları silme butonu",
              "fullTitle": "Create Manuel Upload Item 28.Tüm satırları silme butonu",
              "timedOut": null,
              "duration": 24269,
              "state": "failed",
              "speed": null,
              "pass": false,
              "fail": true,
              "pending": false,
              "context": null,
              "code": "_Methods.default.visit();\nCypress.on('uncaught:exception', (err, runnable) => {\n  return false;\n});\n_Methods.default.clickButton(_loginLocators.default.loginUsername);\n_Methods.default.fillInput(_loginLocators.default.loginUsername, 'musavir.trch@outlook.com');\n_Methods.default.fillInput(_loginLocators.default.loginPassword, 'test123');\n_Methods.default.clickButton(_loginLocators.default.loginButton);\n_Methods.default.clickButton(_loginLocators.default.globalButton);\n_Methods.default.clickButton(_loginLocators.default.turkishLanguageButton);\n_Methods.default.clickButton(_createManuelUploadItemLocators.default.uploadItemButtonDashboard);\n_Methods.default.clickButton(_createManuelUploadItemLocators.default.pleaseSelectCompany);\n_Methods.default.clickButton(_createManuelUploadItemLocators.default.musteriTrchSelected);\n_Methods.default.clickButton(_createManuelUploadItemLocators.default.uploadItemSelectFirmModalNextButton);\n_Methods.default.clickButton(_createManuelUploadItemLocators.default.manuelUploadItemButtonServicesModal);\n_Methods.default.clickElementTrigger(_createManuelUploadItemLocators.default.createButtonServicesModal);\nfunction generateProductName(length) {\n  const characters = 'ABCDEFGHIJKLMNOPQRSTUVWXYZabcdefghijklmnopqrstuvwxyz';\n  let randomWord = '';\n  for (let i = 0; i < length; i++) {\n    const randomIndex = Math.floor(Math.random() * characters.length);\n    randomWord += characters.charAt(randomIndex);\n  }\n  return randomWord;\n}\nconst productName = generateProductName(6);\n_Methods.default.fillInput(_createManuelUploadItemLocators.default.productIdTextBoxCMD, productName);\nfunction generateProductDescription(length) {\n  const characters = 'ABCDEFGHIJKLMNOPQRSTUVWXYZabcdefghijklmnopqrstuvwxyz';\n  let randomWord = '';\n  for (let i = 0; i < length; i++) {\n    const randomIndex = Math.floor(Math.random() * characters.length);\n    randomWord += characters.charAt(randomIndex);\n  }\n  return randomWord;\n}\nconst productDescription = generateProductDescription(6);\n_Methods.default.fillInput(_createManuelUploadItemLocators.default.productDescriptionTextBoxTRCMD, productDescription);\n_Methods.default.clickButton(_createManuelUploadItemLocators.default.addItemCMD);\nfunction generateProductName(length) {\n  const characters = 'ABCDEFGHIJKLMNOPQRSTUVWXYZabcdefghijklmnopqrstuvwxyz';\n  let randomWord = '';\n  for (let i = 0; i < length; i++) {\n    const randomIndex = Math.floor(Math.random() * characters.length);\n    randomWord += characters.charAt(randomIndex);\n  }\n  return randomWord;\n}\nconst productName2 = generateProductName(6);\n_Methods.default.fillInput(_createManuelUploadItemLocators.default.productIdTextBoxCMDSecond, productName2);\nfunction generateProductDescription(length) {\n  const characters = 'ABCDEFGHIJKLMNOPQRSTUVWXYZabcdefghijklmnopqrstuvwxyz';\n  let randomWord = '';\n  for (let i = 0; i < length; i++) {\n    const randomIndex = Math.floor(Math.random() * characters.length);\n    randomWord += characters.charAt(randomIndex);\n  }\n  return randomWord;\n}\nconst productDescription2 = generateProductDescription(6);\n_Methods.default.fillInput(_createManuelUploadItemLocators.default.productDescriptionTextBoxTRCMDSecond, productDescription2);\n_Methods.default.fillInput(_createManuelUploadItemLocators.default.productDescriptionTextBoxDECMD, 'test');\n_Methods.default.clickButton(_createManuelUploadItemLocators.default.deleteAllLineButtonCMD);\n_Methods.default.clickButton(_createManuelUploadItemLocators.default.deleteAllButtonWarningYesButtonCMD);\n_Methods.default.shouldNotHaveValue(_createManuelUploadItemLocators.default.productIdTextBoxCMD, productName);",
              "err": {
                "message": "CypressError: Timed out retrying after 20000ms: `cy.clear()` failed because this element:\n\n`<input placeholder=\"Eşya Kodu\" class=\"ant-input css-w89hjl ant-input-outlined\" type=\"text\" value=\"\" style=\"border: 2px solid red; box-shadow: 0px 0px 10px 5px rgba(255, 0, 0, 0.5);\">`\n\nis being covered by another element:\n\n`<div tabindex=\"-1\" class=\"ant-modal-wrap\">...</div>`\n\nFix this problem, or use {force: true} to disable error checking.\n\nhttps://on.cypress.io/element-cannot-be-interacted-with",
                "estack": "CypressError: Timed out retrying after 20000ms: `cy.clear()` failed because this element:\n\n`<input placeholder=\"Eşya Kodu\" class=\"ant-input css-w89hjl ant-input-outlined\" type=\"text\" value=\"\" style=\"border: 2px solid red; box-shadow: 0px 0px 10px 5px rgba(255, 0, 0, 0.5);\">`\n\nis being covered by another element:\n\n`<div tabindex=\"-1\" class=\"ant-modal-wrap\">...</div>`\n\nFix this problem, or use {force: true} to disable error checking.\n\nhttps://on.cypress.io/element-cannot-be-interacted-with\n    at ensureIsDescendent (https://test-productcatalog.singlewindow.io/__cypress/runner/cypress_runner.js:113057:68)\n    at ensureDescendents (https://test-productcatalog.singlewindow.io/__cypress/runner/cypress_runner.js:113108:5)\n    at ensureDescendentsAndScroll (https://test-productcatalog.singlewindow.io/__cypress/runner/cypress_runner.js:113114:14)\n    at ensureElIsNotCovered (https://test-productcatalog.singlewindow.io/__cypress/runner/cypress_runner.js:113245:5)\n    at runAllChecks (https://test-productcatalog.singlewindow.io/__cypress/runner/cypress_runner.js:113444:52)\n    at retryActionability (https://test-productcatalog.singlewindow.io/__cypress/runner/cypress_runner.js:113481:16)\n    at tryCatcher (https://test-productcatalog.singlewindow.io/__cypress/runner/cypress_runner.js:1777:23)\n    at Promise.attempt.Promise.try (https://test-productcatalog.singlewindow.io/__cypress/runner/cypress_runner.js:4285:29)\n    at whenStable (https://test-productcatalog.singlewindow.io/__cypress/runner/cypress_runner.js:145828:68)\n    at <unknown> (https://test-productcatalog.singlewindow.io/__cypress/runner/cypress_runner.js:145769:14)\n    at tryCatcher (https://test-productcatalog.singlewindow.io/__cypress/runner/cypress_runner.js:1777:23)\n    at Promise._settlePromiseFromHandler (https://test-productcatalog.singlewindow.io/__cypress/runner/cypress_runner.js:1489:31)\n    at Promise._settlePromise (https://test-productcatalog.singlewindow.io/__cypress/runner/cypress_runner.js:1546:18)\n    at Promise._settlePromise0 (https://test-productcatalog.singlewindow.io/__cypress/runner/cypress_runner.js:1591:10)\n    at Promise._settlePromises (https://test-productcatalog.singlewindow.io/__cypress/runner/cypress_runner.js:1671:18)\n    at Promise._fulfill (https://test-productcatalog.singlewindow.io/__cypress/runner/cypress_runner.js:1615:18)\n    at <unknown> (https://test-productcatalog.singlewindow.io/__cypress/runner/cypress_runner.js:5420:46)",
                "diff": null
              },
              "uuid": "1035a324-421b-4622-90c3-db1f49ddc2af",
              "parentUUID": "50cc7d98-caff-4950-b086-264d65c5d4a6",
              "isHook": false,
              "skipped": false
            },
            {
              "title": "29.Satır kopyalama butonuyla, alanlar başarıyla kopyalanıyor",
              "fullTitle": "Create Manuel Upload Item 29.Satır kopyalama butonuyla, alanlar başarıyla kopyalanıyor",
              "timedOut": null,
              "duration": 24455,
              "state": "failed",
              "speed": null,
              "pass": false,
              "fail": true,
              "pending": false,
              "context": null,
              "code": "_Methods.default.visit();\nCypress.on('uncaught:exception', (err, runnable) => {\n  return false;\n});\n_Methods.default.clickButton(_loginLocators.default.loginUsername);\n_Methods.default.fillInput(_loginLocators.default.loginUsername, 'musavir.trch@outlook.com');\n_Methods.default.fillInput(_loginLocators.default.loginPassword, 'test123');\n_Methods.default.clickButton(_loginLocators.default.loginButton);\n_Methods.default.clickButton(_loginLocators.default.globalButton);\n_Methods.default.clickButton(_loginLocators.default.turkishLanguageButton);\n_Methods.default.clickButton(_createManuelUploadItemLocators.default.uploadItemButtonDashboard);\n_Methods.default.clickButton(_createManuelUploadItemLocators.default.pleaseSelectCompany);\n_Methods.default.clickButton(_createManuelUploadItemLocators.default.musteriTrchSelected);\n_Methods.default.clickButton(_createManuelUploadItemLocators.default.uploadItemSelectFirmModalNextButton);\n_Methods.default.clickButton(_createManuelUploadItemLocators.default.manuelUploadItemButtonServicesModal);\n_Methods.default.clickElementTrigger(_createManuelUploadItemLocators.default.createButtonServicesModal);\nfunction generateProductName(length) {\n  const characters = 'ABCDEFGHIJKLMNOPQRSTUVWXYZabcdefghijklmnopqrstuvwxyz';\n  let randomWord = '';\n  for (let i = 0; i < length; i++) {\n    const randomIndex = Math.floor(Math.random() * characters.length);\n    randomWord += characters.charAt(randomIndex);\n  }\n  return randomWord;\n}\nconst productName = generateProductName(6);\n_Methods.default.fillInput(_createManuelUploadItemLocators.default.productIdTextBoxCMD, productName);\nfunction generateProductDescription(length) {\n  const characters = 'ABCDEFGHIJKLMNOPQRSTUVWXYZabcdefghijklmnopqrstuvwxyz';\n  let randomWord = '';\n  for (let i = 0; i < length; i++) {\n    const randomIndex = Math.floor(Math.random() * characters.length);\n    randomWord += characters.charAt(randomIndex);\n  }\n  return randomWord;\n}\nconst productDescription = generateProductDescription(6);\n_Methods.default.fillInput(_createManuelUploadItemLocators.default.productDescriptionTextBoxTRCMD, productDescription);\n_Methods.default.clickButton(_createManuelUploadItemLocators.default.addItemCMD);\nfunction generateProductName(length) {\n  const characters = 'ABCDEFGHIJKLMNOPQRSTUVWXYZabcdefghijklmnopqrstuvwxyz';\n  let randomWord = '';\n  for (let i = 0; i < length; i++) {\n    const randomIndex = Math.floor(Math.random() * characters.length);\n    randomWord += characters.charAt(randomIndex);\n  }\n  return randomWord;\n}\nconst productName2 = generateProductName(6);\n_Methods.default.fillInput(_createManuelUploadItemLocators.default.productIdTextBoxCMDSecond, productName2);\nfunction generateProductDescription(length) {\n  const characters = 'ABCDEFGHIJKLMNOPQRSTUVWXYZabcdefghijklmnopqrstuvwxyz';\n  let randomWord = '';\n  for (let i = 0; i < length; i++) {\n    const randomIndex = Math.floor(Math.random() * characters.length);\n    randomWord += characters.charAt(randomIndex);\n  }\n  return randomWord;\n}\nconst productDescription2 = generateProductDescription(6);\n_Methods.default.fillInput(_createManuelUploadItemLocators.default.productDescriptionTextBoxTRCMDSecond, productDescription2);\n_Methods.default.fillInput(_createManuelUploadItemLocators.default.productDescriptionTextBoxDECMD, 'test');\n_Methods.default.clickButton(_createManuelUploadItemLocators.default.deleteAllLineButtonCMD);\n_Methods.default.clickButton(_createManuelUploadItemLocators.default.deleteAllButtonWarningYesButtonCMD);\n_Methods.default.shouldNotHaveValue(_createManuelUploadItemLocators.default.productIdTextBoxCMD, productName);",
              "err": {
                "message": "CypressError: Timed out retrying after 20000ms: `cy.clear()` failed because this element:\n\n`<input placeholder=\"Eşya Kodu\" class=\"ant-input css-w89hjl ant-input-outlined\" type=\"text\" value=\"\" style=\"border: 2px solid red; box-shadow: 0px 0px 10px 5px rgba(255, 0, 0, 0.5);\">`\n\nis being covered by another element:\n\n`<div tabindex=\"-1\" class=\"ant-modal-wrap\">...</div>`\n\nFix this problem, or use {force: true} to disable error checking.\n\nhttps://on.cypress.io/element-cannot-be-interacted-with",
                "estack": "CypressError: Timed out retrying after 20000ms: `cy.clear()` failed because this element:\n\n`<input placeholder=\"Eşya Kodu\" class=\"ant-input css-w89hjl ant-input-outlined\" type=\"text\" value=\"\" style=\"border: 2px solid red; box-shadow: 0px 0px 10px 5px rgba(255, 0, 0, 0.5);\">`\n\nis being covered by another element:\n\n`<div tabindex=\"-1\" class=\"ant-modal-wrap\">...</div>`\n\nFix this problem, or use {force: true} to disable error checking.\n\nhttps://on.cypress.io/element-cannot-be-interacted-with\n    at ensureIsDescendent (https://test-productcatalog.singlewindow.io/__cypress/runner/cypress_runner.js:113057:68)\n    at ensureDescendents (https://test-productcatalog.singlewindow.io/__cypress/runner/cypress_runner.js:113108:5)\n    at ensureDescendentsAndScroll (https://test-productcatalog.singlewindow.io/__cypress/runner/cypress_runner.js:113114:14)\n    at ensureElIsNotCovered (https://test-productcatalog.singlewindow.io/__cypress/runner/cypress_runner.js:113245:5)\n    at runAllChecks (https://test-productcatalog.singlewindow.io/__cypress/runner/cypress_runner.js:113444:52)\n    at retryActionability (https://test-productcatalog.singlewindow.io/__cypress/runner/cypress_runner.js:113481:16)\n    at tryCatcher (https://test-productcatalog.singlewindow.io/__cypress/runner/cypress_runner.js:1777:23)\n    at Promise.attempt.Promise.try (https://test-productcatalog.singlewindow.io/__cypress/runner/cypress_runner.js:4285:29)\n    at whenStable (https://test-productcatalog.singlewindow.io/__cypress/runner/cypress_runner.js:145828:68)\n    at <unknown> (https://test-productcatalog.singlewindow.io/__cypress/runner/cypress_runner.js:145769:14)\n    at tryCatcher (https://test-productcatalog.singlewindow.io/__cypress/runner/cypress_runner.js:1777:23)\n    at Promise._settlePromiseFromHandler (https://test-productcatalog.singlewindow.io/__cypress/runner/cypress_runner.js:1489:31)\n    at Promise._settlePromise (https://test-productcatalog.singlewindow.io/__cypress/runner/cypress_runner.js:1546:18)\n    at Promise._settlePromise0 (https://test-productcatalog.singlewindow.io/__cypress/runner/cypress_runner.js:1591:10)\n    at Promise._settlePromises (https://test-productcatalog.singlewindow.io/__cypress/runner/cypress_runner.js:1671:18)\n    at Promise._fulfill (https://test-productcatalog.singlewindow.io/__cypress/runner/cypress_runner.js:1615:18)\n    at <unknown> (https://test-productcatalog.singlewindow.io/__cypress/runner/cypress_runner.js:5420:46)",
                "diff": null
              },
              "uuid": "2c0607a0-d7fd-4268-b795-f2e7e5d44840",
              "parentUUID": "50cc7d98-caff-4950-b086-264d65c5d4a6",
              "isHook": false,
              "skipped": false
            }
          ],
          "suites": [],
          "passes": [
            "bf3dc70f-800c-494a-b3c0-076a110581e3",
            "cf00e687-0328-45c4-ba20-31868c0c0eba",
            "183acc53-856e-427d-b9a0-4a2f8351ced1",
            "d256bbce-ccec-4b72-a5c7-0133c100437f",
            "f8394692-187d-45d8-a610-e070c2693ef1",
            "44aa38d4-6e77-45a5-9872-3bb98a0837ae"
          ],
          "failures": [
            "1f5e84d7-8e84-4be9-b42a-ca38e14f7c88",
            "ded121eb-de27-4082-8a05-e52437b2e1e6",
            "530f863b-8c06-43f3-ae7d-934dbb408997",
            "ffada6b3-52d4-4eb4-b902-cfa76cebbde9",
            "0521e1f1-aacd-40e5-8341-dce0bbb11566",
            "e2852530-7b71-4fb0-91e7-d1bb16975a1e",
            "a8c312df-1eb6-4b66-bd1e-9c76f9fb29ff",
            "74ba38ec-629b-4fd1-8c6a-bf1613cdeffb",
            "926e3f7e-e79e-4b17-99f3-719af6ec4ff9",
            "2e8776e6-0801-4869-8b8d-6cb6f48a08ad",
            "ed8a8b20-84f0-4fbc-9dda-a9a3b3e44932",
            "87978d76-e661-4705-a5c5-f8bb1c9c4e56",
            "05a7cc16-6ff4-4029-9255-7866fb274ef2",
            "0986b515-6527-424f-8613-27b47e15ceaa",
            "8a4ed438-353b-43cd-89ea-2fd17a7dc73a",
            "ca5a16c1-229a-4ee8-a4dc-9ed453f3e7e9",
            "1035a324-421b-4622-90c3-db1f49ddc2af",
            "2c0607a0-d7fd-4268-b795-f2e7e5d44840"
          ],
          "pending": [],
          "skipped": [],
          "duration": 529173,
          "root": false,
          "rootEmpty": false,
          "_timeout": 2000
        }
      ],
      "passes": [],
      "failures": [],
      "pending": [],
      "skipped": [],
      "duration": 0,
      "root": true,
      "rootEmpty": true,
      "_timeout": 2000
    }
  ],
  "meta": {
    "mocha": {
      "version": "7.2.0"
    },
    "mochawesome": {
      "options": {
        "quiet": false,
        "reportFilename": "mochawesome",
        "saveHtml": false,
        "saveJson": true,
        "consoleReporter": "spec",
        "useInlineDiffs": false,
        "code": true
      },
      "version": "7.1.3"
    },
    "marge": {
      "options": {
        "id": "default",
        "reportDir": "report/json",
        "overwrite": "false",
        "html": "false",
        "json": "true"
      },
      "version": "6.2.0"
    }
  }
}