{
  "stats": {
    "suites": 1,
    "tests": 58,
    "passes": 25,
    "pending": 0,
    "failures": 33,
    "start": "2025-06-13T12:49:07.487Z",
    "end": "2025-06-13T13:05:00.849Z",
    "duration": 953362,
    "testsRegistered": 58,
    "passPercent": 43.103448275862064,
    "pendingPercent": 0,
    "other": 0,
    "hasOther": false,
    "skipped": 0,
    "hasSkipped": false
  },
  "results": [
    {
      "uuid": "16c3967f-e175-4886-ae8b-e888933614aa",
      "title": "",
      "fullFile": "cypress/e2e/productPool.cy.js",
      "file": "cypress/e2e/productPool.cy.js",
      "beforeHooks": [],
      "afterHooks": [],
      "tests": [],
      "suites": [
        {
          "uuid": "8a7d3a1d-7802-41e8-b538-9b98e0339dad",
          "title": "Product Pool",
          "fullFile": "",
          "file": "",
          "beforeHooks": [],
          "afterHooks": [],
          "tests": [
            {
              "title": "01.Başarılı bir şekilde sayfanın açıldığı ve kolonların geldiği görülür.",
              "fullTitle": "Product Pool 01.Başarılı bir şekilde sayfanın açıldığı ve kolonların geldiği görülür.",
              "timedOut": null,
              "duration": 5260,
              "state": "passed",
              "speed": "medium",
              "pass": true,
              "fail": false,
              "pending": false,
              "context": null,
              "code": "_Methods.default.visit();\nCypress.on('uncaught:exception', (err, runnable) => {\n  return false;\n});\n_Methods.default.clickButton(_loginLocators.default.loginUsername);\n_Methods.default.fillInput(_loginLocators.default.loginUsername, 'musavir.trch@outlook.com');\n_Methods.default.fillInput(_loginLocators.default.loginPassword, 'test123');\n_Methods.default.clickButton(_loginLocators.default.loginButton);\n_Methods.default.clickButton(_loginLocators.default.globalButton);\n_Methods.default.clickButton(_loginLocators.default.turkishLanguageButton);\n_Methods.default.clickButton(_productPoolLocators.default.trackingMonitorButtonOnTab);\n_Methods.default.clickButton(_productPoolLocators.default.productPoolButtonInTrackingMonitorDropdown);\n_Methods.default.checkTextIsVisible('Eşya Atama Havuzu', true);\n_Methods.default.checkTextIsVisible('Tür', true);\n_Methods.default.checkTextIsVisible('Eşya Kodu', true);",
              "err": {},
              "uuid": "52dc1c74-22e2-4758-8606-d6f51a3261cc",
              "parentUUID": "8a7d3a1d-7802-41e8-b538-9b98e0339dad",
              "isHook": false,
              "skipped": false
            },
            {
              "title": "02.Başarılı bir şekilde sayfanın açıldıktan sonra kolonların ülke/hizmet filtresine göre düzgün geldiği görülür.",
              "fullTitle": "Product Pool 02.Başarılı bir şekilde sayfanın açıldıktan sonra kolonların ülke/hizmet filtresine göre düzgün geldiği görülür.",
              "timedOut": null,
              "duration": 3727,
              "state": "passed",
              "speed": "fast",
              "pass": true,
              "fail": false,
              "pending": false,
              "context": null,
              "code": "_Methods.default.visit();\nCypress.on('uncaught:exception', (err, runnable) => {\n  return false;\n});\n_Methods.default.clickButton(_loginLocators.default.loginUsername);\n_Methods.default.fillInput(_loginLocators.default.loginUsername, 'musavir.trch@outlook.com');\n_Methods.default.fillInput(_loginLocators.default.loginPassword, 'test123');\n_Methods.default.clickButton(_loginLocators.default.loginButton);\n_Methods.default.clickButton(_loginLocators.default.globalButton);\n_Methods.default.clickButton(_loginLocators.default.turkishLanguageButton);\n_Methods.default.clickButton(_productPoolLocators.default.trackingMonitorButtonOnTab);\n_Methods.default.clickButton(_productPoolLocators.default.productPoolButtonInTrackingMonitorDropdown);\n_Methods.default.checkTextIsVisible('Eşya Atama Havuzu', true);\n_Methods.default.checkTextIsVisible('Tür', true);\n_Methods.default.checkTextIsVisible('Eşya Kodu', true);\n_Methods.default.checkTextIsVisible('Firma Adı', true);\n_Methods.default.checkTextIsVisible('Atanan', true);\n_Methods.default.checkTextIsVisible('Oluşturan Kişi', true);\n_Methods.default.checkTextIsVisible('Oluşturulma Tarihi', true);\n_Methods.default.checkTextIsVisible('Eşya Tanımı', true);\n_Methods.default.checkTextIsVisible('Eşya Ticari Tanım', true);\n_Methods.default.checkTextIsVisible('Eşya Grup Kodu', true);\n_Methods.default.checkTextIsVisible('Tedarikçi Kodu', true);\n_Methods.default.checkTextIsVisible('Tedarikçi Adı', true);\n_Methods.default.checkTextIsVisible('Eşya Tarifesi - TR', true);\n_Methods.default.checkTextIsVisible('GTİP Tespiti Durumu - TR', true);",
              "err": {},
              "uuid": "afb73091-dcc6-40b8-aefd-db0d66562b50",
              "parentUUID": "8a7d3a1d-7802-41e8-b538-9b98e0339dad",
              "isHook": false,
              "skipped": false
            },
            {
              "title": "03.Genel Bilgiler filtresinin başarılı bir şekilde açılıp kapandığı görülür.",
              "fullTitle": "Product Pool 03.Genel Bilgiler filtresinin başarılı bir şekilde açılıp kapandığı görülür.",
              "timedOut": null,
              "duration": 7281,
              "state": "passed",
              "speed": "medium",
              "pass": true,
              "fail": false,
              "pending": false,
              "context": null,
              "code": "_Methods.default.visit();\nCypress.on('uncaught:exception', (err, runnable) => {\n  return false;\n});\n_Methods.default.clickButton(_loginLocators.default.loginUsername);\n_Methods.default.fillInput(_loginLocators.default.loginUsername, 'musavir.trch@outlook.com');\n_Methods.default.fillInput(_loginLocators.default.loginPassword, 'test123');\n_Methods.default.clickButton(_loginLocators.default.loginButton);\n_Methods.default.clickButton(_loginLocators.default.globalButton);\n_Methods.default.clickButton(_loginLocators.default.turkishLanguageButton);\n_Methods.default.clickButton(_productPoolLocators.default.trackingMonitorButtonOnTab);\n_Methods.default.clickButton(_productPoolLocators.default.productPoolButtonInTrackingMonitorDropdown);\n_Methods.default.clickButton(_productPoolLocators.default.collapsButtonProductPool);\n_Methods.default.shouldHaveNotItem(_productPoolLocators.default.genelBilgilerMetin);",
              "err": {},
              "uuid": "485ffb84-c7f5-49d6-a021-412472f8e62c",
              "parentUUID": "8a7d3a1d-7802-41e8-b538-9b98e0339dad",
              "isHook": false,
              "skipped": false
            },
            {
              "title": "04.Ülke/Hizmet filtre seçimlerinin başarılı bir şekilde çalıştığı görülür.",
              "fullTitle": "Product Pool 04.Ülke/Hizmet filtre seçimlerinin başarılı bir şekilde çalıştığı görülür.",
              "timedOut": null,
              "duration": 31671,
              "state": "failed",
              "speed": null,
              "pass": false,
              "fail": true,
              "pending": false,
              "context": null,
              "code": "_Methods.default.visit();\nCypress.on('uncaught:exception', (err, runnable) => {\n  return false;\n});\n_Methods.default.clickButton(_loginLocators.default.loginUsername);\n_Methods.default.fillInput(_loginLocators.default.loginUsername, 'musavir.trch@outlook.com');\n_Methods.default.fillInput(_loginLocators.default.loginPassword, 'test123');\n_Methods.default.clickButton(_loginLocators.default.loginButton);\n_Methods.default.clickButton(_loginLocators.default.globalButton);\n_Methods.default.clickButton(_loginLocators.default.turkishLanguageButton);\n_Methods.default.clickButton(_createManuelUploadItemLocators.default.uploadItemButtonDashboard);\n_Methods.default.clickButton(_createManuelUploadItemLocators.default.pleaseSelectCompany);\n_Methods.default.clickButton(_createManuelUploadItemLocators.default.musteriTrchSelected);\n_Methods.default.clickButton(_createManuelUploadItemLocators.default.uploadItemSelectFirmModalNextButton);\n_Methods.default.clickButton(_createManuelUploadItemLocators.default.manuelUploadItemButtonServicesModal);\n_Methods.default.wait(700);\n_Methods.default.unselectCheckbox(_productPoolLocators.default.chGTİPCheckbox);\n_Methods.default.unselectCheckbox(_productPoolLocators.default.chDualUseCheckbox);\n_Methods.default.unselectCheckbox(_productPoolLocators.default.chYaptırımlarıCheckbox);\n_Methods.default.unselectCheckbox(_productPoolLocators.default.deGTİPCheckbox);\n_Methods.default.unselectCheckbox(_productPoolLocators.default.deDualUseCheckbox);\n_Methods.default.unselectCheckbox(_productPoolLocators.default.deSKDMCheckbox);\n_Methods.default.unselectCheckbox(_productPoolLocators.default.euGTİPCheckbox);\n_Methods.default.unselectCheckbox(_productPoolLocators.default.euSKDMCheckbox);\n_Methods.default.unselectCheckbox(_productPoolLocators.default.ukGTİPCheckbox);\n_Methods.default.unselectCheckbox(_productPoolLocators.default.trGümrükMevzuatıCheckbox);\n_Methods.default.wait(1000);\n_Methods.default.clickElementTrigger(_createManuelUploadItemLocators.default.createButtonServicesModal);\nfunction generateProductName(length) {\n  const characters = 'ABCDEFGHIJKLMNOPQRSTUVWXYZabcdefghijklmnopqrstuvwxyz';\n  let randomWord = '';\n  for (let i = 0; i < length; i++) {\n    const randomIndex = Math.floor(Math.random() * characters.length);\n    randomWord += characters.charAt(randomIndex);\n  }\n  return randomWord;\n}\nconst productName = generateProductName(6);\n_Methods.default.fillInput(_createManuelUploadItemLocators.default.productIdTextBoxCMD, productName);\nfunction generateProductDescription(length) {\n  const characters = 'ABCDEFGHIJKLMNOPQRSTUVWXYZabcdefghijklmnopqrstuvwxyz';\n  let randomWord = '';\n  for (let i = 0; i < length; i++) {\n    const randomIndex = Math.floor(Math.random() * characters.length);\n    randomWord += characters.charAt(randomIndex);\n  }\n  return randomWord;\n}\nconst productDescription = generateProductDescription(6);\n_Methods.default.fillInput(_createManuelUploadItemLocators.default.productDescriptionTextBoxTRCMD, productDescription);\n_Methods.default.realClickElement(_createManuelUploadItemLocators.default.productDescriptionTextBoxDECMD);\n_Methods.default.clickButton(_createManuelUploadItemLocators.default.submitButtonInCreateDataScreen);\n_Methods.default.clickButton(_createManuelUploadItemLocators.default.submitButtonInCreateDataScreen);\n_Methods.default.wait(600);\n_Methods.default.clickButton(_createManuelUploadItemLocators.default.submitButtonOnSubmitModalCMD);\n_Methods.default.wait(600);\n_Methods.default.clickButton(_productPoolLocators.default.productPoolButtonInTrackingMonitorDropdown);\n_Methods.default.checkTextIsVisible(productName, true);\n_Methods.default.wait(500);\n_Methods.default.selectCheckbox(_productPoolLocators.default.PPTrGümrükMevzuatıCheckbox);\n_Methods.default.checkTextIsNotPresent(productName, true);",
              "err": {
                "message": "CypressError: Timed out retrying after 20000ms: `cy.clear()` failed because this element:\n\n`<input placeholder=\"Eşya Kodu\" class=\"ant-input css-w89hjl ant-input-outlined\" type=\"text\" value=\"\" style=\"border: 2px solid red; box-shadow: 0px 0px 10px 5px rgba(255, 0, 0, 0.5);\">`\n\nis being covered by another element:\n\n`<div tabindex=\"-1\" class=\"ant-modal-wrap\">...</div>`\n\nFix this problem, or use {force: true} to disable error checking.\n\nhttps://on.cypress.io/element-cannot-be-interacted-with",
                "estack": "CypressError: Timed out retrying after 20000ms: `cy.clear()` failed because this element:\n\n`<input placeholder=\"Eşya Kodu\" class=\"ant-input css-w89hjl ant-input-outlined\" type=\"text\" value=\"\" style=\"border: 2px solid red; box-shadow: 0px 0px 10px 5px rgba(255, 0, 0, 0.5);\">`\n\nis being covered by another element:\n\n`<div tabindex=\"-1\" class=\"ant-modal-wrap\">...</div>`\n\nFix this problem, or use {force: true} to disable error checking.\n\nhttps://on.cypress.io/element-cannot-be-interacted-with\n    at ensureIsDescendent (https://test-productcatalog.singlewindow.io/__cypress/runner/cypress_runner.js:113057:68)\n    at ensureDescendents (https://test-productcatalog.singlewindow.io/__cypress/runner/cypress_runner.js:113108:5)\n    at ensureDescendentsAndScroll (https://test-productcatalog.singlewindow.io/__cypress/runner/cypress_runner.js:113114:14)\n    at ensureElIsNotCovered (https://test-productcatalog.singlewindow.io/__cypress/runner/cypress_runner.js:113245:5)\n    at runAllChecks (https://test-productcatalog.singlewindow.io/__cypress/runner/cypress_runner.js:113444:52)\n    at retryActionability (https://test-productcatalog.singlewindow.io/__cypress/runner/cypress_runner.js:113481:16)\n    at tryCatcher (https://test-productcatalog.singlewindow.io/__cypress/runner/cypress_runner.js:1777:23)\n    at Promise.attempt.Promise.try (https://test-productcatalog.singlewindow.io/__cypress/runner/cypress_runner.js:4285:29)\n    at whenStable (https://test-productcatalog.singlewindow.io/__cypress/runner/cypress_runner.js:145828:68)\n    at <unknown> (https://test-productcatalog.singlewindow.io/__cypress/runner/cypress_runner.js:145769:14)\n    at tryCatcher (https://test-productcatalog.singlewindow.io/__cypress/runner/cypress_runner.js:1777:23)\n    at Promise._settlePromiseFromHandler (https://test-productcatalog.singlewindow.io/__cypress/runner/cypress_runner.js:1489:31)\n    at Promise._settlePromise (https://test-productcatalog.singlewindow.io/__cypress/runner/cypress_runner.js:1546:18)\n    at Promise._settlePromise0 (https://test-productcatalog.singlewindow.io/__cypress/runner/cypress_runner.js:1591:10)\n    at Promise._settlePromises (https://test-productcatalog.singlewindow.io/__cypress/runner/cypress_runner.js:1671:18)\n    at Promise._fulfill (https://test-productcatalog.singlewindow.io/__cypress/runner/cypress_runner.js:1615:18)\n    at <unknown> (https://test-productcatalog.singlewindow.io/__cypress/runner/cypress_runner.js:5420:46)\nFrom Your Spec Code:\n    at Object.proxyGetter [as get] (https://test-productcatalog.singlewindow.io/__cypress/runner/cypress_runner.js:78967:22)\n    at exists (https://test-productcatalog.singlewindow.io/__cypress/runner/cypress_runner.js:145010:26)\n    at elExists (https://test-productcatalog.singlewindow.io/__cypress/runner/cypress_runner.js:145025:10)\n    at ensureExistence (https://test-productcatalog.singlewindow.io/__cypress/runner/cypress_runner.js:145206:22)\n    at onFailFn (https://test-productcatalog.singlewindow.io/__cypress/runner/cypress_runner.js:145235:53)",
                "diff": null
              },
              "uuid": "c0b7ff31-6c93-40df-addf-079960731f8f",
              "parentUUID": "8a7d3a1d-7802-41e8-b538-9b98e0339dad",
              "isHook": false,
              "skipped": false
            },
            {
              "title": "05.Eşyaların atanmış olduğu kişiler filtresinin başarılı bir şekilde çalıştığı görülür.",
              "fullTitle": "Product Pool 05.Eşyaların atanmış olduğu kişiler filtresinin başarılı bir şekilde çalıştığı görülür.",
              "timedOut": null,
              "duration": 25916,
              "state": "failed",
              "speed": null,
              "pass": false,
              "fail": true,
              "pending": false,
              "context": null,
              "code": "_Methods.default.visit();\nCypress.on('uncaught:exception', (err, runnable) => {\n  return false;\n});\n_Methods.default.clickButton(_loginLocators.default.loginUsername);\n_Methods.default.fillInput(_loginLocators.default.loginUsername, 'musavir.trch@outlook.com');\n_Methods.default.fillInput(_loginLocators.default.loginPassword, 'test123');\n_Methods.default.clickButton(_loginLocators.default.loginButton);\n_Methods.default.clickButton(_loginLocators.default.globalButton);\n_Methods.default.clickButton(_loginLocators.default.turkishLanguageButton);\n_Methods.default.clickButton(_createManuelUploadItemLocators.default.uploadItemButtonDashboard);\n_Methods.default.clickButton(_createManuelUploadItemLocators.default.pleaseSelectCompany);\n_Methods.default.clickButton(_createManuelUploadItemLocators.default.musteriTrchSelected);\n_Methods.default.clickButton(_createManuelUploadItemLocators.default.uploadItemSelectFirmModalNextButton);\n_Methods.default.clickButton(_createManuelUploadItemLocators.default.manuelUploadItemButtonServicesModal);\n_Methods.default.wait(700);\n_Methods.default.unselectCheckbox(_productPoolLocators.default.chGTİPCheckbox);\n_Methods.default.unselectCheckbox(_productPoolLocators.default.chDualUseCheckbox);\n_Methods.default.unselectCheckbox(_productPoolLocators.default.chYaptırımlarıCheckbox);\n_Methods.default.unselectCheckbox(_productPoolLocators.default.deGTİPCheckbox);\n_Methods.default.unselectCheckbox(_productPoolLocators.default.deDualUseCheckbox);\n_Methods.default.unselectCheckbox(_productPoolLocators.default.deSKDMCheckbox);\n_Methods.default.unselectCheckbox(_productPoolLocators.default.euGTİPCheckbox);\n_Methods.default.unselectCheckbox(_productPoolLocators.default.euSKDMCheckbox);\n_Methods.default.unselectCheckbox(_productPoolLocators.default.ukGTİPCheckbox);\n_Methods.default.unselectCheckbox(_productPoolLocators.default.trGümrükMevzuatıCheckbox);\n_Methods.default.wait(1000);\n_Methods.default.clickElementTrigger(_createManuelUploadItemLocators.default.createButtonServicesModal);\nfunction generateProductName(length) {\n  const characters = 'ABCDEFGHIJKLMNOPQRSTUVWXYZabcdefghijklmnopqrstuvwxyz';\n  let randomWord = '';\n  for (let i = 0; i < length; i++) {\n    const randomIndex = Math.floor(Math.random() * characters.length);\n    randomWord += characters.charAt(randomIndex);\n  }\n  return randomWord;\n}\nconst productName = generateProductName(6);\n_Methods.default.fillInput(_createManuelUploadItemLocators.default.productIdTextBoxCMD, productName);\nfunction generateProductDescription(length) {\n  const characters = 'ABCDEFGHIJKLMNOPQRSTUVWXYZabcdefghijklmnopqrstuvwxyz';\n  let randomWord = '';\n  for (let i = 0; i < length; i++) {\n    const randomIndex = Math.floor(Math.random() * characters.length);\n    randomWord += characters.charAt(randomIndex);\n  }\n  return randomWord;\n}\nconst productDescription = generateProductDescription(6);\n_Methods.default.fillInput(_createManuelUploadItemLocators.default.productDescriptionTextBoxTRCMD, productDescription);\n_Methods.default.realClickElement(_createManuelUploadItemLocators.default.productDescriptionTextBoxDECMD);\n_Methods.default.clickButton(_createManuelUploadItemLocators.default.submitButtonInCreateDataScreen);\n_Methods.default.clickButton(_createManuelUploadItemLocators.default.submitButtonInCreateDataScreen);\n_Methods.default.wait(600);\n_Methods.default.clickButton(_createManuelUploadItemLocators.default.submitButtonOnSubmitModalCMD);\n_Methods.default.wait(600);\n_Methods.default.clickButton(_productPoolLocators.default.productPoolButtonInTrackingMonitorDropdown);\n_Methods.default.checkTextIsVisible(productName, true);\n_Methods.default.wait(500);\n_Methods.default.selectCheckbox(_productPoolLocators.default.PPTrGümrükMevzuatıCheckbox);\n_Methods.default.checkTextIsNotPresent(productName, true);",
              "err": {
                "message": "CypressError: Timed out retrying after 20000ms: `cy.clear()` failed because this element:\n\n`<input placeholder=\"Eşya Kodu\" class=\"ant-input css-w89hjl ant-input-outlined\" type=\"text\" value=\"\" style=\"border: 2px solid red; box-shadow: 0px 0px 10px 5px rgba(255, 0, 0, 0.5);\">`\n\nis being covered by another element:\n\n`<div tabindex=\"-1\" class=\"ant-modal-wrap\">...</div>`\n\nFix this problem, or use {force: true} to disable error checking.\n\nhttps://on.cypress.io/element-cannot-be-interacted-with",
                "estack": "CypressError: Timed out retrying after 20000ms: `cy.clear()` failed because this element:\n\n`<input placeholder=\"Eşya Kodu\" class=\"ant-input css-w89hjl ant-input-outlined\" type=\"text\" value=\"\" style=\"border: 2px solid red; box-shadow: 0px 0px 10px 5px rgba(255, 0, 0, 0.5);\">`\n\nis being covered by another element:\n\n`<div tabindex=\"-1\" class=\"ant-modal-wrap\">...</div>`\n\nFix this problem, or use {force: true} to disable error checking.\n\nhttps://on.cypress.io/element-cannot-be-interacted-with\n    at ensureIsDescendent (https://test-productcatalog.singlewindow.io/__cypress/runner/cypress_runner.js:113057:68)\n    at ensureDescendents (https://test-productcatalog.singlewindow.io/__cypress/runner/cypress_runner.js:113108:5)\n    at ensureDescendentsAndScroll (https://test-productcatalog.singlewindow.io/__cypress/runner/cypress_runner.js:113114:14)\n    at ensureElIsNotCovered (https://test-productcatalog.singlewindow.io/__cypress/runner/cypress_runner.js:113245:5)\n    at runAllChecks (https://test-productcatalog.singlewindow.io/__cypress/runner/cypress_runner.js:113444:52)\n    at retryActionability (https://test-productcatalog.singlewindow.io/__cypress/runner/cypress_runner.js:113481:16)\n    at tryCatcher (https://test-productcatalog.singlewindow.io/__cypress/runner/cypress_runner.js:1777:23)\n    at Promise.attempt.Promise.try (https://test-productcatalog.singlewindow.io/__cypress/runner/cypress_runner.js:4285:29)\n    at whenStable (https://test-productcatalog.singlewindow.io/__cypress/runner/cypress_runner.js:145828:68)\n    at <unknown> (https://test-productcatalog.singlewindow.io/__cypress/runner/cypress_runner.js:145769:14)\n    at tryCatcher (https://test-productcatalog.singlewindow.io/__cypress/runner/cypress_runner.js:1777:23)\n    at Promise._settlePromiseFromHandler (https://test-productcatalog.singlewindow.io/__cypress/runner/cypress_runner.js:1489:31)\n    at Promise._settlePromise (https://test-productcatalog.singlewindow.io/__cypress/runner/cypress_runner.js:1546:18)\n    at Promise._settlePromise0 (https://test-productcatalog.singlewindow.io/__cypress/runner/cypress_runner.js:1591:10)\n    at Promise._settlePromises (https://test-productcatalog.singlewindow.io/__cypress/runner/cypress_runner.js:1671:18)\n    at Promise._fulfill (https://test-productcatalog.singlewindow.io/__cypress/runner/cypress_runner.js:1615:18)\n    at <unknown> (https://test-productcatalog.singlewindow.io/__cypress/runner/cypress_runner.js:5420:46)\nFrom Your Spec Code:\n    at Object.proxyGetter [as get] (https://test-productcatalog.singlewindow.io/__cypress/runner/cypress_runner.js:78967:22)\n    at exists (https://test-productcatalog.singlewindow.io/__cypress/runner/cypress_runner.js:145010:26)\n    at elExists (https://test-productcatalog.singlewindow.io/__cypress/runner/cypress_runner.js:145025:10)\n    at ensureExistence (https://test-productcatalog.singlewindow.io/__cypress/runner/cypress_runner.js:145206:22)\n    at onFailFn (https://test-productcatalog.singlewindow.io/__cypress/runner/cypress_runner.js:145235:53)",
                "diff": null
              },
              "uuid": "1042f122-27f9-42e1-9ce7-95e190d6d7cc",
              "parentUUID": "8a7d3a1d-7802-41e8-b538-9b98e0339dad",
              "isHook": false,
              "skipped": false
            },
            {
              "title": "06.Atanmamış Eşyalar Filtresinin başarılı bir şekilde çalıştığı ve atanmamış eşyaların geldiği görülür.",
              "fullTitle": "Product Pool 06.Atanmamış Eşyalar Filtresinin başarılı bir şekilde çalıştığı ve atanmamış eşyaların geldiği görülür.",
              "timedOut": null,
              "duration": 26588,
              "state": "failed",
              "speed": null,
              "pass": false,
              "fail": true,
              "pending": false,
              "context": null,
              "code": "_Methods.default.visit();\nCypress.on('uncaught:exception', (err, runnable) => {\n  return false;\n});\n_Methods.default.clickButton(_loginLocators.default.loginUsername);\n_Methods.default.fillInput(_loginLocators.default.loginUsername, 'musavir.trch@outlook.com');\n_Methods.default.fillInput(_loginLocators.default.loginPassword, 'test123');\n_Methods.default.clickButton(_loginLocators.default.loginButton);\n_Methods.default.clickButton(_loginLocators.default.globalButton);\n_Methods.default.clickButton(_loginLocators.default.turkishLanguageButton);\n_Methods.default.clickButton(_createManuelUploadItemLocators.default.uploadItemButtonDashboard);\n_Methods.default.clickButton(_createManuelUploadItemLocators.default.pleaseSelectCompany);\n_Methods.default.clickButton(_createManuelUploadItemLocators.default.musteriTrchSelected);\n_Methods.default.clickButton(_createManuelUploadItemLocators.default.uploadItemSelectFirmModalNextButton);\n_Methods.default.clickButton(_createManuelUploadItemLocators.default.manuelUploadItemButtonServicesModal);\n_Methods.default.wait(700);\n_Methods.default.unselectCheckbox(_productPoolLocators.default.chGTİPCheckbox);\n_Methods.default.unselectCheckbox(_productPoolLocators.default.chDualUseCheckbox);\n_Methods.default.unselectCheckbox(_productPoolLocators.default.chYaptırımlarıCheckbox);\n_Methods.default.unselectCheckbox(_productPoolLocators.default.deGTİPCheckbox);\n_Methods.default.unselectCheckbox(_productPoolLocators.default.deDualUseCheckbox);\n_Methods.default.unselectCheckbox(_productPoolLocators.default.deSKDMCheckbox);\n_Methods.default.unselectCheckbox(_productPoolLocators.default.euGTİPCheckbox);\n_Methods.default.unselectCheckbox(_productPoolLocators.default.euSKDMCheckbox);\n_Methods.default.unselectCheckbox(_productPoolLocators.default.ukGTİPCheckbox);\n_Methods.default.unselectCheckbox(_productPoolLocators.default.trGümrükMevzuatıCheckbox);\n_Methods.default.wait(1000);\n_Methods.default.clickElementTrigger(_createManuelUploadItemLocators.default.createButtonServicesModal);\nfunction generateProductName(length) {\n  const characters = 'ABCDEFGHIJKLMNOPQRSTUVWXYZabcdefghijklmnopqrstuvwxyz';\n  let randomWord = '';\n  for (let i = 0; i < length; i++) {\n    const randomIndex = Math.floor(Math.random() * characters.length);\n    randomWord += characters.charAt(randomIndex);\n  }\n  return randomWord;\n}\nconst productName = generateProductName(6);\n_Methods.default.fillInput(_createManuelUploadItemLocators.default.productIdTextBoxCMD, productName);\nfunction generateProductDescription(length) {\n  const characters = 'ABCDEFGHIJKLMNOPQRSTUVWXYZabcdefghijklmnopqrstuvwxyz';\n  let randomWord = '';\n  for (let i = 0; i < length; i++) {\n    const randomIndex = Math.floor(Math.random() * characters.length);\n    randomWord += characters.charAt(randomIndex);\n  }\n  return randomWord;\n}\nconst productDescription = generateProductDescription(6);\n_Methods.default.fillInput(_createManuelUploadItemLocators.default.productDescriptionTextBoxTRCMD, productDescription);\n_Methods.default.realClickElement(_createManuelUploadItemLocators.default.productDescriptionTextBoxDECMD);\n_Methods.default.clickButton(_createManuelUploadItemLocators.default.submitButtonInCreateDataScreen);\n_Methods.default.clickButton(_createManuelUploadItemLocators.default.submitButtonInCreateDataScreen);\n_Methods.default.wait(600);\n_Methods.default.clickButton(_createManuelUploadItemLocators.default.submitButtonOnSubmitModalCMD);\n_Methods.default.wait(600);\n_Methods.default.clickButton(_productPoolLocators.default.productPoolButtonInTrackingMonitorDropdown);\n_Methods.default.checkTextIsVisible(productName, true);\n_Methods.default.wait(500);\n_Methods.default.selectCheckbox(_productPoolLocators.default.PPTrGümrükMevzuatıCheckbox);\n_Methods.default.checkTextIsNotPresent(productName, true);",
              "err": {
                "message": "CypressError: Timed out retrying after 20000ms: `cy.clear()` failed because this element:\n\n`<input placeholder=\"Eşya Kodu\" class=\"ant-input css-w89hjl ant-input-outlined\" type=\"text\" value=\"\" style=\"border: 2px solid red; box-shadow: 0px 0px 10px 5px rgba(255, 0, 0, 0.5);\">`\n\nis being covered by another element:\n\n`<div tabindex=\"-1\" class=\"ant-modal-wrap\">...</div>`\n\nFix this problem, or use {force: true} to disable error checking.\n\nhttps://on.cypress.io/element-cannot-be-interacted-with",
                "estack": "CypressError: Timed out retrying after 20000ms: `cy.clear()` failed because this element:\n\n`<input placeholder=\"Eşya Kodu\" class=\"ant-input css-w89hjl ant-input-outlined\" type=\"text\" value=\"\" style=\"border: 2px solid red; box-shadow: 0px 0px 10px 5px rgba(255, 0, 0, 0.5);\">`\n\nis being covered by another element:\n\n`<div tabindex=\"-1\" class=\"ant-modal-wrap\">...</div>`\n\nFix this problem, or use {force: true} to disable error checking.\n\nhttps://on.cypress.io/element-cannot-be-interacted-with\n    at ensureIsDescendent (https://test-productcatalog.singlewindow.io/__cypress/runner/cypress_runner.js:113057:68)\n    at ensureDescendents (https://test-productcatalog.singlewindow.io/__cypress/runner/cypress_runner.js:113108:5)\n    at ensureDescendentsAndScroll (https://test-productcatalog.singlewindow.io/__cypress/runner/cypress_runner.js:113114:14)\n    at ensureElIsNotCovered (https://test-productcatalog.singlewindow.io/__cypress/runner/cypress_runner.js:113245:5)\n    at runAllChecks (https://test-productcatalog.singlewindow.io/__cypress/runner/cypress_runner.js:113444:52)\n    at retryActionability (https://test-productcatalog.singlewindow.io/__cypress/runner/cypress_runner.js:113481:16)\n    at tryCatcher (https://test-productcatalog.singlewindow.io/__cypress/runner/cypress_runner.js:1777:23)\n    at Promise.attempt.Promise.try (https://test-productcatalog.singlewindow.io/__cypress/runner/cypress_runner.js:4285:29)\n    at whenStable (https://test-productcatalog.singlewindow.io/__cypress/runner/cypress_runner.js:145828:68)\n    at <unknown> (https://test-productcatalog.singlewindow.io/__cypress/runner/cypress_runner.js:145769:14)\n    at tryCatcher (https://test-productcatalog.singlewindow.io/__cypress/runner/cypress_runner.js:1777:23)\n    at Promise._settlePromiseFromHandler (https://test-productcatalog.singlewindow.io/__cypress/runner/cypress_runner.js:1489:31)\n    at Promise._settlePromise (https://test-productcatalog.singlewindow.io/__cypress/runner/cypress_runner.js:1546:18)\n    at Promise._settlePromise0 (https://test-productcatalog.singlewindow.io/__cypress/runner/cypress_runner.js:1591:10)\n    at Promise._settlePromises (https://test-productcatalog.singlewindow.io/__cypress/runner/cypress_runner.js:1671:18)\n    at Promise._fulfill (https://test-productcatalog.singlewindow.io/__cypress/runner/cypress_runner.js:1615:18)\n    at <unknown> (https://test-productcatalog.singlewindow.io/__cypress/runner/cypress_runner.js:5420:46)\nFrom Your Spec Code:\n    at Object.proxyGetter [as get] (https://test-productcatalog.singlewindow.io/__cypress/runner/cypress_runner.js:78967:22)\n    at exists (https://test-productcatalog.singlewindow.io/__cypress/runner/cypress_runner.js:145010:26)\n    at elExists (https://test-productcatalog.singlewindow.io/__cypress/runner/cypress_runner.js:145025:10)\n    at ensureExistence (https://test-productcatalog.singlewindow.io/__cypress/runner/cypress_runner.js:145206:22)\n    at onFailFn (https://test-productcatalog.singlewindow.io/__cypress/runner/cypress_runner.js:145235:53)",
                "diff": null
              },
              "uuid": "a5c90470-d732-40b8-91ad-91b97e83f272",
              "parentUUID": "8a7d3a1d-7802-41e8-b538-9b98e0339dad",
              "isHook": false,
              "skipped": false
            },
            {
              "title": "07.Atanmamış Eşyalar Filtresine tekrar tıklanınca atanan eşyaların başarılı bir şekilde geldiği görülür.",
              "fullTitle": "Product Pool 07.Atanmamış Eşyalar Filtresine tekrar tıklanınca atanan eşyaların başarılı bir şekilde geldiği görülür.",
              "timedOut": null,
              "duration": 26623,
              "state": "failed",
              "speed": null,
              "pass": false,
              "fail": true,
              "pending": false,
              "context": null,
              "code": "_Methods.default.visit();\nCypress.on('uncaught:exception', (err, runnable) => {\n  return false;\n});\n_Methods.default.clickButton(_loginLocators.default.loginUsername);\n_Methods.default.fillInput(_loginLocators.default.loginUsername, 'musavir.trch@outlook.com');\n_Methods.default.fillInput(_loginLocators.default.loginPassword, 'test123');\n_Methods.default.clickButton(_loginLocators.default.loginButton);\n_Methods.default.clickButton(_loginLocators.default.globalButton);\n_Methods.default.clickButton(_loginLocators.default.turkishLanguageButton);\n_Methods.default.clickButton(_createManuelUploadItemLocators.default.uploadItemButtonDashboard);\n_Methods.default.clickButton(_createManuelUploadItemLocators.default.pleaseSelectCompany);\n_Methods.default.clickButton(_createManuelUploadItemLocators.default.musteriTrchSelected);\n_Methods.default.clickButton(_createManuelUploadItemLocators.default.uploadItemSelectFirmModalNextButton);\n_Methods.default.clickButton(_createManuelUploadItemLocators.default.manuelUploadItemButtonServicesModal);\n_Methods.default.wait(700);\n_Methods.default.unselectCheckbox(_productPoolLocators.default.chGTİPCheckbox);\n_Methods.default.unselectCheckbox(_productPoolLocators.default.chDualUseCheckbox);\n_Methods.default.unselectCheckbox(_productPoolLocators.default.chYaptırımlarıCheckbox);\n_Methods.default.unselectCheckbox(_productPoolLocators.default.deGTİPCheckbox);\n_Methods.default.unselectCheckbox(_productPoolLocators.default.deDualUseCheckbox);\n_Methods.default.unselectCheckbox(_productPoolLocators.default.deSKDMCheckbox);\n_Methods.default.unselectCheckbox(_productPoolLocators.default.euGTİPCheckbox);\n_Methods.default.unselectCheckbox(_productPoolLocators.default.euSKDMCheckbox);\n_Methods.default.unselectCheckbox(_productPoolLocators.default.ukGTİPCheckbox);\n_Methods.default.unselectCheckbox(_productPoolLocators.default.trGümrükMevzuatıCheckbox);\n_Methods.default.wait(1000);\n_Methods.default.clickElementTrigger(_createManuelUploadItemLocators.default.createButtonServicesModal);\nfunction generateProductName(length) {\n  const characters = 'ABCDEFGHIJKLMNOPQRSTUVWXYZabcdefghijklmnopqrstuvwxyz';\n  let randomWord = '';\n  for (let i = 0; i < length; i++) {\n    const randomIndex = Math.floor(Math.random() * characters.length);\n    randomWord += characters.charAt(randomIndex);\n  }\n  return randomWord;\n}\nconst productName = generateProductName(6);\n_Methods.default.fillInput(_createManuelUploadItemLocators.default.productIdTextBoxCMD, productName);\nfunction generateProductDescription(length) {\n  const characters = 'ABCDEFGHIJKLMNOPQRSTUVWXYZabcdefghijklmnopqrstuvwxyz';\n  let randomWord = '';\n  for (let i = 0; i < length; i++) {\n    const randomIndex = Math.floor(Math.random() * characters.length);\n    randomWord += characters.charAt(randomIndex);\n  }\n  return randomWord;\n}\nconst productDescription = generateProductDescription(6);\n_Methods.default.fillInput(_createManuelUploadItemLocators.default.productDescriptionTextBoxTRCMD, productDescription);\n_Methods.default.realClickElement(_createManuelUploadItemLocators.default.productDescriptionTextBoxDECMD);\n_Methods.default.clickButton(_createManuelUploadItemLocators.default.submitButtonInCreateDataScreen);\n_Methods.default.clickButton(_createManuelUploadItemLocators.default.submitButtonInCreateDataScreen);\n_Methods.default.wait(600);\n_Methods.default.clickButton(_createManuelUploadItemLocators.default.submitButtonOnSubmitModalCMD);\n_Methods.default.wait(600);\n_Methods.default.clickButton(_productPoolLocators.default.productPoolButtonInTrackingMonitorDropdown);\n_Methods.default.checkTextIsVisible(productName, true);\n_Methods.default.wait(500);\n_Methods.default.selectCheckbox(_productPoolLocators.default.PPTrGümrükMevzuatıCheckbox);\n_Methods.default.checkTextIsNotPresent(productName, true);",
              "err": {
                "message": "CypressError: Timed out retrying after 20000ms: `cy.clear()` failed because this element:\n\n`<input placeholder=\"Eşya Kodu\" class=\"ant-input css-w89hjl ant-input-outlined\" type=\"text\" value=\"\" style=\"border: 2px solid red; box-shadow: 0px 0px 10px 5px rgba(255, 0, 0, 0.5);\">`\n\nis being covered by another element:\n\n`<div tabindex=\"-1\" class=\"ant-modal-wrap\">...</div>`\n\nFix this problem, or use {force: true} to disable error checking.\n\nhttps://on.cypress.io/element-cannot-be-interacted-with",
                "estack": "CypressError: Timed out retrying after 20000ms: `cy.clear()` failed because this element:\n\n`<input placeholder=\"Eşya Kodu\" class=\"ant-input css-w89hjl ant-input-outlined\" type=\"text\" value=\"\" style=\"border: 2px solid red; box-shadow: 0px 0px 10px 5px rgba(255, 0, 0, 0.5);\">`\n\nis being covered by another element:\n\n`<div tabindex=\"-1\" class=\"ant-modal-wrap\">...</div>`\n\nFix this problem, or use {force: true} to disable error checking.\n\nhttps://on.cypress.io/element-cannot-be-interacted-with\n    at ensureIsDescendent (https://test-productcatalog.singlewindow.io/__cypress/runner/cypress_runner.js:113057:68)\n    at ensureDescendents (https://test-productcatalog.singlewindow.io/__cypress/runner/cypress_runner.js:113108:5)\n    at ensureDescendentsAndScroll (https://test-productcatalog.singlewindow.io/__cypress/runner/cypress_runner.js:113114:14)\n    at ensureElIsNotCovered (https://test-productcatalog.singlewindow.io/__cypress/runner/cypress_runner.js:113245:5)\n    at runAllChecks (https://test-productcatalog.singlewindow.io/__cypress/runner/cypress_runner.js:113444:52)\n    at retryActionability (https://test-productcatalog.singlewindow.io/__cypress/runner/cypress_runner.js:113481:16)\n    at tryCatcher (https://test-productcatalog.singlewindow.io/__cypress/runner/cypress_runner.js:1777:23)\n    at Promise.attempt.Promise.try (https://test-productcatalog.singlewindow.io/__cypress/runner/cypress_runner.js:4285:29)\n    at whenStable (https://test-productcatalog.singlewindow.io/__cypress/runner/cypress_runner.js:145828:68)\n    at <unknown> (https://test-productcatalog.singlewindow.io/__cypress/runner/cypress_runner.js:145769:14)\n    at tryCatcher (https://test-productcatalog.singlewindow.io/__cypress/runner/cypress_runner.js:1777:23)\n    at Promise._settlePromiseFromHandler (https://test-productcatalog.singlewindow.io/__cypress/runner/cypress_runner.js:1489:31)\n    at Promise._settlePromise (https://test-productcatalog.singlewindow.io/__cypress/runner/cypress_runner.js:1546:18)\n    at Promise._settlePromise0 (https://test-productcatalog.singlewindow.io/__cypress/runner/cypress_runner.js:1591:10)\n    at Promise._settlePromises (https://test-productcatalog.singlewindow.io/__cypress/runner/cypress_runner.js:1671:18)\n    at Promise._fulfill (https://test-productcatalog.singlewindow.io/__cypress/runner/cypress_runner.js:1615:18)\n    at <unknown> (https://test-productcatalog.singlewindow.io/__cypress/runner/cypress_runner.js:5420:46)",
                "diff": null
              },
              "uuid": "e85cae86-b15e-4dd0-80ac-00c03daef856",
              "parentUUID": "8a7d3a1d-7802-41e8-b538-9b98e0339dad",
              "isHook": false,
              "skipped": false
            },
            {
              "title": "21.İş Listem Kısayol butonuna tıklandığında başarılır bir şekilde iş listem ekranına geçiş yapıldığı görülür.",
              "fullTitle": "Product Pool 21.İş Listem Kısayol butonuna tıklandığında başarılır bir şekilde iş listem ekranına geçiş yapıldığı görülür.",
              "timedOut": null,
              "duration": 5470,
              "state": "passed",
              "speed": "medium",
              "pass": true,
              "fail": false,
              "pending": false,
              "context": null,
              "code": "_Methods.default.visit();\nCypress.on('uncaught:exception', (err, runnable) => {\n  return false;\n});\n_Methods.default.clickButton(_loginLocators.default.loginUsername);\n_Methods.default.fillInput(_loginLocators.default.loginUsername, 'musavir.trch@outlook.com');\n_Methods.default.fillInput(_loginLocators.default.loginPassword, 'test123');\n_Methods.default.clickButton(_loginLocators.default.loginButton);\n_Methods.default.clickButton(_loginLocators.default.globalButton);\n_Methods.default.clickButton(_loginLocators.default.turkishLanguageButton);\n_Methods.default.clickButton(_productPoolLocators.default.trackingMonitorButtonOnTab);\n_Methods.default.clickButton(_productPoolLocators.default.productPoolButtonInTrackingMonitorDropdown);\n_Methods.default.wait(600);\n_Methods.default.clickButton(_productPoolLocators.default.assignedProductsButtonInProductPoolPage);\n_Methods.default.checkTextIsVisible('Tamamlanmış Eşyalar', true);",
              "err": {},
              "uuid": "74c8b1a5-a442-4cfe-9c82-26e3d3c1494e",
              "parentUUID": "8a7d3a1d-7802-41e8-b538-9b98e0339dad",
              "isHook": false,
              "skipped": false
            },
            {
              "title": "22.Eşyalar checkbox ile seçildiğinde sayısının doğru geldiği görülür.",
              "fullTitle": "Product Pool 22.Eşyalar checkbox ile seçildiğinde sayısının doğru geldiği görülür.",
              "timedOut": null,
              "duration": 26127,
              "state": "failed",
              "speed": null,
              "pass": false,
              "fail": true,
              "pending": false,
              "context": null,
              "code": "_Methods.default.visit();\nCypress.on('uncaught:exception', (err, runnable) => {\n  return false;\n});\n_Methods.default.clickButton(_loginLocators.default.loginUsername);\n_Methods.default.fillInput(_loginLocators.default.loginUsername, 'musavir.trch@outlook.com');\n_Methods.default.fillInput(_loginLocators.default.loginPassword, 'test123');\n_Methods.default.clickButton(_loginLocators.default.loginButton);\n_Methods.default.clickButton(_loginLocators.default.globalButton);\n_Methods.default.clickButton(_loginLocators.default.turkishLanguageButton);\n_Methods.default.clickButton(_createManuelUploadItemLocators.default.uploadItemButtonDashboard);\n_Methods.default.clickButton(_createManuelUploadItemLocators.default.pleaseSelectCompany);\n_Methods.default.clickButton(_createManuelUploadItemLocators.default.musteriTrchSelected);\n_Methods.default.clickButton(_createManuelUploadItemLocators.default.uploadItemSelectFirmModalNextButton);\n_Methods.default.clickButton(_createManuelUploadItemLocators.default.manuelUploadItemButtonServicesModal);\n_Methods.default.wait(700);\n_Methods.default.clickElementTrigger(_createManuelUploadItemLocators.default.createButtonServicesModal);\nfunction generateProductName(length) {\n  const characters = 'ABCDEFGHIJKLMNOPQRSTUVWXYZabcdefghijklmnopqrstuvwxyz';\n  let randomWord = '';\n  for (let i = 0; i < length; i++) {\n    const randomIndex = Math.floor(Math.random() * characters.length);\n    randomWord += characters.charAt(randomIndex);\n  }\n  return randomWord;\n}\nconst productName = generateProductName(6);\n_Methods.default.fillInput(_createManuelUploadItemLocators.default.productIdTextBoxCMD, productName);\nfunction generateProductDescription(length) {\n  const characters = 'ABCDEFGHIJKLMNOPQRSTUVWXYZabcdefghijklmnopqrstuvwxyz';\n  let randomWord = '';\n  for (let i = 0; i < length; i++) {\n    const randomIndex = Math.floor(Math.random() * characters.length);\n    randomWord += characters.charAt(randomIndex);\n  }\n  return randomWord;\n}\nconst productDescription = generateProductDescription(6);\n_Methods.default.fillInput(_createManuelUploadItemLocators.default.productDescriptionTextBoxTRCMD, productDescription);\n_Methods.default.realClickElement(_createManuelUploadItemLocators.default.productDescriptionTextBoxDECMD);\n_Methods.default.clickButton(_createManuelUploadItemLocators.default.submitButtonInCreateDataScreen);\n_Methods.default.clickButton(_createManuelUploadItemLocators.default.submitButtonInCreateDataScreen);\n_Methods.default.wait(600);\n_Methods.default.clickButton(_createManuelUploadItemLocators.default.submitButtonOnSubmitModalCMD);\n_Methods.default.wait(600);\n_Methods.default.clickButton(_productPoolLocators.default.productPoolButtonInTrackingMonitorDropdown);\n_Methods.default.selectCheckbox(_productPoolLocators.default.productPoolFirstItemCheckbox);\n_Methods.default.shouldPageExistItem(_productPoolLocators.default.banaAtaMetinLocator);",
              "err": {
                "message": "CypressError: Timed out retrying after 20000ms: `cy.clear()` failed because this element:\n\n`<input placeholder=\"Eşya Kodu\" class=\"ant-input css-w89hjl ant-input-outlined\" type=\"text\" value=\"\" style=\"border: 2px solid red; box-shadow: 0px 0px 10px 5px rgba(255, 0, 0, 0.5);\">`\n\nis being covered by another element:\n\n`<div tabindex=\"-1\" class=\"ant-modal-wrap\">...</div>`\n\nFix this problem, or use {force: true} to disable error checking.\n\nhttps://on.cypress.io/element-cannot-be-interacted-with",
                "estack": "CypressError: Timed out retrying after 20000ms: `cy.clear()` failed because this element:\n\n`<input placeholder=\"Eşya Kodu\" class=\"ant-input css-w89hjl ant-input-outlined\" type=\"text\" value=\"\" style=\"border: 2px solid red; box-shadow: 0px 0px 10px 5px rgba(255, 0, 0, 0.5);\">`\n\nis being covered by another element:\n\n`<div tabindex=\"-1\" class=\"ant-modal-wrap\">...</div>`\n\nFix this problem, or use {force: true} to disable error checking.\n\nhttps://on.cypress.io/element-cannot-be-interacted-with\n    at ensureIsDescendent (https://test-productcatalog.singlewindow.io/__cypress/runner/cypress_runner.js:113057:68)\n    at ensureDescendents (https://test-productcatalog.singlewindow.io/__cypress/runner/cypress_runner.js:113108:5)\n    at ensureDescendentsAndScroll (https://test-productcatalog.singlewindow.io/__cypress/runner/cypress_runner.js:113114:14)\n    at ensureElIsNotCovered (https://test-productcatalog.singlewindow.io/__cypress/runner/cypress_runner.js:113245:5)\n    at runAllChecks (https://test-productcatalog.singlewindow.io/__cypress/runner/cypress_runner.js:113444:52)\n    at retryActionability (https://test-productcatalog.singlewindow.io/__cypress/runner/cypress_runner.js:113481:16)\n    at tryCatcher (https://test-productcatalog.singlewindow.io/__cypress/runner/cypress_runner.js:1777:23)\n    at Promise.attempt.Promise.try (https://test-productcatalog.singlewindow.io/__cypress/runner/cypress_runner.js:4285:29)\n    at whenStable (https://test-productcatalog.singlewindow.io/__cypress/runner/cypress_runner.js:145828:68)\n    at <unknown> (https://test-productcatalog.singlewindow.io/__cypress/runner/cypress_runner.js:145769:14)\n    at tryCatcher (https://test-productcatalog.singlewindow.io/__cypress/runner/cypress_runner.js:1777:23)\n    at Promise._settlePromiseFromHandler (https://test-productcatalog.singlewindow.io/__cypress/runner/cypress_runner.js:1489:31)\n    at Promise._settlePromise (https://test-productcatalog.singlewindow.io/__cypress/runner/cypress_runner.js:1546:18)\n    at Promise._settlePromise0 (https://test-productcatalog.singlewindow.io/__cypress/runner/cypress_runner.js:1591:10)\n    at Promise._settlePromises (https://test-productcatalog.singlewindow.io/__cypress/runner/cypress_runner.js:1671:18)\n    at Promise._fulfill (https://test-productcatalog.singlewindow.io/__cypress/runner/cypress_runner.js:1615:18)\n    at <unknown> (https://test-productcatalog.singlewindow.io/__cypress/runner/cypress_runner.js:5420:46)",
                "diff": null
              },
              "uuid": "3471f603-7fb0-45d6-9a3f-06e4ee7b6a1e",
              "parentUUID": "8a7d3a1d-7802-41e8-b538-9b98e0339dad",
              "isHook": false,
              "skipped": false
            },
            {
              "title": "23.Eşyalar checkbox ile seçildiğinde Bana Ata butonu başarılı bir şekilde görülür ",
              "fullTitle": "Product Pool 23.Eşyalar checkbox ile seçildiğinde Bana Ata butonu başarılı bir şekilde görülür ",
              "timedOut": null,
              "duration": 25720,
              "state": "failed",
              "speed": null,
              "pass": false,
              "fail": true,
              "pending": false,
              "context": null,
              "code": "_Methods.default.visit();\nCypress.on('uncaught:exception', (err, runnable) => {\n  return false;\n});\n_Methods.default.clickButton(_loginLocators.default.loginUsername);\n_Methods.default.fillInput(_loginLocators.default.loginUsername, 'musavir.trch@outlook.com');\n_Methods.default.fillInput(_loginLocators.default.loginPassword, 'test123');\n_Methods.default.clickButton(_loginLocators.default.loginButton);\n_Methods.default.clickButton(_loginLocators.default.globalButton);\n_Methods.default.clickButton(_loginLocators.default.turkishLanguageButton);\n_Methods.default.clickButton(_createManuelUploadItemLocators.default.uploadItemButtonDashboard);\n_Methods.default.clickButton(_createManuelUploadItemLocators.default.pleaseSelectCompany);\n_Methods.default.clickButton(_createManuelUploadItemLocators.default.musteriTrchSelected);\n_Methods.default.clickButton(_createManuelUploadItemLocators.default.uploadItemSelectFirmModalNextButton);\n_Methods.default.clickButton(_createManuelUploadItemLocators.default.manuelUploadItemButtonServicesModal);\n_Methods.default.wait(700);\n_Methods.default.clickElementTrigger(_createManuelUploadItemLocators.default.createButtonServicesModal);\nfunction generateProductName(length) {\n  const characters = 'ABCDEFGHIJKLMNOPQRSTUVWXYZabcdefghijklmnopqrstuvwxyz';\n  let randomWord = '';\n  for (let i = 0; i < length; i++) {\n    const randomIndex = Math.floor(Math.random() * characters.length);\n    randomWord += characters.charAt(randomIndex);\n  }\n  return randomWord;\n}\nconst productName = generateProductName(6);\n_Methods.default.fillInput(_createManuelUploadItemLocators.default.productIdTextBoxCMD, productName);\nfunction generateProductDescription(length) {\n  const characters = 'ABCDEFGHIJKLMNOPQRSTUVWXYZabcdefghijklmnopqrstuvwxyz';\n  let randomWord = '';\n  for (let i = 0; i < length; i++) {\n    const randomIndex = Math.floor(Math.random() * characters.length);\n    randomWord += characters.charAt(randomIndex);\n  }\n  return randomWord;\n}\nconst productDescription = generateProductDescription(6);\n_Methods.default.fillInput(_createManuelUploadItemLocators.default.productDescriptionTextBoxTRCMD, productDescription);\n_Methods.default.realClickElement(_createManuelUploadItemLocators.default.productDescriptionTextBoxDECMD);\n_Methods.default.clickButton(_createManuelUploadItemLocators.default.submitButtonInCreateDataScreen);\n_Methods.default.clickButton(_createManuelUploadItemLocators.default.submitButtonInCreateDataScreen);\n_Methods.default.wait(600);\n_Methods.default.clickButton(_createManuelUploadItemLocators.default.submitButtonOnSubmitModalCMD);\n_Methods.default.wait(600);\n_Methods.default.clickButton(_productPoolLocators.default.productPoolButtonInTrackingMonitorDropdown);\n_Methods.default.selectCheckbox(_productPoolLocators.default.productPoolFirstItemCheckbox);\n_Methods.default.shouldPageExistItem(_productPoolLocators.default.banaAtaMetinLocator);",
              "err": {
                "message": "CypressError: Timed out retrying after 20000ms: `cy.clear()` failed because this element:\n\n`<input placeholder=\"Eşya Kodu\" class=\"ant-input css-w89hjl ant-input-outlined\" type=\"text\" value=\"\" style=\"border: 2px solid red; box-shadow: 0px 0px 10px 5px rgba(255, 0, 0, 0.5);\">`\n\nis being covered by another element:\n\n`<div tabindex=\"-1\" class=\"ant-modal-wrap\">...</div>`\n\nFix this problem, or use {force: true} to disable error checking.\n\nhttps://on.cypress.io/element-cannot-be-interacted-with",
                "estack": "CypressError: Timed out retrying after 20000ms: `cy.clear()` failed because this element:\n\n`<input placeholder=\"Eşya Kodu\" class=\"ant-input css-w89hjl ant-input-outlined\" type=\"text\" value=\"\" style=\"border: 2px solid red; box-shadow: 0px 0px 10px 5px rgba(255, 0, 0, 0.5);\">`\n\nis being covered by another element:\n\n`<div tabindex=\"-1\" class=\"ant-modal-wrap\">...</div>`\n\nFix this problem, or use {force: true} to disable error checking.\n\nhttps://on.cypress.io/element-cannot-be-interacted-with\n    at ensureIsDescendent (https://test-productcatalog.singlewindow.io/__cypress/runner/cypress_runner.js:113057:68)\n    at ensureDescendents (https://test-productcatalog.singlewindow.io/__cypress/runner/cypress_runner.js:113108:5)\n    at ensureDescendentsAndScroll (https://test-productcatalog.singlewindow.io/__cypress/runner/cypress_runner.js:113114:14)\n    at ensureElIsNotCovered (https://test-productcatalog.singlewindow.io/__cypress/runner/cypress_runner.js:113245:5)\n    at runAllChecks (https://test-productcatalog.singlewindow.io/__cypress/runner/cypress_runner.js:113444:52)\n    at retryActionability (https://test-productcatalog.singlewindow.io/__cypress/runner/cypress_runner.js:113481:16)\n    at tryCatcher (https://test-productcatalog.singlewindow.io/__cypress/runner/cypress_runner.js:1777:23)\n    at Promise.attempt.Promise.try (https://test-productcatalog.singlewindow.io/__cypress/runner/cypress_runner.js:4285:29)\n    at whenStable (https://test-productcatalog.singlewindow.io/__cypress/runner/cypress_runner.js:145828:68)\n    at <unknown> (https://test-productcatalog.singlewindow.io/__cypress/runner/cypress_runner.js:145769:14)\n    at tryCatcher (https://test-productcatalog.singlewindow.io/__cypress/runner/cypress_runner.js:1777:23)\n    at Promise._settlePromiseFromHandler (https://test-productcatalog.singlewindow.io/__cypress/runner/cypress_runner.js:1489:31)\n    at Promise._settlePromise (https://test-productcatalog.singlewindow.io/__cypress/runner/cypress_runner.js:1546:18)\n    at Promise._settlePromise0 (https://test-productcatalog.singlewindow.io/__cypress/runner/cypress_runner.js:1591:10)\n    at Promise._settlePromises (https://test-productcatalog.singlewindow.io/__cypress/runner/cypress_runner.js:1671:18)\n    at Promise._fulfill (https://test-productcatalog.singlewindow.io/__cypress/runner/cypress_runner.js:1615:18)\n    at <unknown> (https://test-productcatalog.singlewindow.io/__cypress/runner/cypress_runner.js:5420:46)",
                "diff": null
              },
              "uuid": "9b7e53d6-c65a-4fb2-8130-9d4d2874d0ea",
              "parentUUID": "8a7d3a1d-7802-41e8-b538-9b98e0339dad",
              "isHook": false,
              "skipped": false
            },
            {
              "title": "25.Bana Ata Butonu Tıklandığında başarılı bir şekilde modal açıldığı ve seçilen eşya adedinin doğru geldiği görülür",
              "fullTitle": "Product Pool 25.Bana Ata Butonu Tıklandığında başarılı bir şekilde modal açıldığı ve seçilen eşya adedinin doğru geldiği görülür",
              "timedOut": null,
              "duration": 24043,
              "state": "failed",
              "speed": null,
              "pass": false,
              "fail": true,
              "pending": false,
              "context": null,
              "code": "_Methods.default.visit();\nCypress.on('uncaught:exception', (err, runnable) => {\n  return false;\n});\n_Methods.default.clickButton(_loginLocators.default.loginUsername);\n_Methods.default.fillInput(_loginLocators.default.loginUsername, 'musavir.trch@outlook.com');\n_Methods.default.fillInput(_loginLocators.default.loginPassword, 'test123');\n_Methods.default.clickButton(_loginLocators.default.loginButton);\n_Methods.default.clickButton(_loginLocators.default.globalButton);\n_Methods.default.clickButton(_loginLocators.default.turkishLanguageButton);\n_Methods.default.clickButton(_createManuelUploadItemLocators.default.uploadItemButtonDashboard);\n_Methods.default.clickButton(_createManuelUploadItemLocators.default.pleaseSelectCompany);\n_Methods.default.clickButton(_createManuelUploadItemLocators.default.musteriTrchSelected);\n_Methods.default.clickButton(_createManuelUploadItemLocators.default.uploadItemSelectFirmModalNextButton);\n_Methods.default.clickButton(_createManuelUploadItemLocators.default.manuelUploadItemButtonServicesModal);\n_Methods.default.wait(700);\n_Methods.default.clickElementTrigger(_createManuelUploadItemLocators.default.createButtonServicesModal);\nfunction generateProductName(length) {\n  const characters = 'ABCDEFGHIJKLMNOPQRSTUVWXYZabcdefghijklmnopqrstuvwxyz';\n  let randomWord = '';\n  for (let i = 0; i < length; i++) {\n    const randomIndex = Math.floor(Math.random() * characters.length);\n    randomWord += characters.charAt(randomIndex);\n  }\n  return randomWord;\n}\nconst productName = generateProductName(6);\n_Methods.default.fillInput(_createManuelUploadItemLocators.default.productIdTextBoxCMD, productName);\nfunction generateProductDescription(length) {\n  const characters = 'ABCDEFGHIJKLMNOPQRSTUVWXYZabcdefghijklmnopqrstuvwxyz';\n  let randomWord = '';\n  for (let i = 0; i < length; i++) {\n    const randomIndex = Math.floor(Math.random() * characters.length);\n    randomWord += characters.charAt(randomIndex);\n  }\n  return randomWord;\n}\nconst productDescription = generateProductDescription(6);\n_Methods.default.fillInput(_createManuelUploadItemLocators.default.productDescriptionTextBoxTRCMD, productDescription);\n_Methods.default.realClickElement(_createManuelUploadItemLocators.default.productDescriptionTextBoxDECMD);\n_Methods.default.clickButton(_createManuelUploadItemLocators.default.submitButtonInCreateDataScreen);\n_Methods.default.clickButton(_createManuelUploadItemLocators.default.submitButtonOnSubmitModalCMD);\n_Methods.default.wait(600);\n_Methods.default.clickButton(_createManuelUploadItemLocators.default.productPoolButtonSubmitModalCMD);\n_Methods.default.selectCheckbox(_productPoolLocators.default.productPoolFirstItemCheckbox);\n_Methods.default.clickElementTrigger(_productPoolLocators.default.banaAtaMetinLocator);\n_Methods.default.checkTextIsVisible('Seçilen Eşyaların Tüm Servisleri Dahil Edilsin mi?', true);",
              "err": {
                "message": "CypressError: Timed out retrying after 20000ms: `cy.clear()` failed because this element:\n\n`<input placeholder=\"Eşya Kodu\" class=\"ant-input css-w89hjl ant-input-outlined\" type=\"text\" value=\"\" style=\"border: 2px solid red; box-shadow: 0px 0px 10px 5px rgba(255, 0, 0, 0.5);\">`\n\nis being covered by another element:\n\n`<div tabindex=\"-1\" class=\"ant-modal-wrap\">...</div>`\n\nFix this problem, or use {force: true} to disable error checking.\n\nhttps://on.cypress.io/element-cannot-be-interacted-with",
                "estack": "CypressError: Timed out retrying after 20000ms: `cy.clear()` failed because this element:\n\n`<input placeholder=\"Eşya Kodu\" class=\"ant-input css-w89hjl ant-input-outlined\" type=\"text\" value=\"\" style=\"border: 2px solid red; box-shadow: 0px 0px 10px 5px rgba(255, 0, 0, 0.5);\">`\n\nis being covered by another element:\n\n`<div tabindex=\"-1\" class=\"ant-modal-wrap\">...</div>`\n\nFix this problem, or use {force: true} to disable error checking.\n\nhttps://on.cypress.io/element-cannot-be-interacted-with\n    at ensureIsDescendent (https://test-productcatalog.singlewindow.io/__cypress/runner/cypress_runner.js:113057:68)\n    at ensureDescendents (https://test-productcatalog.singlewindow.io/__cypress/runner/cypress_runner.js:113108:5)\n    at ensureDescendentsAndScroll (https://test-productcatalog.singlewindow.io/__cypress/runner/cypress_runner.js:113114:14)\n    at ensureElIsNotCovered (https://test-productcatalog.singlewindow.io/__cypress/runner/cypress_runner.js:113245:5)\n    at runAllChecks (https://test-productcatalog.singlewindow.io/__cypress/runner/cypress_runner.js:113444:52)\n    at retryActionability (https://test-productcatalog.singlewindow.io/__cypress/runner/cypress_runner.js:113481:16)\n    at tryCatcher (https://test-productcatalog.singlewindow.io/__cypress/runner/cypress_runner.js:1777:23)\n    at Promise.attempt.Promise.try (https://test-productcatalog.singlewindow.io/__cypress/runner/cypress_runner.js:4285:29)\n    at whenStable (https://test-productcatalog.singlewindow.io/__cypress/runner/cypress_runner.js:145828:68)\n    at <unknown> (https://test-productcatalog.singlewindow.io/__cypress/runner/cypress_runner.js:145769:14)\n    at tryCatcher (https://test-productcatalog.singlewindow.io/__cypress/runner/cypress_runner.js:1777:23)\n    at Promise._settlePromiseFromHandler (https://test-productcatalog.singlewindow.io/__cypress/runner/cypress_runner.js:1489:31)\n    at Promise._settlePromise (https://test-productcatalog.singlewindow.io/__cypress/runner/cypress_runner.js:1546:18)\n    at Promise._settlePromise0 (https://test-productcatalog.singlewindow.io/__cypress/runner/cypress_runner.js:1591:10)\n    at Promise._settlePromises (https://test-productcatalog.singlewindow.io/__cypress/runner/cypress_runner.js:1671:18)\n    at Promise._fulfill (https://test-productcatalog.singlewindow.io/__cypress/runner/cypress_runner.js:1615:18)\n    at <unknown> (https://test-productcatalog.singlewindow.io/__cypress/runner/cypress_runner.js:5420:46)",
                "diff": null
              },
              "uuid": "ed0ca881-be90-484f-a7ec-71793e639f3c",
              "parentUUID": "8a7d3a1d-7802-41e8-b538-9b98e0339dad",
              "isHook": false,
              "skipped": false
            },
            {
              "title": "26.Bana Ata Butonu tıklandıktan sonra açılan modalda Tüm Servisleri Dahil Et checkboxı seçilip Ata butonuna tıklanınca başarılı bir şekilde “Uyarı!Seçtiğiniz kalemler test Müşavir’e atanacaktır kabul ediyor musunuz?” uyarısının geldiği görülür",
              "fullTitle": "Product Pool 26.Bana Ata Butonu tıklandıktan sonra açılan modalda Tüm Servisleri Dahil Et checkboxı seçilip Ata butonuna tıklanınca başarılı bir şekilde “Uyarı!Seçtiğiniz kalemler test Müşavir’e atanacaktır kabul ediyor musunuz?” uyarısının geldiği görülür",
              "timedOut": null,
              "duration": 23972,
              "state": "failed",
              "speed": null,
              "pass": false,
              "fail": true,
              "pending": false,
              "context": null,
              "code": "_Methods.default.visit();\nCypress.on('uncaught:exception', (err, runnable) => {\n  return false;\n});\n_Methods.default.clickButton(_loginLocators.default.loginUsername);\n_Methods.default.fillInput(_loginLocators.default.loginUsername, 'musavir.trch@outlook.com');\n_Methods.default.fillInput(_loginLocators.default.loginPassword, 'test123');\n_Methods.default.clickButton(_loginLocators.default.loginButton);\n_Methods.default.clickButton(_loginLocators.default.globalButton);\n_Methods.default.clickButton(_loginLocators.default.turkishLanguageButton);\n_Methods.default.clickButton(_createManuelUploadItemLocators.default.uploadItemButtonDashboard);\n_Methods.default.clickButton(_createManuelUploadItemLocators.default.pleaseSelectCompany);\n_Methods.default.clickButton(_createManuelUploadItemLocators.default.musteriTrchSelected);\n_Methods.default.clickButton(_createManuelUploadItemLocators.default.uploadItemSelectFirmModalNextButton);\n_Methods.default.clickButton(_createManuelUploadItemLocators.default.manuelUploadItemButtonServicesModal);\n_Methods.default.wait(700);\n_Methods.default.clickElementTrigger(_createManuelUploadItemLocators.default.createButtonServicesModal);\nfunction generateProductName(length) {\n  const characters = 'ABCDEFGHIJKLMNOPQRSTUVWXYZabcdefghijklmnopqrstuvwxyz';\n  let randomWord = '';\n  for (let i = 0; i < length; i++) {\n    const randomIndex = Math.floor(Math.random() * characters.length);\n    randomWord += characters.charAt(randomIndex);\n  }\n  return randomWord;\n}\nconst productName = generateProductName(6);\n_Methods.default.fillInput(_createManuelUploadItemLocators.default.productIdTextBoxCMD, productName);\nfunction generateProductDescription(length) {\n  const characters = 'ABCDEFGHIJKLMNOPQRSTUVWXYZabcdefghijklmnopqrstuvwxyz';\n  let randomWord = '';\n  for (let i = 0; i < length; i++) {\n    const randomIndex = Math.floor(Math.random() * characters.length);\n    randomWord += characters.charAt(randomIndex);\n  }\n  return randomWord;\n}\nconst productDescription = generateProductDescription(6);\n_Methods.default.fillInput(_createManuelUploadItemLocators.default.productDescriptionTextBoxTRCMD, productDescription);\n_Methods.default.realClickElement(_createManuelUploadItemLocators.default.productDescriptionTextBoxDECMD);\n_Methods.default.clickButton(_createManuelUploadItemLocators.default.submitButtonInCreateDataScreen);\n_Methods.default.clickButton(_createManuelUploadItemLocators.default.submitButtonOnSubmitModalCMD);\n_Methods.default.wait(600);\n_Methods.default.clickButton(_createManuelUploadItemLocators.default.productPoolButtonSubmitModalCMD);\n_Methods.default.selectCheckbox(_productPoolLocators.default.productPoolFirstItemCheckbox);\n_Methods.default.clickElementTrigger(_productPoolLocators.default.banaAtaMetinLocator);\n_Methods.default.clickButton(_productPoolLocators.default.assigneButtonInModal);\n_Methods.default.checkTextIsVisible(\"Seçtiğiniz kalemler Müşavir Test'ya atanacaktır kabul ediyor musunuz?\", true);",
              "err": {
                "message": "CypressError: Timed out retrying after 20000ms: `cy.clear()` failed because this element:\n\n`<input placeholder=\"Eşya Kodu\" class=\"ant-input css-w89hjl ant-input-outlined\" type=\"text\" value=\"\" style=\"border: 2px solid red; box-shadow: 0px 0px 10px 5px rgba(255, 0, 0, 0.5);\">`\n\nis being covered by another element:\n\n`<div tabindex=\"-1\" class=\"ant-modal-wrap\">...</div>`\n\nFix this problem, or use {force: true} to disable error checking.\n\nhttps://on.cypress.io/element-cannot-be-interacted-with",
                "estack": "CypressError: Timed out retrying after 20000ms: `cy.clear()` failed because this element:\n\n`<input placeholder=\"Eşya Kodu\" class=\"ant-input css-w89hjl ant-input-outlined\" type=\"text\" value=\"\" style=\"border: 2px solid red; box-shadow: 0px 0px 10px 5px rgba(255, 0, 0, 0.5);\">`\n\nis being covered by another element:\n\n`<div tabindex=\"-1\" class=\"ant-modal-wrap\">...</div>`\n\nFix this problem, or use {force: true} to disable error checking.\n\nhttps://on.cypress.io/element-cannot-be-interacted-with\n    at ensureIsDescendent (https://test-productcatalog.singlewindow.io/__cypress/runner/cypress_runner.js:113057:68)\n    at ensureDescendents (https://test-productcatalog.singlewindow.io/__cypress/runner/cypress_runner.js:113108:5)\n    at ensureDescendentsAndScroll (https://test-productcatalog.singlewindow.io/__cypress/runner/cypress_runner.js:113114:14)\n    at ensureElIsNotCovered (https://test-productcatalog.singlewindow.io/__cypress/runner/cypress_runner.js:113245:5)\n    at runAllChecks (https://test-productcatalog.singlewindow.io/__cypress/runner/cypress_runner.js:113444:52)\n    at retryActionability (https://test-productcatalog.singlewindow.io/__cypress/runner/cypress_runner.js:113481:16)\n    at tryCatcher (https://test-productcatalog.singlewindow.io/__cypress/runner/cypress_runner.js:1777:23)\n    at Promise.attempt.Promise.try (https://test-productcatalog.singlewindow.io/__cypress/runner/cypress_runner.js:4285:29)\n    at whenStable (https://test-productcatalog.singlewindow.io/__cypress/runner/cypress_runner.js:145828:68)\n    at <unknown> (https://test-productcatalog.singlewindow.io/__cypress/runner/cypress_runner.js:145769:14)\n    at tryCatcher (https://test-productcatalog.singlewindow.io/__cypress/runner/cypress_runner.js:1777:23)\n    at Promise._settlePromiseFromHandler (https://test-productcatalog.singlewindow.io/__cypress/runner/cypress_runner.js:1489:31)\n    at Promise._settlePromise (https://test-productcatalog.singlewindow.io/__cypress/runner/cypress_runner.js:1546:18)\n    at Promise._settlePromise0 (https://test-productcatalog.singlewindow.io/__cypress/runner/cypress_runner.js:1591:10)\n    at Promise._settlePromises (https://test-productcatalog.singlewindow.io/__cypress/runner/cypress_runner.js:1671:18)\n    at Promise._fulfill (https://test-productcatalog.singlewindow.io/__cypress/runner/cypress_runner.js:1615:18)\n    at <unknown> (https://test-productcatalog.singlewindow.io/__cypress/runner/cypress_runner.js:5420:46)",
                "diff": null
              },
              "uuid": "cb7a9b0c-f08d-44ce-8b45-c802a4a4e75f",
              "parentUUID": "8a7d3a1d-7802-41e8-b538-9b98e0339dad",
              "isHook": false,
              "skipped": false
            },
            {
              "title": "27.Bana Ata Butonu Tıklandığında açılan modalda Vazgeç butonu tıklandığı başarılı bir şekilde modalın kapandığı görülür",
              "fullTitle": "Product Pool 27.Bana Ata Butonu Tıklandığında açılan modalda Vazgeç butonu tıklandığı başarılı bir şekilde modalın kapandığı görülür",
              "timedOut": null,
              "duration": 24674,
              "state": "failed",
              "speed": null,
              "pass": false,
              "fail": true,
              "pending": false,
              "context": null,
              "code": "_Methods.default.visit();\nCypress.on('uncaught:exception', (err, runnable) => {\n  return false;\n});\n_Methods.default.clickButton(_loginLocators.default.loginUsername);\n_Methods.default.fillInput(_loginLocators.default.loginUsername, 'musavir.trch@outlook.com');\n_Methods.default.fillInput(_loginLocators.default.loginPassword, 'test123');\n_Methods.default.clickButton(_loginLocators.default.loginButton);\n_Methods.default.clickButton(_loginLocators.default.globalButton);\n_Methods.default.clickButton(_loginLocators.default.turkishLanguageButton);\n_Methods.default.clickButton(_createManuelUploadItemLocators.default.uploadItemButtonDashboard);\n_Methods.default.clickButton(_createManuelUploadItemLocators.default.pleaseSelectCompany);\n_Methods.default.clickButton(_createManuelUploadItemLocators.default.musteriTrchSelected);\n_Methods.default.clickButton(_createManuelUploadItemLocators.default.uploadItemSelectFirmModalNextButton);\n_Methods.default.clickButton(_createManuelUploadItemLocators.default.manuelUploadItemButtonServicesModal);\n_Methods.default.wait(700);\n_Methods.default.clickElementTrigger(_createManuelUploadItemLocators.default.createButtonServicesModal);\nfunction generateProductName(length) {\n  const characters = 'ABCDEFGHIJKLMNOPQRSTUVWXYZabcdefghijklmnopqrstuvwxyz';\n  let randomWord = '';\n  for (let i = 0; i < length; i++) {\n    const randomIndex = Math.floor(Math.random() * characters.length);\n    randomWord += characters.charAt(randomIndex);\n  }\n  return randomWord;\n}\nconst productName = generateProductName(6);\n_Methods.default.fillInput(_createManuelUploadItemLocators.default.productIdTextBoxCMD, productName);\nfunction generateProductDescription(length) {\n  const characters = 'ABCDEFGHIJKLMNOPQRSTUVWXYZabcdefghijklmnopqrstuvwxyz';\n  let randomWord = '';\n  for (let i = 0; i < length; i++) {\n    const randomIndex = Math.floor(Math.random() * characters.length);\n    randomWord += characters.charAt(randomIndex);\n  }\n  return randomWord;\n}\nconst productDescription = generateProductDescription(6);\n_Methods.default.fillInput(_createManuelUploadItemLocators.default.productDescriptionTextBoxTRCMD, productDescription);\n_Methods.default.realClickElement(_createManuelUploadItemLocators.default.productDescriptionTextBoxDECMD);\n_Methods.default.clickButton(_createManuelUploadItemLocators.default.submitButtonInCreateDataScreen);\n_Methods.default.clickButton(_createManuelUploadItemLocators.default.submitButtonOnSubmitModalCMD);\n_Methods.default.wait(600);\n_Methods.default.clickButton(_createManuelUploadItemLocators.default.productPoolButtonSubmitModalCMD);\n_Methods.default.selectCheckbox(_productPoolLocators.default.productPoolFirstItemCheckbox);\n_Methods.default.clickElementTrigger(_productPoolLocators.default.banaAtaMetinLocator);\n_Methods.default.clickButton(_productPoolLocators.default.assigneButtonInModal);\n_Methods.default.clickButton(_productPoolLocators.default.cancelButtonInAssigneModal);\n_Methods.default.checkTextIsNotPresent(\"Seçtiğiniz kalemler Müşavir Test'ya atanacaktır kabul ediyor musunuz?\", true);",
              "err": {
                "message": "CypressError: Timed out retrying after 20000ms: `cy.clear()` failed because this element:\n\n`<input placeholder=\"Eşya Kodu\" class=\"ant-input css-w89hjl ant-input-outlined\" type=\"text\" value=\"\" style=\"border: 2px solid red; box-shadow: 0px 0px 10px 5px rgba(255, 0, 0, 0.5);\">`\n\nis being covered by another element:\n\n`<div tabindex=\"-1\" class=\"ant-modal-wrap\">...</div>`\n\nFix this problem, or use {force: true} to disable error checking.\n\nhttps://on.cypress.io/element-cannot-be-interacted-with",
                "estack": "CypressError: Timed out retrying after 20000ms: `cy.clear()` failed because this element:\n\n`<input placeholder=\"Eşya Kodu\" class=\"ant-input css-w89hjl ant-input-outlined\" type=\"text\" value=\"\" style=\"border: 2px solid red; box-shadow: 0px 0px 10px 5px rgba(255, 0, 0, 0.5);\">`\n\nis being covered by another element:\n\n`<div tabindex=\"-1\" class=\"ant-modal-wrap\">...</div>`\n\nFix this problem, or use {force: true} to disable error checking.\n\nhttps://on.cypress.io/element-cannot-be-interacted-with\n    at ensureIsDescendent (https://test-productcatalog.singlewindow.io/__cypress/runner/cypress_runner.js:113057:68)\n    at ensureDescendents (https://test-productcatalog.singlewindow.io/__cypress/runner/cypress_runner.js:113108:5)\n    at ensureDescendentsAndScroll (https://test-productcatalog.singlewindow.io/__cypress/runner/cypress_runner.js:113114:14)\n    at ensureElIsNotCovered (https://test-productcatalog.singlewindow.io/__cypress/runner/cypress_runner.js:113245:5)\n    at runAllChecks (https://test-productcatalog.singlewindow.io/__cypress/runner/cypress_runner.js:113444:52)\n    at retryActionability (https://test-productcatalog.singlewindow.io/__cypress/runner/cypress_runner.js:113481:16)\n    at tryCatcher (https://test-productcatalog.singlewindow.io/__cypress/runner/cypress_runner.js:1777:23)\n    at Promise.attempt.Promise.try (https://test-productcatalog.singlewindow.io/__cypress/runner/cypress_runner.js:4285:29)\n    at whenStable (https://test-productcatalog.singlewindow.io/__cypress/runner/cypress_runner.js:145828:68)\n    at <unknown> (https://test-productcatalog.singlewindow.io/__cypress/runner/cypress_runner.js:145769:14)\n    at tryCatcher (https://test-productcatalog.singlewindow.io/__cypress/runner/cypress_runner.js:1777:23)\n    at Promise._settlePromiseFromHandler (https://test-productcatalog.singlewindow.io/__cypress/runner/cypress_runner.js:1489:31)\n    at Promise._settlePromise (https://test-productcatalog.singlewindow.io/__cypress/runner/cypress_runner.js:1546:18)\n    at Promise._settlePromise0 (https://test-productcatalog.singlewindow.io/__cypress/runner/cypress_runner.js:1591:10)\n    at Promise._settlePromises (https://test-productcatalog.singlewindow.io/__cypress/runner/cypress_runner.js:1671:18)\n    at Promise._fulfill (https://test-productcatalog.singlewindow.io/__cypress/runner/cypress_runner.js:1615:18)\n    at <unknown> (https://test-productcatalog.singlewindow.io/__cypress/runner/cypress_runner.js:5420:46)",
                "diff": null
              },
              "uuid": "ca144a69-82e7-4b60-834e-a83a27937f84",
              "parentUUID": "8a7d3a1d-7802-41e8-b538-9b98e0339dad",
              "isHook": false,
              "skipped": false
            },
            {
              "title": "28.Eşyaların checkbox ile seçimi yapıldıktan başarılır bir şekilde “Uyarı! Başka bir müşavire atama yapmadan önce lütfen firmaya göre filtreleme yapınız.” uyarısı geldiği görülür",
              "fullTitle": "Product Pool 28.Eşyaların checkbox ile seçimi yapıldıktan başarılır bir şekilde “Uyarı! Başka bir müşavire atama yapmadan önce lütfen firmaya göre filtreleme yapınız.” uyarısı geldiği görülür",
              "timedOut": null,
              "duration": 24681,
              "state": "failed",
              "speed": null,
              "pass": false,
              "fail": true,
              "pending": false,
              "context": null,
              "code": "_Methods.default.visit();\nCypress.on('uncaught:exception', (err, runnable) => {\n  return false;\n});\n_Methods.default.clickButton(_loginLocators.default.loginUsername);\n_Methods.default.fillInput(_loginLocators.default.loginUsername, 'musavir.trch@outlook.com');\n_Methods.default.fillInput(_loginLocators.default.loginPassword, 'test123');\n_Methods.default.clickButton(_loginLocators.default.loginButton);\n_Methods.default.clickButton(_loginLocators.default.globalButton);\n_Methods.default.clickButton(_loginLocators.default.turkishLanguageButton);\n_Methods.default.clickButton(_createManuelUploadItemLocators.default.uploadItemButtonDashboard);\n_Methods.default.clickButton(_createManuelUploadItemLocators.default.pleaseSelectCompany);\n_Methods.default.clickButton(_createManuelUploadItemLocators.default.musteriTrchSelected);\n_Methods.default.clickButton(_createManuelUploadItemLocators.default.uploadItemSelectFirmModalNextButton);\n_Methods.default.clickButton(_createManuelUploadItemLocators.default.manuelUploadItemButtonServicesModal);\n_Methods.default.wait(700);\n_Methods.default.clickElementTrigger(_createManuelUploadItemLocators.default.createButtonServicesModal);\nfunction generateProductName(length) {\n  const characters = 'ABCDEFGHIJKLMNOPQRSTUVWXYZabcdefghijklmnopqrstuvwxyz';\n  let randomWord = '';\n  for (let i = 0; i < length; i++) {\n    const randomIndex = Math.floor(Math.random() * characters.length);\n    randomWord += characters.charAt(randomIndex);\n  }\n  return randomWord;\n}\nconst productName = generateProductName(6);\n_Methods.default.fillInput(_createManuelUploadItemLocators.default.productIdTextBoxCMD, productName);\nfunction generateProductDescription(length) {\n  const characters = 'ABCDEFGHIJKLMNOPQRSTUVWXYZabcdefghijklmnopqrstuvwxyz';\n  let randomWord = '';\n  for (let i = 0; i < length; i++) {\n    const randomIndex = Math.floor(Math.random() * characters.length);\n    randomWord += characters.charAt(randomIndex);\n  }\n  return randomWord;\n}\nconst productDescription = generateProductDescription(6);\n_Methods.default.fillInput(_createManuelUploadItemLocators.default.productDescriptionTextBoxTRCMD, productDescription);\n_Methods.default.realClickElement(_createManuelUploadItemLocators.default.productDescriptionTextBoxDECMD);\n_Methods.default.clickButton(_createManuelUploadItemLocators.default.submitButtonInCreateDataScreen);\n_Methods.default.clickButton(_createManuelUploadItemLocators.default.submitButtonOnSubmitModalCMD);\n_Methods.default.wait(600);\n_Methods.default.clickButton(_createManuelUploadItemLocators.default.dashboardButton);\n_Methods.default.wait(300);\n_Methods.default.clickButton(_createManuelUploadItemLocators.default.uploadItemButtonDashboard);\n_Methods.default.clickButton(_createManuelUploadItemLocators.default.pleaseSelectCompany);\n_Methods.default.clickButton(_createManuelUploadItemLocators.default.denemeMailAşSelected);\n_Methods.default.clickButton(_createManuelUploadItemLocators.default.uploadItemSelectFirmModalNextButton);\n_Methods.default.clickButton(_createManuelUploadItemLocators.default.manuelUploadItemButtonServicesModal);\n_Methods.default.wait(700);\n_Methods.default.clickElementTrigger(_createManuelUploadItemLocators.default.createButtonServicesModal);\nfunction generateProductName(length) {\n  const characters = '
[...]
<div tabindex=\"-1\" class=\"ant-modal-wrap\">...</div>`\n\nFix this problem, or use {force: true} to disable error checking.\n\nhttps://on.cypress.io/element-cannot-be-interacted-with\n    at ensureIsDescendent (https://test-productcatalog.singlewindow.io/__cypress/runner/cypress_runner.js:113057:68)\n    at ensureDescendents (https://test-productcatalog.singlewindow.io/__cypress/runner/cypress_runner.js:113108:5)\n    at ensureDescendentsAndScroll (https://test-productcatalog.singlewindow.io/__cypress/runner/cypress_runner.js:113114:14)\n    at ensureElIsNotCovered (https://test-productcatalog.singlewindow.io/__cypress/runner/cypress_runner.js:113245:5)\n    at runAllChecks (https://test-productcatalog.singlewindow.io/__cypress/runner/cypress_runner.js:113444:52)\n    at retryActionability (https://test-productcatalog.singlewindow.io/__cypress/runner/cypress_runner.js:113481:16)\n    at tryCatcher (https://test-productcatalog.singlewindow.io/__cypress/runner/cypress_runner.js:1777:23)\n    at Promise.attempt.Promise.try (https://test-productcatalog.singlewindow.io/__cypress/runner/cypress_runner.js:4285:29)\n    at whenStable (https://test-productcatalog.singlewindow.io/__cypress/runner/cypress_runner.js:145828:68)\n    at <unknown> (https://test-productcatalog.singlewindow.io/__cypress/runner/cypress_runner.js:145769:14)\n    at tryCatcher (https://test-productcatalog.singlewindow.io/__cypress/runner/cypress_runner.js:1777:23)\n    at Promise._settlePromiseFromHandler (https://test-productcatalog.singlewindow.io/__cypress/runner/cypress_runner.js:1489:31)\n    at Promise._settlePromise (https://test-productcatalog.singlewindow.io/__cypress/runner/cypress_runner.js:1546:18)\n    at Promise._settlePromise0 (https://test-productcatalog.singlewindow.io/__cypress/runner/cypress_runner.js:1591:10)\n    at Promise._settlePromises (https://test-productcatalog.singlewindow.io/__cypress/runner/cypress_runner.js:1671:18)\n    at Promise._fulfill (https://test-productcatalog.singlewindow.io/__cypress/runner/cypress_runner.js:1615:18)\n    at <unknown> (https://test-productcatalog.singlewindow.io/__cypress/runner/cypress_runner.js:5420:46)",
                "diff": null
              },
              "uuid": "1111adb8-f7cb-402b-9706-1e4907ff51e0",
              "parentUUID": "8a7d3a1d-7802-41e8-b538-9b98e0339dad",
              "isHook": false,
              "skipped": false
            },
            {
              "title": "06.Atanmamış Eşyalar Filtresinin başarılı bir şekilde çalıştığı ve atanmamış eşyaların geldiği görülür.",
              "fullTitle": "Product Pool 06.Atanmamış Eşyalar Filtresinin başarılı bir şekilde çalıştığı ve atanmamış eşyaların geldiği görülür.",
              "timedOut": null,
              "duration": 25399,
              "state": "failed",
              "speed": null,
              "pass": false,
              "fail": true,
              "pending": false,
              "context": null,
              "code": "_Methods.default.visit();\nCypress.on('uncaught:exception', (err, runnable) => {\n  return false;\n});\n_Methods.default.clickButton(_loginLocators.default.loginUsername);\n_Methods.default.fillInput(_loginLocators.default.loginUsername, 'musavir.trch@outlook.com');\n_Methods.default.fillInput(_loginLocators.default.loginPassword, 'test123');\n_Methods.default.clickButton(_loginLocators.default.loginButton);\n_Methods.default.clickButton(_loginLocators.default.globalButton);\n_Methods.default.clickButton(_loginLocators.default.turkishLanguageButton);\n_Methods.default.clickButton(_createManuelUploadItemLocators.default.uploadItemButtonDashboard);\n_Methods.default.clickButton(_createManuelUploadItemLocators.default.pleaseSelectCompany);\n_Methods.default.clickButton(_createManuelUploadItemLocators.default.musteriTrchSelected);\n_Methods.default.clickButton(_createManuelUploadItemLocators.default.uploadItemSelectFirmModalNextButton);\n_Methods.default.clickButton(_createManuelUploadItemLocators.default.manuelUploadItemButtonServicesModal);\n_Methods.default.wait(700);\n_Methods.default.unselectCheckbox(_productPoolLocators.default.chGTİPCheckbox);\n_Methods.default.unselectCheckbox(_productPoolLocators.default.chDualUseCheckbox);\n_Methods.default.unselectCheckbox(_productPoolLocators.default.chYaptırımlarıCheckbox);\n_Methods.default.unselectCheckbox(_productPoolLocators.default.deGTİPCheckbox);\n_Methods.default.unselectCheckbox(_productPoolLocators.default.deDualUseCheckbox);\n_Methods.default.unselectCheckbox(_productPoolLocators.default.deSKDMCheckbox);\n_Methods.default.unselectCheckbox(_productPoolLocators.default.euGTİPCheckbox);\n_Methods.default.unselectCheckbox(_productPoolLocators.default.euSKDMCheckbox);\n_Methods.default.unselectCheckbox(_productPoolLocators.default.ukGTİPCheckbox);\n_Methods.default.unselectCheckbox(_productPoolLocators.default.trGümrükMevzuatıCheckbox);\n_Methods.default.wait(1000);\n_Methods.default.clickElementTrigger(_createManuelUploadItemLocators.default.createButtonServicesModal);\nfunction generateProductName(length) {\n  const characters = 'ABCDEFGHIJKLMNOPQRSTUVWXYZabcdefghijklmnopqrstuvwxyz';\n  let randomWord = '';\n  for (let i = 0; i < length; i++) {\n    const randomIndex = Math.floor(Math.random() * characters.length);\n    randomWord += characters.charAt(randomIndex);\n  }\n  return randomWord;\n}\nconst productName = generateProductName(6);\n_Methods.default.fillInput(_createManuelUploadItemLocators.default.productIdTextBoxCMD, productName);\nfunction generateProductDescription(length) {\n  const characters = 'ABCDEFGHIJKLMNOPQRSTUVWXYZabcdefghijklmnopqrstuvwxyz';\n  let randomWord = '';\n  for (let i = 0; i < length; i++) {\n    const randomIndex = Math.floor(Math.random() * characters.length);\n    randomWord += characters.charAt(randomIndex);\n  }\n  return randomWord;\n}\nconst productDescription = generateProductDescription(6);\n_Methods.default.fillInput(_createManuelUploadItemLocators.default.productDescriptionTextBoxTRCMD, productDescription);\n_Methods.default.realClickElement(_createManuelUploadItemLocators.default.productDescriptionTextBoxDECMD);\n_Methods.default.clickButton(_createManuelUploadItemLocators.default.submitButtonInCreateDataScreen);\n_Methods.default.clickButton(_createManuelUploadItemLocators.default.submitButtonInCreateDataScreen);\n_Methods.default.wait(600);\n_Methods.default.clickButton(_createManuelUploadItemLocators.default.submitButtonOnSubmitModalCMD);\n_Methods.default.wait(600);\n_Methods.default.clickButton(_productPoolLocators.default.productPoolButtonInTrackingMonitorDropdown);\n_Methods.default.checkTextIsVisible(productName, true);\n_Methods.default.wait(500);\n_Methods.default.selectCheckbox(_productPoolLocators.default.PPTrGümrükMevzuatıCheckbox);\n_Methods.default.checkTextIsNotPresent(productName, true);",
              "err": {
                "message": "CypressError: Timed out retrying after 20000ms: `cy.clear()` failed because this element:\n\n`<input placeholder=\"Eşya Kodu\" class=\"ant-input css-w89hjl ant-input-outlined\" type=\"text\" value=\"\" style=\"border: 2px solid red; box-shadow: 0px 0px 10px 5px rgba(255, 0, 0, 0.5);\">`\n\nis being covered by another element:\n\n`<div tabindex=\"-1\" class=\"ant-modal-wrap\">...</div>`\n\nFix this problem, or use {force: true} to disable error checking.\n\nhttps://on.cypress.io/element-cannot-be-interacted-with",
                "estack": "CypressError: Timed out retrying after 20000ms: `cy.clear()` failed because this element:\n\n`<input placeholder=\"Eşya Kodu\" class=\"ant-input css-w89hjl ant-input-outlined\" type=\"text\" value=\"\" style=\"border: 2px solid red; box-shadow: 0px 0px 10px 5px rgba(255, 0, 0, 0.5);\">`\n\nis being covered by another element:\n\n`<div tabindex=\"-1\" class=\"ant-modal-wrap\">...</div>`\n\nFix this problem, or use {force: true} to disable error checking.\n\nhttps://on.cypress.io/element-cannot-be-interacted-with\n    at ensureIsDescendent (https://test-productcatalog.singlewindow.io/__cypress/runner/cypress_runner.js:113057:68)\n    at ensureDescendents (https://test-productcatalog.singlewindow.io/__cypress/runner/cypress_runner.js:113108:5)\n    at ensureDescendentsAndScroll (https://test-productcatalog.singlewindow.io/__cypress/runner/cypress_runner.js:113114:14)\n    at ensureElIsNotCovered (https://test-productcatalog.singlewindow.io/__cypress/runner/cypress_runner.js:113245:5)\n    at runAllChecks (https://test-productcatalog.singlewindow.io/__cypress/runner/cypress_runner.js:113444:52)\n    at retryActionability (https://test-productcatalog.singlewindow.io/__cypress/runner/cypress_runner.js:113481:16)\n    at tryCatcher (https://test-productcatalog.singlewindow.io/__cypress/runner/cypress_runner.js:1777:23)\n    at Promise.attempt.Promise.try (https://test-productcatalog.singlewindow.io/__cypress/runner/cypress_runner.js:4285:29)\n    at whenStable (https://test-productcatalog.singlewindow.io/__cypress/runner/cypress_runner.js:145828:68)\n    at <unknown> (https://test-productcatalog.singlewindow.io/__cypress/runner/cypress_runner.js:145769:14)\n    at tryCatcher (https://test-productcatalog.singlewindow.io/__cypress/runner/cypress_runner.js:1777:23)\n    at Promise._settlePromiseFromHandler (https://test-productcatalog.singlewindow.io/__cypress/runner/cypress_runner.js:1489:31)\n    at Promise._settlePromise (https://test-productcatalog.singlewindow.io/__cypress/runner/cypress_runner.js:1546:18)\n    at Promise._settlePromise0 (https://test-productcatalog.singlewindow.io/__cypress/runner/cypress_runner.js:1591:10)\n    at Promise._settlePromises (https://test-productcatalog.singlewindow.io/__cypress/runner/cypress_runner.js:1671:18)\n    at Promise._fulfill (https://test-productcatalog.singlewindow.io/__cypress/runner/cypress_runner.js:1615:18)\n    at <unknown> (https://test-productcatalog.singlewindow.io/__cypress/runner/cypress_runner.js:5420:46)",
                "diff": null
              },
              "uuid": "c2da4912-c7e3-43ae-b4b9-e8969eb8223d",
              "parentUUID": "8a7d3a1d-7802-41e8-b538-9b98e0339dad",
              "isHook": false,
              "skipped": false
            },
            {
              "title": "01.Başarılı bir şekilde sayfanın açıldığı ve kolonların geldiği görülür.",
              "fullTitle": "Product Pool 01.Başarılı bir şekilde sayfanın açıldığı ve kolonların geldiği görülür.",
              "timedOut": null,
              "duration": 3106,
              "state": "passed",
              "speed": "fast",
              "pass": true,
              "fail": false,
              "pending": false,
              "context": null,
              "code": "_Methods.default.visit();\nCypress.on('uncaught:exception', (err, runnable) => {\n  return false;\n});\n_Methods.default.clickButton(_loginLocators.default.loginUsername);\n_Methods.default.fillInput(_loginLocators.default.loginUsername, 'musavir.trch@outlook.com');\n_Methods.default.fillInput(_loginLocators.default.loginPassword, 'test123');\n_Methods.default.clickButton(_loginLocators.default.loginButton);\n_Methods.default.clickButton(_loginLocators.default.globalButton);\n_Methods.default.clickButton(_loginLocators.default.turkishLanguageButton);\n_Methods.default.clickButton(_productPoolLocators.default.trackingMonitorButtonOnTab);\n_Methods.default.clickButton(_productPoolLocators.default.productPoolButtonInTrackingMonitorDropdown);\n_Methods.default.checkTextIsVisible('Eşya Atama Havuzu', true);\n_Methods.default.checkTextIsVisible('Tür', true);\n_Methods.default.checkTextIsVisible('Eşya Kodu', true);",
              "err": {},
              "uuid": "52a8546f-c439-49f7-b23e-89b6b1af5306",
              "parentUUID": "8a7d3a1d-7802-41e8-b538-9b98e0339dad",
              "isHook": false,
              "skipped": false
            },
            {
              "title": "02.Başarılı bir şekilde sayfanın açıldıktan sonra kolonların ülke/hizmet filtresine göre düzgün geldiği görülür.",
              "fullTitle": "Product Pool 02.Başarılı bir şekilde sayfanın açıldıktan sonra kolonların ülke/hizmet filtresine göre düzgün geldiği görülür.",
              "timedOut": null,
              "duration": 3261,
              "state": "passed",
              "speed": "fast",
              "pass": true,
              "fail": false,
              "pending": false,
              "context": null,
              "code": "_Methods.default.visit();\nCypress.on('uncaught:exception', (err, runnable) => {\n  return false;\n});\n_Methods.default.clickButton(_loginLocators.default.loginUsername);\n_Methods.default.fillInput(_loginLocators.default.loginUsername, 'musavir.trch@outlook.com');\n_Methods.default.fillInput(_loginLocators.default.loginPassword, 'test123');\n_Methods.default.clickButton(_loginLocators.default.loginButton);\n_Methods.default.clickButton(_loginLocators.default.globalButton);\n_Methods.default.clickButton(_loginLocators.default.turkishLanguageButton);\n_Methods.default.clickButton(_productPoolLocators.default.trackingMonitorButtonOnTab);\n_Methods.default.clickButton(_productPoolLocators.default.productPoolButtonInTrackingMonitorDropdown);\n_Methods.default.checkTextIsVisible('Eşya Atama Havuzu', true);\n_Methods.default.checkTextIsVisible('Tür', true);\n_Methods.default.checkTextIsVisible('Eşya Kodu', true);\n_Methods.default.checkTextIsVisible('Firma Adı', true);\n_Methods.default.checkTextIsVisible('Atanan', true);\n_Methods.default.checkTextIsVisible('Oluşturan Kişi', true);\n_Methods.default.checkTextIsVisible('Oluşturulma Tarihi', true);\n_Methods.default.checkTextIsVisible('Eşya Tanımı', true);\n_Methods.default.checkTextIsVisible('Eşya Ticari Tanım', true);\n_Methods.default.checkTextIsVisible('Eşya Grup Kodu', true);\n_Methods.default.checkTextIsVisible('Tedarikçi Kodu', true);\n_Methods.default.checkTextIsVisible('Tedarikçi Adı', true);\n_Methods.default.checkTextIsVisible('Eşya Tarifesi - TR', true);\n_Methods.default.checkTextIsVisible('GTİP Tespiti Durumu - TR', true);",
              "err": {},
              "uuid": "aed5f9e6-0685-414e-b730-ff904a5ef103",
              "parentUUID": "8a7d3a1d-7802-41e8-b538-9b98e0339dad",
              "isHook": false,
              "skipped": false
            },
            {
              "title": "03.Genel Bilgiler filtresinin başarılı bir şekilde açılıp kapandığı görülür.",
              "fullTitle": "Product Pool 03.Genel Bilgiler filtresinin başarılı bir şekilde açılıp kapandığı görülür.",
              "timedOut": null,
              "duration": 4891,
              "state": "passed",
              "speed": "fast",
              "pass": true,
              "fail": false,
              "pending": false,
              "context": null,
              "code": "_Methods.default.visit();\nCypress.on('uncaught:exception', (err, runnable) => {\n  return false;\n});\n_Methods.default.clickButton(_loginLocators.default.loginUsername);\n_Methods.default.fillInput(_loginLocators.default.loginUsername, 'musavir.trch@outlook.com');\n_Methods.default.fillInput(_loginLocators.default.loginPassword, 'test123');\n_Methods.default.clickButton(_loginLocators.default.loginButton);\n_Methods.default.clickButton(_loginLocators.default.globalButton);\n_Methods.default.clickButton(_loginLocators.default.turkishLanguageButton);\n_Methods.default.clickButton(_productPoolLocators.default.trackingMonitorButtonOnTab);\n_Methods.default.clickButton(_productPoolLocators.default.productPoolButtonInTrackingMonitorDropdown);\n_Methods.default.clickButton(_productPoolLocators.default.collapsButtonProductPool);\n_Methods.default.shouldHaveNotItem(_productPoolLocators.default.genelBilgilerMetin);",
              "err": {},
              "uuid": "00d43408-76d6-4498-8e08-d456869ad293",
              "parentUUID": "8a7d3a1d-7802-41e8-b538-9b98e0339dad",
              "isHook": false,
              "skipped": false
            }
          ],
          "suites": [],
          "passes": [
            "52dc1c74-22e2-4758-8606-d6f51a3261cc",
            "afb73091-dcc6-40b8-aefd-db0d66562b50",
            "485ffb84-c7f5-49d6-a021-412472f8e62c",
            "74c8b1a5-a442-4cfe-9c82-26e3d3c1494e",
            "33c1ade9-c859-407b-b72a-ba9b801f6be9",
            "b0a16941-42c6-44f5-b8fd-3bf02af81365",
            "9d326330-cbe1-42e2-b0de-d4315583e81d",
            "22736330-a617-4d9b-80d1-2562525b0606",
            "fc05cbd7-d7b0-4a59-a109-23e74eccb4d9",
            "8cc84300-0691-40ab-b048-b65ba3d1e560",
            "8fb65781-ded8-4a0d-9319-9730bfe12318",
            "591bd22f-e799-4b68-a415-e75b7896c4f2",
            "cae07df3-89b2-41be-bf90-f650a8d49719",
            "ec28050a-1926-49a9-a906-ddf32c4b066d",
            "81bef01a-ea60-405e-8781-b541ac1ff09b",
            "47c2728e-3138-466e-9f0c-98b94328d6fe",
            "cd7a4546-7fb6-4cc0-9a9d-3ab4ef964ea9",
            "ac9446ed-11a0-4e08-83c8-d8ee6fe9510c",
            "5a3c325e-529a-42d8-aa24-2218ce152c2a",
            "2a77886b-8acf-4891-9872-15c93a2f9741",
            "2216ab55-77e8-4f60-afe9-0eccd1310ed8",
            "6f08b735-cfb0-4cbb-92ab-8065b5673653",
            "52a8546f-c439-49f7-b23e-89b6b1af5306",
            "aed5f9e6-0685-414e-b730-ff904a5ef103",
            "00d43408-76d6-4498-8e08-d456869ad293"
          ],
          "failures": [
            "c0b7ff31-6c93-40df-addf-079960731f8f",
            "1042f122-27f9-42e1-9ce7-95e190d6d7cc",
            "a5c90470-d732-40b8-91ad-91b97e83f272",
            "e85cae86-b15e-4dd0-80ac-00c03daef856",
            "3471f603-7fb0-45d6-9a3f-06e4ee7b6a1e",
            "9b7e53d6-c65a-4fb2-8130-9d4d2874d0ea",
            "ed0ca881-be90-484f-a7ec-71793e639f3c",
            "cb7a9b0c-f08d-44ce-8b45-c802a4a4e75f",
            "ca144a69-82e7-4b60-834e-a83a27937f84",
            "3034a0dd-881c-4016-bd54-65ddf5a314bc",
            "ec60a888-2aab-4859-8768-0341ff82a4f0",
            "c3ffee69-e7cc-415d-8aef-68401bee0bb3",
            "64443d78-057a-43a8-96d2-6d2c737c875b",
            "6cf44f08-e427-4977-a362-dd30ef15b9c8",
            "7ad20840-06f3-46c5-8ce2-e6a63ef23cea",
            "777777fa-3673-4364-840f-e023c0a522c8",
            "32c9be09-2e92-4c70-81fc-984cb147e7da",
            "25325751-5fb1-4bf9-8b7c-472e3087cf40",
            "2419681f-e9f8-473a-8e1e-75e2dfa8ea42",
            "35f865ad-f635-46ec-817b-7e8e08a13bfa",
            "069d4252-c946-46b4-8c0b-dc065df9dbab",
            "a44a1752-6e56-4d4a-97ba-54431b6e7350",
            "35d65e61-4c6c-4ce1-bd25-ec7551e31e27",
            "f68023bc-d05f-463f-9b5b-6bdc4ed87765",
            "8b5abb3c-1766-4f92-8912-a07bee876188",
            "c8258ca1-b594-47cc-ba43-5ec6bc43542c",
            "0f786546-b1f5-4d3b-b1de-236f8480a277",
            "cbc6f2b2-d1d6-48ac-934b-e27fcc555129",
            "472cc21a-59ea-4828-88ed-2eb8e7450607",
            "17c028c7-4f95-4f21-9577-9bbd7b027440",
            "0979a217-07c2-4e75-8b73-5e799448013e",
            "1111adb8-f7cb-402b-9706-1e4907ff51e0",
            "c2da4912-c7e3-43ae-b4b9-e8969eb8223d"
          ],
          "pending": [],
          "skipped": [],
          "duration": 951929,
          "root": false,
          "rootEmpty": false,
          "_timeout": 2000
        }
      ],
      "passes": [],
      "failures": [],
      "pending": [],
      "skipped": [],
      "duration": 0,
      "root": true,
      "rootEmpty": true,
      "_timeout": 2000
    }
  ],
  "meta": {
    "mocha": {
      "version": "7.2.0"
    },
    "mochawesome": {
      "options": {
        "quiet": false,
        "reportFilename": "mochawesome",
        "saveHtml": false,
        "saveJson": true,
        "consoleReporter": "spec",
        "useInlineDiffs": false,
        "code": true
      },
      "version": "7.1.3"
    },
    "marge": {
      "options": {
        "id": "default",
        "reportDir": "report/json",
        "overwrite": "false",
        "html": "false",
        "json": "true"
      },
      "version": "6.2.0"
    }
  }
}