{
  "stats": {
    "suites": 1,
    "tests": 7,
    "passes": 7,
    "pending": 0,
    "failures": 0,
    "start": "2025-06-13T12:49:09.170Z",
    "end": "2025-06-13T12:49:35.464Z",
    "duration": 26294,
    "testsRegistered": 7,
    "passPercent": 100,
    "pendingPercent": 0,
    "other": 0,
    "hasOther": false,
    "skipped": 0,
    "hasSkipped": false
  },
  "results": [
    {
      "uuid": "d02a2c27-7646-4742-ae22-d67d5c69a83c",
      "title": "",
      "fullFile": "cypress/e2e/loginPage.cy.js",
      "file": "cypress/e2e/loginPage.cy.js",
      "beforeHooks": [],
      "afterHooks": [],
      "tests": [],
      "suites": [
        {
          "uuid": "1096c56b-7861-4846-827b-a6c781343abd",
          "title": "Login Page",
          "fullFile": "",
          "file": "",
          "beforeHooks": [],
          "afterHooks": [],
          "tests": [
            {
              "title": "01.Başarılı bir şekilde login yapmak",
              "fullTitle": "Login Page 01.Başarılı bir şekilde login yapmak",
              "timedOut": null,
              "duration": 5331,
              "state": "passed",
              "speed": "medium",
              "pass": true,
              "fail": false,
              "pending": false,
              "context": null,
              "code": "_Methods.default.visit();\nCypress.on('uncaught:exception', (err, runnable) => {\n  return false;\n});\n_Methods.default.clickButton(_loginLocators.default.loginUsername);\n_Methods.default.fillInput(_loginLocators.default.loginUsername, 'musavir.trch@outlook.com');\n_Methods.default.fillInput(_loginLocators.default.loginPassword, 'test123');\n_Methods.default.clickButton(_loginLocators.default.loginButton);\n_Methods.default.checkTextIsVisible('Müşavir Test', true);",
              "err": {},
              "uuid": "6f9c9ab5-752b-4d85-adea-fdfd832a8ade",
              "parentUUID": "1096c56b-7861-4846-827b-a6c781343abd",
              "isHook": false,
              "skipped": false
            },
            {
              "title": "02.Yanlış password ile sisteme giriş yapmak",
              "fullTitle": "Login Page 02.Yanlış password ile sisteme giriş yapmak",
              "timedOut": null,
              "duration": 2798,
              "state": "passed",
              "speed": "fast",
              "pass": true,
              "fail": false,
              "pending": false,
              "context": null,
              "code": "_Methods.default.visit();\nCypress.on('uncaught:exception', (err, runnable) => {\n  return false;\n});\n_Methods.default.clickButton(_loginLocators.default.loginUsername);\n_Methods.default.fillInput(_loginLocators.default.loginUsername, 'musavir.bir@testmusavir.com');\n_Methods.default.fillInput(_loginLocators.default.loginPassword, 'L');\n_Methods.default.clickButton(_loginLocators.default.loginButton);\n_Methods.default.checkTextIsVisible('Geçersiz e-posta veya şifre.', true);",
              "err": {},
              "uuid": "a1c9d912-db1d-48dd-9656-b7ff35d822e1",
              "parentUUID": "1096c56b-7861-4846-827b-a6c781343abd",
              "isHook": false,
              "skipped": false
            },
            {
              "title": "03.Null kullanıcı adı ve şifre ile giriş yapmak",
              "fullTitle": "Login Page 03.Null kullanıcı adı ve şifre ile giriş yapmak",
              "timedOut": null,
              "duration": 1306,
              "state": "passed",
              "speed": "fast",
              "pass": true,
              "fail": false,
              "pending": false,
              "context": null,
              "code": "_Methods.default.visit();\nCypress.on('uncaught:exception', (err, runnable) => {\n  return false;\n});\n_Methods.default.clickButton(_loginLocators.default.loginButton);\n_Methods.default.checkTextIsVisible('Geçersiz e-posta veya şifre.', true);",
              "err": {},
              "uuid": "0ac3a93b-6f86-4fa9-b195-b344467f4efd",
              "parentUUID": "1096c56b-7861-4846-827b-a6c781343abd",
              "isHook": false,
              "skipped": false
            },
            {
              "title": "04.Yanlış username ile giriş yapmak",
              "fullTitle": "Login Page 04.Yanlış username ile giriş yapmak",
              "timedOut": null,
              "duration": 2886,
              "state": "passed",
              "speed": "fast",
              "pass": true,
              "fail": false,
              "pending": false,
              "context": null,
              "code": "_Methods.default.visit();\nCypress.on('uncaught:exception', (err, runnable) => {\n  return false;\n});\n_Methods.default.clickButton(_loginLocators.default.loginUsername);\n_Methods.default.fillInput(_loginLocators.default.loginUsername, 'test@outlook.com');\n_Methods.default.fillInput(_loginLocators.default.loginPassword, '123');\n_Methods.default.clickButton(_loginLocators.default.loginButton);\n_Methods.default.checkTextIsVisible('Geçersiz e-posta veya şifre.', true);",
              "err": {},
              "uuid": "84e4100c-23f3-4260-886e-6d292afef6f7",
              "parentUUID": "1096c56b-7861-4846-827b-a6c781343abd",
              "isHook": false,
              "skipped": false
            },
            {
              "title": "05.\"Parolanızı mı unuttunuz?\" textinin başarılı şekilde çalışması",
              "fullTitle": "Login Page 05.\"Parolanızı mı unuttunuz?\" textinin başarılı şekilde çalışması",
              "timedOut": null,
              "duration": 3359,
              "state": "passed",
              "speed": "fast",
              "pass": true,
              "fail": false,
              "pending": false,
              "context": null,
              "code": "_Methods.default.visit();\nCypress.on('uncaught:exception', (err, runnable) => {\n  return false;\n});\n_Methods.default.clickButton(_loginLocators.default.forgotPassword);\n_Methods.default.checkTextIsVisible('E-posta adresinizi girin ve yeni bir şifre oluşturmaya ilişkin talimatları size göndereceğiz.', true);",
              "err": {},
              "uuid": "3de18146-2d19-4276-88a0-0fab2244a6f9",
              "parentUUID": "1096c56b-7861-4846-827b-a6c781343abd",
              "isHook": false,
              "skipped": false
            },
            {
              "title": "06.Şifre kurtarma linkinin boş gönderilmesi",
              "fullTitle": "Login Page 06.Şifre kurtarma linkinin boş gönderilmesi",
              "timedOut": null,
              "duration": 3520,
              "state": "passed",
              "speed": "fast",
              "pass": true,
              "fail": false,
              "pending": false,
              "context": null,
              "code": "_Methods.default.visit();\nCypress.on('uncaught:exception', (err, runnable) => {\n  return false;\n});\n_Methods.default.clickButton(_loginLocators.default.forgotPassword);\n_Methods.default.clickButton(_loginLocators.default.sendRecoveryLink);\n_Methods.default.checkTextIsVisible('E-posta boş olamaz.', true);",
              "err": {},
              "uuid": "90b401d3-4969-4375-a86f-bf76d71ee5b9",
              "parentUUID": "1096c56b-7861-4846-827b-a6c781343abd",
              "isHook": false,
              "skipped": false
            },
            {
              "title": "07.Şifre kurtarma linkinin gönderilmesi",
              "fullTitle": "Login Page 07.Şifre kurtarma linkinin gönderilmesi",
              "timedOut": null,
              "duration": 7025,
              "state": "passed",
              "speed": "medium",
              "pass": true,
              "fail": false,
              "pending": false,
              "context": null,
              "code": "_Methods.default.visit();\nCypress.on('uncaught:exception', (err, runnable) => {\n  return false;\n});\n_Methods.default.clickButton(_loginLocators.default.forgotPassword);\n_Methods.default.clickButton(_loginLocators.default.loginUsername);\n_Methods.default.fillInput(_loginLocators.default.loginUsername, 'musavir.trch@outlook.com');\n_Methods.default.clickButton(_loginLocators.default.sendRecoveryLink);\n_Methods.default.wait(500);\n_Methods.default.checkTextIsVisible('Daha fazla talimatla kısa sürede bir e-posta almalısınız.', true);",
              "err": {},
              "uuid": "2a2bd3a7-d04e-48f3-b8bc-d478431ea46d",
              "parentUUID": "1096c56b-7861-4846-827b-a6c781343abd",
              "isHook": false,
              "skipped": false
            }
          ],
          "suites": [],
          "passes": [
            "6f9c9ab5-752b-4d85-adea-fdfd832a8ade",
            "a1c9d912-db1d-48dd-9656-b7ff35d822e1",
            "0ac3a93b-6f86-4fa9-b195-b344467f4efd",
            "84e4100c-23f3-4260-886e-6d292afef6f7",
            "3de18146-2d19-4276-88a0-0fab2244a6f9",
            "90b401d3-4969-4375-a86f-bf76d71ee5b9",
            "2a2bd3a7-d04e-48f3-b8bc-d478431ea46d"
          ],
          "failures": [],
          "pending": [],
          "skipped": [],
          "duration": 26225,
          "root": false,
          "rootEmpty": false,
          "_timeout": 2000
        }
      ],
      "passes": [],
      "failures": [],
      "pending": [],
      "skipped": [],
      "duration": 0,
      "root": true,
      "rootEmpty": true,
      "_timeout": 2000
    }
  ],
  "meta": {
    "mocha": {
      "version": "7.2.0"
    },
    "mochawesome": {
      "options": {
        "quiet": false,
        "reportFilename": "mochawesome",
        "saveHtml": false,
        "saveJson": true,
        "consoleReporter": "spec",
        "useInlineDiffs": false,
        "code": true
      },
      "version": "7.1.3"
    },
    "marge": {
      "options": {
        "id": "default",
        "reportDir": "report/json",
        "overwrite": "false",
        "html": "false",
        "json": "true"
      },
      "version": "6.2.0"
    }
  }
}