{
  "stats": {
    "suites": 1,
    "tests": 1,
    "passes": 1,
    "pending": 0,
    "failures": 0,
    "start": "2025-06-13T12:49:11.367Z",
    "end": "2025-06-13T12:49:14.032Z",
    "duration": 2665,
    "testsRegistered": 1,
    "passPercent": 100,
    "pendingPercent": 0,
    "other": 0,
    "hasOther": false,
    "skipped": 0,
    "hasSkipped": false
  },
  "results": [
    {
      "uuid": "06a05d1f-d890-4d88-b4e7-220e5d8d865d",
      "title": "",
      "fullFile": "cypress/e2e/excelUploadItem.cy.js",
      "file": "cypress/e2e/excelUploadItem.cy.js",
      "beforeHooks": [],
      "afterHooks": [],
      "tests": [],
      "suites": [
        {
          "uuid": "7a411b78-15a6-47d1-9f85-829eeb9e66d9",
          "title": "Excel Upload Item",
          "fullFile": "",
          "file": "",
          "beforeHooks": [],
          "afterHooks": [],
          "tests": [
            {
              "title": "Should get access token and delete commodities in single scenario",
              "fullTitle": "Excel Upload Item Should get access token and delete commodities in single scenario",
              "timedOut": null,
              "duration": 2656,
              "state": "passed",
              "speed": "fast",
              "pass": true,
              "fail": false,
              "pending": false,
              "context": null,
              "code": "let accessToken;\ncy.request({\n  method: 'POST',\n  url: `https://dev-kc.singlewindow.io/auth/realms/agsw/protocol/openid-connect/token`,\n  form: true,\n  body: {\n    grant_type: 'password',\n    username: 'musavir.trch@outlook.com',\n    password: 'test123',\n    client_id: 'product-catalog'\n  },\n  headers: {\n    'Content-Type': 'application/x-www-form-urlencoded'\n  }\n}).then(tokenResponse => {\n  expect(tokenResponse.status).to.eq(200);\n  expect(tokenResponse.body).to.have.property('access_token');\n  expect(tokenResponse.body).to.have.property('token_type', 'Bearer');\n  expect(tokenResponse.body).to.have.property('expires_in');\n  accessToken = tokenResponse.body.access_token;\n}).then(() => {\n  cy.request({\n    method: 'DELETE',\n    url: `https://test-productcatalog.singlewindow.io/api/v1-0/commodities/cleanup`,\n    qs: {\n      clientId: '3162'\n    },\n    headers: {\n      'Authorization': `Bearer ${accessToken}`,\n      'Content-Type': 'application/json'\n    }\n  }).then(deleteResponse => {\n    expect(deleteResponse.status).to.eq(204);\n  });\n});",
              "err": {},
              "uuid": "698781fd-a5e7-4e56-b304-4dd3821518a7",
              "parentUUID": "7a411b78-15a6-47d1-9f85-829eeb9e66d9",
              "isHook": false,
              "skipped": false
            }
          ],
          "suites": [],
          "passes": [
            "698781fd-a5e7-4e56-b304-4dd3821518a7"
          ],
          "failures": [],
          "pending": [],
          "skipped": [],
          "duration": 2656,
          "root": false,
          "rootEmpty": false,
          "_timeout": 2000
        }
      ],
      "passes": [],
      "failures": [],
      "pending": [],
      "skipped": [],
      "duration": 0,
      "root": true,
      "rootEmpty": true,
      "_timeout": 2000
    }
  ],
  "meta": {
    "mocha": {
      "version": "7.2.0"
    },
    "mochawesome": {
      "options": {
        "quiet": false,
        "reportFilename": "mochawesome",
        "saveHtml": false,
        "saveJson": true,
        "consoleReporter": "spec",
        "useInlineDiffs": false,
        "code": true
      },
      "version": "7.1.3"
    },
    "marge": {
      "options": {
        "id": "default",
        "reportDir": "report/json",
        "overwrite": "false",
        "html": "false",
        "json": "true"
      },
      "version": "6.2.0"
    }
  }
}