{
  "stats": {
    "suites": 1,
    "tests": 7,
    "passes": 7,
    "pending": 0,
    "failures": 0,
    "start": "2024-01-20T09:16:59.303Z",
    "end": "2024-01-20T09:17:18.413Z",
    "duration": 19110,
    "testsRegistered": 7,
    "passPercent": 100,
    "pendingPercent": 0,
    "other": 0,
    "hasOther": false,
    "skipped": 0,
    "hasSkipped": false
  },
  "results": [
    {
      "uuid": "b98b0035-4615-4bf7-a952-2ccc6634334d",
      "title": "",
      "fullFile": "cypress\\e2e\\loginPage.cy.js",
      "file": "cypress\\e2e\\loginPage.cy.js",
      "beforeHooks": [],
      "afterHooks": [],
      "tests": [],
      "suites": [
        {
          "uuid": "ffd405ea-d5f9-4764-b3af-a2ad1f833307",
          "title": "Login Page",
          "fullFile": "",
          "file": "",
          "beforeHooks": [],
          "afterHooks": [],
          "tests": [
            {
              "title": "01.Başarılı bir şekilde login yapmak",
              "fullTitle": "Login Page 01.Başarılı bir şekilde login yapmak",
              "timedOut": null,
              "duration": 5413,
              "state": "passed",
              "speed": "medium",
              "pass": true,
              "fail": false,
              "pending": false,
              "context": null,
              "code": "_Methods.default.visit();\nCypress.on('uncaught:exception', (err, runnable) => {\n  return false;\n});\n_Methods.default.clickButton(_loginLocators.default.loginUsername);\n_Methods.default.fillInput(_loginLocators.default.loginUsername, 'ali.dede@alidede.com');\n_Methods.default.fillInput(_loginLocators.default.loginPassword, 'qwer.123');\n_Methods.default.clickButton(_loginLocators.default.loginButton);\n_Methods.default.checkTextIsVisible('Ali Dede', true);",
              "err": {},
              "uuid": "2d052123-9676-4448-9836-d4c35f40dd7a",
              "parentUUID": "ffd405ea-d5f9-4764-b3af-a2ad1f833307",
              "isHook": false,
              "skipped": false
            },
            {
              "title": "02.Yanlış password ile sisteme giriş yapmak",
              "fullTitle": "Login Page 02.Yanlış password ile sisteme giriş yapmak",
              "timedOut": null,
              "duration": 2220,
              "state": "passed",
              "speed": "fast",
              "pass": true,
              "fail": false,
              "pending": false,
              "context": null,
              "code": "_Methods.default.visit();\nCypress.on('uncaught:exception', (err, runnable) => {\n  return false;\n});\n_Methods.default.clickButton(_loginLocators.default.loginUsername);\n_Methods.default.fillInput(_loginLocators.default.loginUsername, 'ali.dede@alidede.com');\n_Methods.default.fillInput(_loginLocators.default.loginPassword, 'L');\n_Methods.default.clickButton(_loginLocators.default.loginButton);\n_Methods.default.checkTextIsVisible('Invalid username or password.', true);",
              "err": {},
              "uuid": "7657bdc5-17f6-44d3-a5cd-0dde620a7180",
              "parentUUID": "ffd405ea-d5f9-4764-b3af-a2ad1f833307",
              "isHook": false,
              "skipped": false
            },
            {
              "title": "03.Null kullanıcı adı ve şifre ile giriş yapmak",
              "fullTitle": "Login Page 03.Null kullanıcı adı ve şifre ile giriş yapmak",
              "timedOut": null,
              "duration": 1676,
              "state": "passed",
              "speed": "fast",
              "pass": true,
              "fail": false,
              "pending": false,
              "context": null,
              "code": "_Methods.default.visit();\nCypress.on('uncaught:exception', (err, runnable) => {\n  return false;\n});\n_Methods.default.clickButton(_loginLocators.default.loginButton);\n_Methods.default.checkTextIsVisible('Invalid username or password.', true);",
              "err": {},
              "uuid": "96bf95d7-9b9f-4046-864b-f52526ea1abc",
              "parentUUID": "ffd405ea-d5f9-4764-b3af-a2ad1f833307",
              "isHook": false,
              "skipped": false
            },
            {
              "title": "04.Yanlış username ile giriş yapmak",
              "fullTitle": "Login Page 04.Yanlış username ile giriş yapmak",
              "timedOut": null,
              "duration": 1276,
              "state": "passed",
              "speed": "fast",
              "pass": true,
              "fail": false,
              "pending": false,
              "context": null,
              "code": "_Methods.default.visit();\nCypress.on('uncaught:exception', (err, runnable) => {\n  return false;\n});\n_Methods.default.clickButton(_loginLocators.default.loginUsername);\n_Methods.default.fillInput(_loginLocators.default.loginUsername, 'test@outlook.com');\n_Methods.default.fillInput(_loginLocators.default.loginPassword, 'qwer.123');\n_Methods.default.clickButton(_loginLocators.default.loginButton);\n_Methods.default.checkTextIsVisible('Invalid username or password.', true);",
              "err": {},
              "uuid": "da2b72ef-6e83-44e0-a269-eedc16e13ee8",
              "parentUUID": "ffd405ea-d5f9-4764-b3af-a2ad1f833307",
              "isHook": false,
              "skipped": false
            },
            {
              "title": "05.\"Parolanızı mı unuttunuz?\" textinin başarılı şekilde çalışması",
              "fullTitle": "Login Page 05.\"Parolanızı mı unuttunuz?\" textinin başarılı şekilde çalışması",
              "timedOut": null,
              "duration": 4057,
              "state": "passed",
              "speed": "fast",
              "pass": true,
              "fail": false,
              "pending": false,
              "context": null,
              "code": "_Methods.default.visit();\nCypress.on('uncaught:exception', (err, runnable) => {\n  return false;\n});\n_Methods.default.clickButton(_loginLocators.default.forgotPassword);\n_Methods.default.clickButton(_loginLocators.default.loginUsername);\n_Methods.default.fillInput(_loginLocators.default.loginUsername, 'ali.dede@alidede.com');\n_Methods.default.clickButton(_loginLocators.default.sendRecoveryLink);\n_Methods.default.checkTextIsVisible('You should receive an email shortly with further instructions.', true);",
              "err": {},
              "uuid": "7b5f7ef8-b190-4d43-9d69-f9a6d9d67f11",
              "parentUUID": "ffd405ea-d5f9-4764-b3af-a2ad1f833307",
              "isHook": false,
              "skipped": false
            },
            {
              "title": "06.Şifre kurtarma linkinin boş gönderilmesi",
              "fullTitle": "Login Page 06.Şifre kurtarma linkinin boş gönderilmesi",
              "timedOut": null,
              "duration": 1313,
              "state": "passed",
              "speed": "fast",
              "pass": true,
              "fail": false,
              "pending": false,
              "context": null,
              "code": "_Methods.default.visit();\nCypress.on('uncaught:exception', (err, runnable) => {\n  return false;\n});\n_Methods.default.clickButton(_loginLocators.default.forgotPassword);\n_Methods.default.clickButton(_loginLocators.default.sendRecoveryLink);\n_Methods.default.checkTextIsVisible('Please specify username.', true);",
              "err": {},
              "uuid": "4f82a2ad-f229-4357-b09c-ab914df69dd1",
              "parentUUID": "ffd405ea-d5f9-4764-b3af-a2ad1f833307",
              "isHook": false,
              "skipped": false
            },
            {
              "title": "07.Şifre kurtarma linkinin boş gönderilmesi",
              "fullTitle": "Login Page 07.Şifre kurtarma linkinin boş gönderilmesi",
              "timedOut": null,
              "duration": 2860,
              "state": "passed",
              "speed": "fast",
              "pass": true,
              "fail": false,
              "pending": false,
              "context": null,
              "code": "_Methods.default.visit();\nCypress.on('uncaught:exception', (err, runnable) => {\n  return false;\n});\n_Methods.default.clickButton(_loginLocators.default.forgotPassword);\n_Methods.default.clickButton(_loginLocators.default.loginUsername);\n_Methods.default.fillInput(_loginLocators.default.loginUsername, 'ali.dede@alidede.com');\n_Methods.default.clickButton(_loginLocators.default.sendRecoveryLink);\n_Methods.default.shouldHaveItem(_loginLocators.default.loginUsername);",
              "err": {},
              "uuid": "f5eaab0c-788e-467f-bf71-c3946d0fda88",
              "parentUUID": "ffd405ea-d5f9-4764-b3af-a2ad1f833307",
              "isHook": false,
              "skipped": false
            }
          ],
          "suites": [],
          "passes": [
            "2d052123-9676-4448-9836-d4c35f40dd7a",
            "7657bdc5-17f6-44d3-a5cd-0dde620a7180",
            "96bf95d7-9b9f-4046-864b-f52526ea1abc",
            "da2b72ef-6e83-44e0-a269-eedc16e13ee8",
            "7b5f7ef8-b190-4d43-9d69-f9a6d9d67f11",
            "4f82a2ad-f229-4357-b09c-ab914df69dd1",
            "f5eaab0c-788e-467f-bf71-c3946d0fda88"
          ],
          "failures": [],
          "pending": [],
          "skipped": [],
          "duration": 18815,
          "root": false,
          "rootEmpty": false,
          "_timeout": 2000
        }
      ],
      "passes": [],
      "failures": [],
      "pending": [],
      "skipped": [],
      "duration": 0,
      "root": true,
      "rootEmpty": true,
      "_timeout": 2000
    }
  ],
  "meta": {
    "mocha": {
      "version": "7.0.1"
    },
    "mochawesome": {
      "options": {
        "quiet": false,
        "reportFilename": "mochawesome",
        "saveHtml": true,
        "saveJson": true,
        "consoleReporter": "spec",
        "useInlineDiffs": false,
        "code": true
      },
      "version": "7.1.3"
    },
    "marge": {
      "options": null,
      "version": "6.2.0"
    }
  }
}